[INFO] 2019-04-30 20:52:15 RepositoriesSetter - {dataset/april-2019/jsoup} Cleaning local repository...
[INFO] 2019-04-30 20:52:15 RepositoriesSetter - Checkout 426ffe7870b937ef9cfa25ebe20e7a478493da99 revision...
[INFO] 2019-04-30 20:52:15 RepositoriesSetter - {dataset/april-2019/jsoup_parent} Cleaning local repository...
[INFO] 2019-04-30 20:52:15 RepositoriesSetter - Checkout 59f10777132745ec84eefad77dcabd2109947e97 revision...
2019-05-06 19:14:12,898 INFO eu.stamp_project.dci.repositories.RepositoriesSetter - {dataset/april-2019/jsoup} Cleaning local repository...
2019-05-06 19:14:12,993 INFO eu.stamp_project.dci.repositories.RepositoriesSetter - Checkout 426ffe7870b937ef9cfa25ebe20e7a478493da99 revision...
2019-05-06 19:14:13,047 INFO eu.stamp_project.dci.repositories.RepositoriesSetter - {dataset/april-2019/jsoup_parent} Cleaning local repository...
2019-05-06 19:14:13,070 INFO eu.stamp_project.dci.repositories.RepositoriesSetter - Checkout 59f10777132745ec84eefad77dcabd2109947e97 revision...
2019-05-06 20:08:21,297 INFO eu.stamp_project.dci.repositories.RepositoriesSetter - {dataset/april-2019/jsoup} Cleaning local repository...
2019-05-06 20:08:21,379 INFO eu.stamp_project.dci.repositories.RepositoriesSetter - Checkout 426ffe7870b937ef9cfa25ebe20e7a478493da99 revision...
2019-05-06 20:08:21,410 INFO eu.stamp_project.dci.repositories.RepositoriesSetter - {dataset/april-2019/jsoup_parent} Cleaning local repository...
2019-05-06 20:08:21,428 INFO eu.stamp_project.dci.repositories.RepositoriesSetter - Checkout 59f10777132745ec84eefad77dcabd2109947e97 revision...
2019-05-07 20:07:22,037 INFO eu.stamp_project.dci.repositories.RepositoriesSetter - {dataset/april-2019/jsoup} Cleaning local repository...
2019-05-07 20:07:22,133 INFO eu.stamp_project.dci.repositories.RepositoriesSetter - Checkout 426ffe7870b937ef9cfa25ebe20e7a478493da99 revision...
2019-05-07 20:07:22,163 INFO eu.stamp_project.dci.repositories.RepositoriesSetter - {dataset/april-2019/jsoup_parent} Cleaning local repository...
2019-05-07 20:07:22,185 INFO eu.stamp_project.dci.repositories.RepositoriesSetter - Checkout 59f10777132745ec84eefad77dcabd2109947e97 revision...
2019-05-07 20:07:29,680 INFO eu.stamp_project.dci.repositories.RepositoriesSetter - {dataset/april-2019/jsoup} Cleaning local repository...
2019-05-07 20:07:29,760 INFO eu.stamp_project.dci.repositories.RepositoriesSetter - Checkout 426ffe7870b937ef9cfa25ebe20e7a478493da99 revision...
2019-05-07 20:07:29,786 INFO eu.stamp_project.dci.repositories.RepositoriesSetter - {dataset/april-2019/jsoup_parent} Cleaning local repository...
2019-05-07 20:07:29,803 INFO eu.stamp_project.dci.repositories.RepositoriesSetter - Checkout 59f10777132745ec84eefad77dcabd2109947e97 revision...
