[INFO] 2018-08-15 11:23:59 PitMutantScoreSelector - The original test suite kill 0 / 3521
[WARN] 2018-08-15 11:23:59 AutomaticBuilderFactory - automaticBuilderName: unknown automatic builder specified in configuration, going to default.
[INFO] 2018-08-15 11:23:59 AutomaticBuilderFactory - Default: provided Maven automatic builder.
[INFO] 2018-08-15 11:23:59 MavenAutomaticBuilder - run maven clean test -DskipTests dependency:build-classpath -Dmdep.outputFile=target/dspot/classpath
[WARN] Maven will be executed in interactive mode, but no input stream has been configured for this MavenInvoker instance.
[INFO] Scanning for projects...
[WARNING] 
[WARNING] Some problems were encountered while building the effective model for com.squareup.retrofit2:retrofit:jar:2.4.1-SNAPSHOT
[WARNING] 'build.plugins.plugin.version' for org.apache.maven.plugins:maven-jar-plugin is missing. @ com.squareup.retrofit2:retrofit:[unknown-version], /tmp/dspot-experiments/dataset/retrofit/retrofit/pom.xml, line 73, column 15
[WARNING] 
[WARNING] It is highly recommended to fix these problems because they threaten the stability of your build.
[WARNING] 
[WARNING] For this reason, future Maven versions might no longer support building such malformed projects.
[WARNING] 
[INFO]                                                                         
[INFO] ------------------------------------------------------------------------
[INFO] Building Retrofit 2.4.1-SNAPSHOT
[INFO] ------------------------------------------------------------------------
[INFO] 
[INFO] --- maven-clean-plugin:2.5:clean (default-clean) @ retrofit ---
[INFO] Deleting /tmp/dspot-experiments/dataset/retrofit/retrofit/target
[INFO] 
[INFO] --- maven-enforcer-plugin:1.0:enforce (enforce-maven) @ retrofit ---
[INFO] Skipping Rule Enforcement.
[INFO] 
[INFO] --- maven-resources-plugin:2.6:resources (default-resources) @ retrofit ---
[INFO] Using 'UTF-8' encoding to copy filtered resources.
[INFO] Copying 1 resource
[INFO] 
[INFO] --- maven-compiler-plugin:3.6.1:compile (default-compile) @ retrofit ---
[INFO] Changes detected - recompiling the module!
[INFO] Compiling 44 source files to /tmp/dspot-experiments/dataset/retrofit/retrofit/target/classes
Note: Some input files use unchecked or unsafe operations.
Note: Recompile with -Xlint:unchecked for details.
[INFO] 
[INFO] --- maven-resources-plugin:2.6:testResources (default-testResources) @ retrofit ---
[INFO] Using 'UTF-8' encoding to copy filtered resources.
[INFO] skip non existing resourceDirectory /tmp/dspot-experiments/dataset/retrofit/retrofit/src/test/resources
[INFO] 
[INFO] --- maven-compiler-plugin:3.6.1:testCompile (default-testCompile) @ retrofit ---
[INFO] Changes detected - recompiling the module!
[INFO] Compiling 16 source files to /tmp/dspot-experiments/dataset/retrofit/retrofit/target/test-classes
Note: /tmp/dspot-experiments/dataset/retrofit/retrofit/src/test/java/retrofit2/RetrofitTest.java uses unchecked or unsafe operations.
Note: Recompile with -Xlint:unchecked for details.
[INFO] 
[INFO] --- maven-surefire-plugin:2.12.4:test (default-test) @ retrofit ---
[INFO] Tests are skipped.
[INFO] 
[INFO] --- animal-sniffer-maven-plugin:1.14:check (default) @ retrofit ---
[INFO] Checking unresolved references to org.codehaus.mojo.signature:java16:1.1
[INFO] 
[INFO] --- maven-dependency-plugin:2.8:build-classpath (default-cli) @ retrofit ---
[INFO] Wrote classpath file '/tmp/dspot-experiments/dataset/retrofit/retrofit/target/dspot/classpath'.
[INFO] ------------------------------------------------------------------------
[INFO] BUILD SUCCESS
[INFO] ------------------------------------------------------------------------
[INFO] Total time: 10.429 s
[INFO] Finished at: 2018-08-15T11:24:11+02:00
[INFO] Final Memory: 26M/561M
[INFO] ------------------------------------------------------------------------
Exception in thread "main" java.lang.NullPointerException
	at eu.stamp_project.dspot.DSpot.amplifyTest(DSpot.java:156)
	at eu.stamp_project.Main.lambda$run$1(Main.java:69)
	at java.util.stream.ReferencePipeline$3$1.accept(ReferencePipeline.java:193)
	at java.util.Spliterators$ArraySpliterator.forEachRemaining(Spliterators.java:948)
	at java.util.stream.AbstractPipeline.copyInto(AbstractPipeline.java:481)
	at java.util.stream.AbstractPipeline.wrapAndCopyInto(AbstractPipeline.java:471)
	at java.util.stream.ReduceOps$ReduceOp.evaluateSequential(ReduceOps.java:708)
	at java.util.stream.AbstractPipeline.evaluate(AbstractPipeline.java:234)
	at java.util.stream.ReferencePipeline.collect(ReferencePipeline.java:499)
	at eu.stamp_project.Main.run(Main.java:71)
	at eu.stamp_project.Main.main(Main.java:40)
