[INFO] 2019-04-18 20:40:24 RepositoriesSetter - {dataset/april-2019/commons-lang} Cleaning local repository...
[INFO] 2019-04-18 20:40:24 RepositoriesSetter - Checkout f56931c176fef5e164b681c740746aebdccccec3 revision...
[INFO] 2019-04-18 20:40:24 RepositoriesSetter - {dataset/april-2019/commons-lang_parent} Cleaning local repository...
[INFO] 2019-04-18 20:40:24 RepositoriesSetter - Checkout ae6a24dd439a7b778e35b484a3a6eae1a8eb64d7 revision...
2019-04-26 15:40:05,998 INFO eu.stamp_project.dci.repositories.RepositoriesSetter - {dataset/april-2019/commons-lang} Cleaning local repository...
2019-04-26 15:40:06,180 INFO eu.stamp_project.dci.repositories.RepositoriesSetter - Checkout f56931c176fef5e164b681c740746aebdccccec3 revision...
2019-04-26 15:40:06,341 INFO eu.stamp_project.dci.repositories.RepositoriesSetter - {dataset/april-2019/commons-lang_parent} Cleaning local repository...
2019-04-26 15:40:06,382 INFO eu.stamp_project.dci.repositories.RepositoriesSetter - Checkout ae6a24dd439a7b778e35b484a3a6eae1a8eb64d7 revision...
2019-05-04 07:25:28,021 INFO eu.stamp_project.dci.repositories.RepositoriesSetter - {dataset/april-2019/commons-lang} Cleaning local repository...
2019-05-04 07:25:28,212 INFO eu.stamp_project.dci.repositories.RepositoriesSetter - Checkout f56931c176fef5e164b681c740746aebdccccec3 revision...
2019-05-04 07:25:28,369 INFO eu.stamp_project.dci.repositories.RepositoriesSetter - {dataset/april-2019/commons-lang_parent} Cleaning local repository...
2019-05-04 07:25:28,436 INFO eu.stamp_project.dci.repositories.RepositoriesSetter - Checkout ae6a24dd439a7b778e35b484a3a6eae1a8eb64d7 revision...
2019-05-08 19:22:46,259 INFO eu.stamp_project.dci.repositories.RepositoriesSetter - {dataset/april-2019/commons-lang} Cleaning local repository...
2019-05-08 19:22:46,444 INFO eu.stamp_project.dci.repositories.RepositoriesSetter - Checkout f56931c176fef5e164b681c740746aebdccccec3 revision...
2019-05-08 19:22:46,592 INFO eu.stamp_project.dci.repositories.RepositoriesSetter - {dataset/april-2019/commons-lang_parent} Cleaning local repository...
2019-05-08 19:22:46,658 INFO eu.stamp_project.dci.repositories.RepositoriesSetter - Checkout ae6a24dd439a7b778e35b484a3a6eae1a8eb64d7 revision...
2019-05-23 21:25:44,572 INFO eu.stamp_project.dci.repositories.RepositoriesSetter - {dataset/april-2019/commons-lang} Cleaning local repository...
2019-05-23 21:25:44,727 INFO eu.stamp_project.dci.repositories.RepositoriesSetter - Checkout f56931c176fef5e164b681c740746aebdccccec3 revision...
2019-05-23 21:25:44,860 INFO eu.stamp_project.dci.repositories.RepositoriesSetter - {dataset/april-2019/commons-lang_parent} Cleaning local repository...
2019-05-23 21:25:44,917 INFO eu.stamp_project.dci.repositories.RepositoriesSetter - Checkout ae6a24dd439a7b778e35b484a3a6eae1a8eb64d7 revision...
