[INFO] 2019-04-20 06:17:31 RepositoriesSetter - {dataset/april-2019/commons-lang} Cleaning local repository...
[INFO] 2019-04-20 06:17:31 RepositoriesSetter - Checkout 3fadfdd69f4682f05563ce53e55743f55813f488 revision...
[INFO] 2019-04-20 06:17:31 RepositoriesSetter - {dataset/april-2019/commons-lang_parent} Cleaning local repository...
[INFO] 2019-04-20 06:17:31 RepositoriesSetter - Checkout e7d16c27629722a93a9d36a0b5e0a3a793850544 revision...
2019-04-26 17:29:40,422 INFO eu.stamp_project.dci.repositories.RepositoriesSetter - {dataset/april-2019/commons-lang} Cleaning local repository...
2019-04-26 17:29:40,644 INFO eu.stamp_project.dci.repositories.RepositoriesSetter - Checkout 3fadfdd69f4682f05563ce53e55743f55813f488 revision...
2019-04-26 17:29:40,784 INFO eu.stamp_project.dci.repositories.RepositoriesSetter - {dataset/april-2019/commons-lang_parent} Cleaning local repository...
2019-04-26 17:29:40,865 INFO eu.stamp_project.dci.repositories.RepositoriesSetter - Checkout e7d16c27629722a93a9d36a0b5e0a3a793850544 revision...
2019-04-30 17:53:57,086 INFO eu.stamp_project.dci.repositories.RepositoriesSetter - {dataset/april-2019/commons-lang} Cleaning local repository...
2019-04-30 17:53:57,335 INFO eu.stamp_project.dci.repositories.RepositoriesSetter - Checkout 3fadfdd69f4682f05563ce53e55743f55813f488 revision...
2019-04-30 17:53:57,574 INFO eu.stamp_project.dci.repositories.RepositoriesSetter - {dataset/april-2019/commons-lang_parent} Cleaning local repository...
2019-04-30 17:53:57,666 INFO eu.stamp_project.dci.repositories.RepositoriesSetter - Checkout e7d16c27629722a93a9d36a0b5e0a3a793850544 revision...
2019-05-09 22:03:29,711 INFO eu.stamp_project.dci.repositories.RepositoriesSetter - {dataset/april-2019/commons-lang} Cleaning local repository...
2019-05-09 22:03:29,854 INFO eu.stamp_project.dci.repositories.RepositoriesSetter - Checkout 3fadfdd69f4682f05563ce53e55743f55813f488 revision...
2019-05-09 22:03:29,993 INFO eu.stamp_project.dci.repositories.RepositoriesSetter - {dataset/april-2019/commons-lang_parent} Cleaning local repository...
2019-05-09 22:03:30,051 INFO eu.stamp_project.dci.repositories.RepositoriesSetter - Checkout e7d16c27629722a93a9d36a0b5e0a3a793850544 revision...
2019-05-16 16:08:58,472 INFO eu.stamp_project.dci.repositories.RepositoriesSetter - {dataset/april-2019/commons-lang} Cleaning local repository...
2019-05-16 16:08:58,650 INFO eu.stamp_project.dci.repositories.RepositoriesSetter - Checkout 3fadfdd69f4682f05563ce53e55743f55813f488 revision...
2019-05-16 16:08:58,805 INFO eu.stamp_project.dci.repositories.RepositoriesSetter - {dataset/april-2019/commons-lang_parent} Cleaning local repository...
2019-05-16 16:08:58,870 INFO eu.stamp_project.dci.repositories.RepositoriesSetter - Checkout e7d16c27629722a93a9d36a0b5e0a3a793850544 revision...
2019-05-16 16:09:38,200 INFO eu.stamp_project.dci.repositories.RepositoriesSetter - {dataset/april-2019/commons-lang} Cleaning local repository...
2019-05-16 16:09:38,385 INFO eu.stamp_project.dci.repositories.RepositoriesSetter - Checkout 3fadfdd69f4682f05563ce53e55743f55813f488 revision...
2019-05-16 16:09:38,455 INFO eu.stamp_project.dci.repositories.RepositoriesSetter - {dataset/april-2019/commons-lang_parent} Cleaning local repository...
2019-05-16 16:09:38,524 INFO eu.stamp_project.dci.repositories.RepositoriesSetter - Checkout e7d16c27629722a93a9d36a0b5e0a3a793850544 revision...
