[INFO] 2019-04-20 08:28:31 RepositoriesSetter - {dataset/april-2019/commons-lang} Cleaning local repository...
[INFO] 2019-04-20 08:28:32 RepositoriesSetter - Checkout 50ce8c44e1601acffa39f5568f0fc140aade0564 revision...
[INFO] 2019-04-20 08:28:32 RepositoriesSetter - {dataset/april-2019/commons-lang_parent} Cleaning local repository...
[INFO] 2019-04-20 08:28:32 RepositoriesSetter - Checkout cb686673a70a6f14c35575550c48c37d19a1598b revision...
2019-04-27 14:08:10,731 INFO eu.stamp_project.dci.repositories.RepositoriesSetter - {dataset/april-2019/commons-lang} Cleaning local repository...
2019-04-27 14:08:10,893 INFO eu.stamp_project.dci.repositories.RepositoriesSetter - Checkout 50ce8c44e1601acffa39f5568f0fc140aade0564 revision...
2019-04-27 14:08:11,003 INFO eu.stamp_project.dci.repositories.RepositoriesSetter - {dataset/april-2019/commons-lang_parent} Cleaning local repository...
2019-04-27 14:08:11,065 INFO eu.stamp_project.dci.repositories.RepositoriesSetter - Checkout cb686673a70a6f14c35575550c48c37d19a1598b revision...
2019-04-29 08:37:31,447 INFO eu.stamp_project.dci.repositories.RepositoriesSetter - {dataset/april-2019/commons-lang} Cleaning local repository...
2019-04-29 08:37:31,640 INFO eu.stamp_project.dci.repositories.RepositoriesSetter - Checkout 50ce8c44e1601acffa39f5568f0fc140aade0564 revision...
2019-04-29 08:37:31,741 INFO eu.stamp_project.dci.repositories.RepositoriesSetter - {dataset/april-2019/commons-lang_parent} Cleaning local repository...
2019-04-29 08:37:31,782 INFO eu.stamp_project.dci.repositories.RepositoriesSetter - Checkout cb686673a70a6f14c35575550c48c37d19a1598b revision...
2019-05-09 09:23:34,246 INFO eu.stamp_project.dci.repositories.RepositoriesSetter - {dataset/april-2019/commons-lang} Cleaning local repository...
2019-05-09 09:23:34,423 INFO eu.stamp_project.dci.repositories.RepositoriesSetter - Checkout 50ce8c44e1601acffa39f5568f0fc140aade0564 revision...
2019-05-09 09:23:34,516 INFO eu.stamp_project.dci.repositories.RepositoriesSetter - {dataset/april-2019/commons-lang_parent} Cleaning local repository...
2019-05-09 09:23:34,566 INFO eu.stamp_project.dci.repositories.RepositoriesSetter - Checkout cb686673a70a6f14c35575550c48c37d19a1598b revision...
2019-05-09 13:06:18,568 INFO eu.stamp_project.dci.repositories.RepositoriesSetter - {dataset/april-2019/commons-lang} Cleaning local repository...
2019-05-09 13:06:18,672 INFO eu.stamp_project.dci.repositories.RepositoriesSetter - Checkout 50ce8c44e1601acffa39f5568f0fc140aade0564 revision...
2019-05-09 13:06:18,749 INFO eu.stamp_project.dci.repositories.RepositoriesSetter - {dataset/april-2019/commons-lang_parent} Cleaning local repository...
2019-05-09 13:06:18,773 INFO eu.stamp_project.dci.repositories.RepositoriesSetter - Checkout cb686673a70a6f14c35575550c48c37d19a1598b revision...
