[INFO] 2019-04-18 20:48:00 RepositoriesSetter - {dataset/april-2019/gson} Cleaning local repository...
[INFO] 2019-04-18 20:48:00 RepositoriesSetter - Checkout b1fb9ca9a1bea5440bc6a5b506ccf67236b08243 revision...
[INFO] 2019-04-18 20:48:00 RepositoriesSetter - {dataset/april-2019/gson_parent} Cleaning local repository...
[INFO] 2019-04-18 20:48:00 RepositoriesSetter - Checkout 08bbb226f11a1f7f76835f953e700d905e1fab4d revision...
2019-04-29 17:50:28,869 INFO eu.stamp_project.dci.repositories.RepositoriesSetter - {dataset/april-2019/gson} Cleaning local repository...
2019-04-29 17:50:29,043 INFO eu.stamp_project.dci.repositories.RepositoriesSetter - Checkout b1fb9ca9a1bea5440bc6a5b506ccf67236b08243 revision...
2019-04-29 17:50:29,149 INFO eu.stamp_project.dci.repositories.RepositoriesSetter - {dataset/april-2019/gson_parent} Cleaning local repository...
2019-04-29 17:50:29,194 INFO eu.stamp_project.dci.repositories.RepositoriesSetter - Checkout 08bbb226f11a1f7f76835f953e700d905e1fab4d revision...
2019-05-03 15:33:50,272 INFO eu.stamp_project.dci.repositories.RepositoriesSetter - {dataset/april-2019/gson} Cleaning local repository...
2019-05-03 15:33:50,373 INFO eu.stamp_project.dci.repositories.RepositoriesSetter - Checkout b1fb9ca9a1bea5440bc6a5b506ccf67236b08243 revision...
2019-05-03 15:33:50,430 INFO eu.stamp_project.dci.repositories.RepositoriesSetter - {dataset/april-2019/gson_parent} Cleaning local repository...
2019-05-03 15:33:50,463 INFO eu.stamp_project.dci.repositories.RepositoriesSetter - Checkout 08bbb226f11a1f7f76835f953e700d905e1fab4d revision...
2019-05-09 20:21:57,656 INFO eu.stamp_project.dci.repositories.RepositoriesSetter - {dataset/april-2019/gson} Cleaning local repository...
2019-05-09 20:21:57,766 INFO eu.stamp_project.dci.repositories.RepositoriesSetter - Checkout b1fb9ca9a1bea5440bc6a5b506ccf67236b08243 revision...
2019-05-09 20:21:57,824 INFO eu.stamp_project.dci.repositories.RepositoriesSetter - {dataset/april-2019/gson_parent} Cleaning local repository...
2019-05-09 20:21:57,857 INFO eu.stamp_project.dci.repositories.RepositoriesSetter - Checkout 08bbb226f11a1f7f76835f953e700d905e1fab4d revision...
2019-05-17 19:54:44,759 INFO eu.stamp_project.dci.repositories.RepositoriesSetter - {dataset/april-2019/gson} Cleaning local repository...
2019-05-17 19:54:44,879 INFO eu.stamp_project.dci.repositories.RepositoriesSetter - Checkout b1fb9ca9a1bea5440bc6a5b506ccf67236b08243 revision...
2019-05-17 19:54:44,956 INFO eu.stamp_project.dci.repositories.RepositoriesSetter - {dataset/april-2019/gson_parent} Cleaning local repository...
2019-05-17 19:54:45,013 INFO eu.stamp_project.dci.repositories.RepositoriesSetter - Checkout 08bbb226f11a1f7f76835f953e700d905e1fab4d revision...
2019-05-17 22:39:57,382 INFO eu.stamp_project.dci.repositories.RepositoriesSetter - {dataset/april-2019/gson} Cleaning local repository...
2019-05-17 22:39:57,493 INFO eu.stamp_project.dci.repositories.RepositoriesSetter - Checkout b1fb9ca9a1bea5440bc6a5b506ccf67236b08243 revision...
2019-05-17 22:39:57,540 INFO eu.stamp_project.dci.repositories.RepositoriesSetter - {dataset/april-2019/gson_parent} Cleaning local repository...
2019-05-17 22:39:57,568 INFO eu.stamp_project.dci.repositories.RepositoriesSetter - Checkout 08bbb226f11a1f7f76835f953e700d905e1fab4d revision...
