Apache Maven 3.3.9
Maven home: /usr/share/maven
Java version: 1.8.0_212, vendor: Oracle Corporation
Java home: /usr/lib/jvm/java-8-openjdk-amd64/jre
Default locale: en_US, platform encoding: UTF-8
OS name: "linux", version: "4.9.0-8-amd64", arch: "amd64", family: "unix"
[DEBUG] Created new class realm maven.api
[DEBUG] Importing foreign packages into class realm maven.api
[DEBUG]   Imported: javax.enterprise.inject.* < plexus.core
[DEBUG]   Imported: javax.enterprise.util.* < plexus.core
[DEBUG]   Imported: javax.inject.* < plexus.core
[DEBUG]   Imported: org.apache.maven.* < plexus.core
[DEBUG]   Imported: org.apache.maven.artifact < plexus.core
[DEBUG]   Imported: org.apache.maven.classrealm < plexus.core
[DEBUG]   Imported: org.apache.maven.cli < plexus.core
[DEBUG]   Imported: org.apache.maven.configuration < plexus.core
[DEBUG]   Imported: org.apache.maven.exception < plexus.core
[DEBUG]   Imported: org.apache.maven.execution < plexus.core
[DEBUG]   Imported: org.apache.maven.execution.scope < plexus.core
[DEBUG]   Imported: org.apache.maven.lifecycle < plexus.core
[DEBUG]   Imported: org.apache.maven.model < plexus.core
[DEBUG]   Imported: org.apache.maven.monitor < plexus.core
[DEBUG]   Imported: org.apache.maven.plugin < plexus.core
[DEBUG]   Imported: org.apache.maven.profiles < plexus.core
[DEBUG]   Imported: org.apache.maven.project < plexus.core
[DEBUG]   Imported: org.apache.maven.reporting < plexus.core
[DEBUG]   Imported: org.apache.maven.repository < plexus.core
[DEBUG]   Imported: org.apache.maven.rtinfo < plexus.core
[DEBUG]   Imported: org.apache.maven.settings < plexus.core
[DEBUG]   Imported: org.apache.maven.toolchain < plexus.core
[DEBUG]   Imported: org.apache.maven.usability < plexus.core
[DEBUG]   Imported: org.apache.maven.wagon.* < plexus.core
[DEBUG]   Imported: org.apache.maven.wagon.authentication < plexus.core
[DEBUG]   Imported: org.apache.maven.wagon.authorization < plexus.core
[DEBUG]   Imported: org.apache.maven.wagon.events < plexus.core
[DEBUG]   Imported: org.apache.maven.wagon.observers < plexus.core
[DEBUG]   Imported: org.apache.maven.wagon.proxy < plexus.core
[DEBUG]   Imported: org.apache.maven.wagon.repository < plexus.core
[DEBUG]   Imported: org.apache.maven.wagon.resource < plexus.core
[DEBUG]   Imported: org.codehaus.classworlds < plexus.core
[DEBUG]   Imported: org.codehaus.plexus.* < plexus.core
[DEBUG]   Imported: org.codehaus.plexus.classworlds < plexus.core
[DEBUG]   Imported: org.codehaus.plexus.component < plexus.core
[DEBUG]   Imported: org.codehaus.plexus.configuration < plexus.core
[DEBUG]   Imported: org.codehaus.plexus.container < plexus.core
[DEBUG]   Imported: org.codehaus.plexus.context < plexus.core
[DEBUG]   Imported: org.codehaus.plexus.lifecycle < plexus.core
[DEBUG]   Imported: org.codehaus.plexus.logging < plexus.core
[DEBUG]   Imported: org.codehaus.plexus.personality < plexus.core
[DEBUG]   Imported: org.codehaus.plexus.util.xml.Xpp3Dom < plexus.core
[DEBUG]   Imported: org.codehaus.plexus.util.xml.pull.XmlPullParser < plexus.core
[DEBUG]   Imported: org.codehaus.plexus.util.xml.pull.XmlPullParserException < plexus.core
[DEBUG]   Imported: org.codehaus.plexus.util.xml.pull.XmlSerializer < plexus.core
[DEBUG]   Imported: org.eclipse.aether.* < plexus.core
[DEBUG]   Imported: org.eclipse.aether.artifact < plexus.core
[DEBUG]   Imported: org.eclipse.aether.collection < plexus.core
[DEBUG]   Imported: org.eclipse.aether.deployment < plexus.core
[DEBUG]   Imported: org.eclipse.aether.graph < plexus.core
[DEBUG]   Imported: org.eclipse.aether.impl < plexus.core
[DEBUG]   Imported: org.eclipse.aether.installation < plexus.core
[DEBUG]   Imported: org.eclipse.aether.internal.impl < plexus.core
[DEBUG]   Imported: org.eclipse.aether.metadata < plexus.core
[DEBUG]   Imported: org.eclipse.aether.repository < plexus.core
[DEBUG]   Imported: org.eclipse.aether.resolution < plexus.core
[DEBUG]   Imported: org.eclipse.aether.spi < plexus.core
[DEBUG]   Imported: org.eclipse.aether.transfer < plexus.core
[DEBUG]   Imported: org.eclipse.aether.version < plexus.core
[DEBUG]   Imported: org.slf4j.* < plexus.core
[DEBUG]   Imported: org.slf4j.helpers.* < plexus.core
[DEBUG]   Imported: org.slf4j.spi.* < plexus.core
[DEBUG] Populating class realm maven.api
[INFO] Error stacktraces are turned on.
[DEBUG] Reading global settings from /usr/share/maven/conf/settings.xml
[DEBUG] Reading user settings from /home/bedanglot/.m2/settings.xml
[DEBUG] Reading global toolchains from /usr/share/maven/conf/toolchains.xml
[DEBUG] Reading user toolchains from /home/bedanglot/.m2/toolchains.xml
[DEBUG] Using local repository at /home/bedanglot/.m2/repository
[DEBUG] Using manager EnhancedLocalRepositoryManager with priority 10.0 for /home/bedanglot/.m2/repository
[INFO] Scanning for projects...
[DEBUG] Extension realms for project org.xwiki.commons:xwiki-commons-component-api:jar:9.12-SNAPSHOT: (none)
[DEBUG] Looking up lifecyle mappings for packaging jar from ClassRealm[plexus.core, parent: null]
[DEBUG] Extension realms for project org.xwiki.commons:xwiki-commons-component:pom:9.12-SNAPSHOT: (none)
[DEBUG] Looking up lifecyle mappings for packaging pom from ClassRealm[plexus.core, parent: null]
[DEBUG] Extension realms for project org.xwiki.commons:xwiki-commons-core:pom:9.12-SNAPSHOT: (none)
[DEBUG] Looking up lifecyle mappings for packaging pom from ClassRealm[plexus.core, parent: null]
[DEBUG] Extension realms for project org.xwiki.commons:xwiki-commons-pom:pom:9.12-SNAPSHOT: (none)
[DEBUG] Looking up lifecyle mappings for packaging pom from ClassRealm[plexus.core, parent: null]
[DEBUG] Extension realms for project org.xwiki.commons:xwiki-commons:pom:9.12-SNAPSHOT: (none)
[DEBUG] Looking up lifecyle mappings for packaging pom from ClassRealm[plexus.core, parent: null]
[DEBUG] === REACTOR BUILD PLAN ================================================
[DEBUG] Project: org.xwiki.commons:xwiki-commons-component-api:jar:9.12-SNAPSHOT
[DEBUG] Tasks:   [eu.stamp-project:dspot-maven:2.1.1-SNAPSHOT:amplify-unit-tests]
[DEBUG] Style:   Regular
[DEBUG] =======================================================================
[INFO]                                                                         
[INFO] ------------------------------------------------------------------------
[INFO] Building XWiki Commons - Component - API 9.12-SNAPSHOT
[INFO] ------------------------------------------------------------------------
[DEBUG] Lifecycle default -> [validate, initialize, generate-sources, process-sources, generate-resources, process-resources, compile, process-classes, generate-test-sources, process-test-sources, generate-test-resources, process-test-resources, test-compile, process-test-classes, test, prepare-package, package, pre-integration-test, integration-test, post-integration-test, verify, install, deploy]
[DEBUG] Lifecycle clean -> [pre-clean, clean, post-clean]
[DEBUG] Lifecycle site -> [pre-site, site, post-site, site-deploy]
[DEBUG] === PROJECT BUILD PLAN ================================================
[DEBUG] Project:       org.xwiki.commons:xwiki-commons-component-api:9.12-SNAPSHOT
[DEBUG] Dependencies (collect): []
[DEBUG] Dependencies (resolve): [test]
[DEBUG] Repositories (dependencies): [central (https://repo.maven.apache.org/maven2, default, releases)]
[DEBUG] Repositories (plugins)     : [central (https://repo.maven.apache.org/maven2, default, releases)]
[DEBUG] -----------------------------------------------------------------------
[DEBUG] Goal:          eu.stamp-project:dspot-maven:2.1.1-SNAPSHOT:amplify-unit-tests (default-cli)
[DEBUG] Style:         Regular
[DEBUG] Configuration: <?xml version="1.0" encoding="UTF-8"?>
<configuration>
  <allowPathInAssertions default-value="false">${allow-path-in-assertions}</allowPathInAssertions>
  <amplifiers default-value="None">${amplifiers}</amplifiers>
  <automaticBuilder default-value="MavenBuilder">${automatic-builder}</automaticBuilder>
  <budgetizer default-value="RandomBudgetizer">${budgetizer}</budgetizer>
  <cases>${cases}</cases>
  <clean default-value="false">${clean}</clean>
  <descartes default-value="true">${descartes}</descartes>
  <example default-value="false">${example}</example>
  <generateNewTestClass default-value="false">${generate-new-test-class}</generateNewTestClass>
  <help default-value="false">${help}</help>
  <iteration default-value="3">${iteration}</iteration>
  <keepOriginalTestMethods default-value="false">${keep-original-test-methods}</keepOriginalTestMethods>
  <mavenHome>${maven-home}</mavenHome>
  <maxTestAmplified default-value="200">${max-test-amplified}</maxTestAmplified>
  <noMinimize default-value="false">${no-minimize}</noMinimize>
  <outputPath default-value="target/dspot/output">${output-path}</outputPath>
  <pathPitResult>${path-pit-result}</pathPitResult>
  <pathToProperties default-value="">${path-to-properties}</pathToProperties>
  <pathToSecondVersion default-value="">${path-to-second-version}</pathToSecondVersion>
  <pathToTestListCsv default-value="">${path-to-test-list-csv}</pathToTestListCsv>
  <project default-value="${project}"/>
  <randomSeed default-value="23">${randomSeed}</randomSeed>
  <targetOneTestClass default-value="false">${targetOneTestClass}</targetOneTestClass>
  <test default-value="all">${test}</test>
  <testCriterion default-value="PitMutantScoreSelector">${test-criterion}</testCriterion>
  <timeOut default-value="10000">${timeOut}</timeOut>
  <useMavenToExeTest default-value="false">${use-maven-to-exe-test}</useMavenToExeTest>
  <verbose default-value="false">${verbose}</verbose>
  <withComment default-value="false">${with-comment}</withComment>
  <workingDirectory default-value="false">${working-directory}</workingDirectory>
</configuration>
[DEBUG] =======================================================================
[DEBUG] Could not find metadata org.xwiki.commons:xwiki-commons-stability:9.12-SNAPSHOT/maven-metadata.xml in local (/home/bedanglot/.m2/repository)
[DEBUG] Could not find metadata org.xwiki.commons:xwiki-commons-stability:9.12-SNAPSHOT/maven-metadata.xml in local (/home/bedanglot/.m2/repository)
[WARNING] The POM for org.xwiki.commons:xwiki-commons-stability:jar:9.12-SNAPSHOT is missing, no dependency information available
[DEBUG] Could not find metadata org.xwiki.commons:xwiki-commons-text:9.12-SNAPSHOT/maven-metadata.xml in local (/home/bedanglot/.m2/repository)
[DEBUG] Could not find metadata org.xwiki.commons:xwiki-commons-text:9.12-SNAPSHOT/maven-metadata.xml in local (/home/bedanglot/.m2/repository)
[WARNING] The POM for org.xwiki.commons:xwiki-commons-text:jar:9.12-SNAPSHOT is missing, no dependency information available
[DEBUG] Could not find metadata org.xwiki.commons:xwiki-commons-tool-test-simple:9.12-SNAPSHOT/maven-metadata.xml in local (/home/bedanglot/.m2/repository)
[DEBUG] Could not find metadata org.xwiki.commons:xwiki-commons-tool-test-simple:9.12-SNAPSHOT/maven-metadata.xml in local (/home/bedanglot/.m2/repository)
[WARNING] The POM for org.xwiki.commons:xwiki-commons-tool-test-simple:jar:9.12-SNAPSHOT is missing, no dependency information available
[DEBUG] Dependency collection stats: {ConflictMarker.analyzeTime=0, ConflictMarker.markTime=0, ConflictMarker.nodeCount=6, ConflictIdSorter.graphTime=0, ConflictIdSorter.topsortTime=0, ConflictIdSorter.conflictIdCount=5, ConflictIdSorter.conflictIdCycleCount=0, ConflictResolver.totalTime=3, ConflictResolver.conflictItemCount=5, DefaultDependencyCollector.collectTime=20, DefaultDependencyCollector.transformTime=6}
[DEBUG] org.xwiki.commons:xwiki-commons-component-api:jar:9.12-SNAPSHOT
[DEBUG]    org.xwiki.commons:xwiki-commons-stability:jar:9.12-SNAPSHOT:compile
[DEBUG]    org.xwiki.commons:xwiki-commons-text:jar:9.12-SNAPSHOT:compile
[DEBUG]    org.slf4j:slf4j-api:jar:1.7.25:compile
[DEBUG]    javax.inject:javax.inject:jar:1:compile
[DEBUG]    org.xwiki.commons:xwiki-commons-tool-test-simple:jar:9.12-SNAPSHOT:test
[INFO] ------------------------------------------------------------------------
[INFO] BUILD FAILURE
[INFO] ------------------------------------------------------------------------
[INFO] Total time: 0.301 s
[INFO] Finished at: 2019-05-19T01:25:33+02:00
[INFO] Final Memory: 25M/1963M
[INFO] ------------------------------------------------------------------------
[ERROR] Failed to execute goal on project xwiki-commons-component-api: Could not resolve dependencies for project org.xwiki.commons:xwiki-commons-component-api:jar:9.12-SNAPSHOT: The following artifacts could not be resolved: org.xwiki.commons:xwiki-commons-stability:jar:9.12-SNAPSHOT, org.xwiki.commons:xwiki-commons-text:jar:9.12-SNAPSHOT, org.xwiki.commons:xwiki-commons-tool-test-simple:jar:9.12-SNAPSHOT: Could not find artifact org.xwiki.commons:xwiki-commons-stability:jar:9.12-SNAPSHOT -> [Help 1]
org.apache.maven.lifecycle.LifecycleExecutionException: Failed to execute goal on project xwiki-commons-component-api: Could not resolve dependencies for project org.xwiki.commons:xwiki-commons-component-api:jar:9.12-SNAPSHOT: The following artifacts could not be resolved: org.xwiki.commons:xwiki-commons-stability:jar:9.12-SNAPSHOT, org.xwiki.commons:xwiki-commons-text:jar:9.12-SNAPSHOT, org.xwiki.commons:xwiki-commons-tool-test-simple:jar:9.12-SNAPSHOT: Could not find artifact org.xwiki.commons:xwiki-commons-stability:jar:9.12-SNAPSHOT
	at org.apache.maven.lifecycle.internal.LifecycleDependencyResolver.getDependencies(LifecycleDependencyResolver.java:221)
	at org.apache.maven.lifecycle.internal.LifecycleDependencyResolver.resolveProjectDependencies(LifecycleDependencyResolver.java:128)
	at org.apache.maven.lifecycle.internal.MojoExecutor.ensureDependenciesAreResolved(MojoExecutor.java:245)
	at org.apache.maven.lifecycle.internal.MojoExecutor.execute(MojoExecutor.java:199)
	at org.apache.maven.lifecycle.internal.MojoExecutor.execute(MojoExecutor.java:153)
	at org.apache.maven.lifecycle.internal.MojoExecutor.execute(MojoExecutor.java:145)
	at org.apache.maven.lifecycle.internal.LifecycleModuleBuilder.buildProject(LifecycleModuleBuilder.java:116)
	at org.apache.maven.lifecycle.internal.LifecycleModuleBuilder.buildProject(LifecycleModuleBuilder.java:80)
	at org.apache.maven.lifecycle.internal.builder.singlethreaded.SingleThreadedBuilder.build(SingleThreadedBuilder.java:51)
	at org.apache.maven.lifecycle.internal.LifecycleStarter.execute(LifecycleStarter.java:128)
	at org.apache.maven.DefaultMaven.doExecute(DefaultMaven.java:307)
	at org.apache.maven.DefaultMaven.doExecute(DefaultMaven.java:193)
	at org.apache.maven.DefaultMaven.execute(DefaultMaven.java:106)
	at org.apache.maven.cli.MavenCli.execute(MavenCli.java:863)
	at org.apache.maven.cli.MavenCli.doMain(MavenCli.java:288)
	at org.apache.maven.cli.MavenCli.main(MavenCli.java:199)
	at sun.reflect.NativeMethodAccessorImpl.invoke0(Native Method)
	at sun.reflect.NativeMethodAccessorImpl.invoke(NativeMethodAccessorImpl.java:62)
	at sun.reflect.DelegatingMethodAccessorImpl.invoke(DelegatingMethodAccessorImpl.java:43)
	at java.lang.reflect.Method.invoke(Method.java:498)
	at org.codehaus.plexus.classworlds.launcher.Launcher.launchEnhanced(Launcher.java:289)
	at org.codehaus.plexus.classworlds.launcher.Launcher.launch(Launcher.java:229)
	at org.codehaus.plexus.classworlds.launcher.Launcher.mainWithExitCode(Launcher.java:415)
	at org.codehaus.plexus.classworlds.launcher.Launcher.main(Launcher.java:356)
Caused by: org.apache.maven.project.DependencyResolutionException: Could not resolve dependencies for project org.xwiki.commons:xwiki-commons-component-api:jar:9.12-SNAPSHOT: The following artifacts could not be resolved: org.xwiki.commons:xwiki-commons-stability:jar:9.12-SNAPSHOT, org.xwiki.commons:xwiki-commons-text:jar:9.12-SNAPSHOT, org.xwiki.commons:xwiki-commons-tool-test-simple:jar:9.12-SNAPSHOT: Could not find artifact org.xwiki.commons:xwiki-commons-stability:jar:9.12-SNAPSHOT
	at org.apache.maven.project.DefaultProjectDependenciesResolver.resolve(DefaultProjectDependenciesResolver.java:212)
	at org.apache.maven.lifecycle.internal.LifecycleDependencyResolver.getDependencies(LifecycleDependencyResolver.java:195)
	... 23 more
Caused by: org.eclipse.aether.resolution.DependencyResolutionException: The following artifacts could not be resolved: org.xwiki.commons:xwiki-commons-stability:jar:9.12-SNAPSHOT, org.xwiki.commons:xwiki-commons-text:jar:9.12-SNAPSHOT, org.xwiki.commons:xwiki-commons-tool-test-simple:jar:9.12-SNAPSHOT: Could not find artifact org.xwiki.commons:xwiki-commons-stability:jar:9.12-SNAPSHOT
	at org.eclipse.aether.internal.impl.DefaultRepositorySystem.resolveDependencies(DefaultRepositorySystem.java:384)
	at org.apache.maven.project.DefaultProjectDependenciesResolver.resolve(DefaultProjectDependenciesResolver.java:205)
	... 24 more
Caused by: org.eclipse.aether.resolution.ArtifactResolutionException: The following artifacts could not be resolved: org.xwiki.commons:xwiki-commons-stability:jar:9.12-SNAPSHOT, org.xwiki.commons:xwiki-commons-text:jar:9.12-SNAPSHOT, org.xwiki.commons:xwiki-commons-tool-test-simple:jar:9.12-SNAPSHOT: Could not find artifact org.xwiki.commons:xwiki-commons-stability:jar:9.12-SNAPSHOT
	at org.eclipse.aether.internal.impl.DefaultArtifactResolver.resolve(DefaultArtifactResolver.java:444)
	at org.eclipse.aether.internal.impl.DefaultArtifactResolver.resolveArtifacts(DefaultArtifactResolver.java:246)
	at org.eclipse.aether.internal.impl.DefaultRepositorySystem.resolveDependencies(DefaultRepositorySystem.java:367)
	... 25 more
Caused by: org.eclipse.aether.transfer.ArtifactNotFoundException: Could not find artifact org.xwiki.commons:xwiki-commons-stability:jar:9.12-SNAPSHOT
	at org.eclipse.aether.internal.impl.DefaultArtifactResolver.resolve(DefaultArtifactResolver.java:434)
	... 27 more
[ERROR] 
[ERROR] 
[ERROR] For more information about the errors and possible solutions, please read the following articles:
[ERROR] [Help 1] http://cwiki.apache.org/confluence/display/MAVEN/DependencyResolutionException
