[INFO] 2018-08-13 16:45:54 PitMutantScoreSelector - The original test suite kill 4 / 17742
[WARN] 2018-08-13 16:45:54 AutomaticBuilderFactory - automaticBuilderName: unknown automatic builder specified in configuration, going to default.
[INFO] 2018-08-13 16:45:54 AutomaticBuilderFactory - Default: provided Maven automatic builder.
[INFO] 2018-08-13 16:45:54 MavenAutomaticBuilder - run maven clean test -DskipTests dependency:build-classpath -Dmdep.outputFile=target/dspot/classpath
[WARN] Maven will be executed in interactive mode, but no input stream has been configured for this MavenInvoker instance.
[INFO] Scanning for projects...
[INFO]                                                                         
[INFO] ------------------------------------------------------------------------
[INFO] Building Logback Core Module 1.3.0-SNAPSHOT
[INFO] ------------------------------------------------------------------------
[INFO] 
[INFO] --- maven-clean-plugin:3.0.0:clean (default-clean) @ logback-core ---
[INFO] Deleting /tmp/dspot-experiments/dataset/logback/logback-core/target
[INFO] 
[INFO] --- maven-resources-plugin:3.0.1:resources (default-resources) @ logback-core ---
[INFO] Using 'UTF-8' encoding to copy filtered resources.
[INFO] skip non existing resourceDirectory /tmp/dspot-experiments/dataset/logback/logback-core/src/main/resources
[INFO] 
[INFO] --- maven-compiler-plugin:3.6.0:compile (default-compile) @ logback-core ---
[INFO] Changes detected - recompiling the module!
[INFO] Compiling 326 source files to /tmp/dspot-experiments/dataset/logback/logback-core/target/classes
[INFO] /tmp/dspot-experiments/dataset/logback/logback-core/src/main/java/ch/qos/logback/core/ContextBase.java: Some input files use or override a deprecated API.
[INFO] /tmp/dspot-experiments/dataset/logback/logback-core/src/main/java/ch/qos/logback/core/ContextBase.java: Recompile with -Xlint:deprecation for details.
[INFO] /tmp/dspot-experiments/dataset/logback/logback-core/src/main/java/ch/qos/logback/core/helpers/CyclicBuffer.java: Some input files use unchecked or unsafe operations.
[INFO] /tmp/dspot-experiments/dataset/logback/logback-core/src/main/java/ch/qos/logback/core/helpers/CyclicBuffer.java: Recompile with -Xlint:unchecked for details.
[INFO] 
[INFO] >>> maven-bundle-plugin:2.5.4:manifest (bundle-manifest) > process-classes @ logback-core >>>
[INFO] 
[INFO] --- maven-resources-plugin:3.0.1:resources (default-resources) @ logback-core ---
[INFO] Using 'UTF-8' encoding to copy filtered resources.
[INFO] skip non existing resourceDirectory /tmp/dspot-experiments/dataset/logback/logback-core/src/main/resources
[INFO] 
[INFO] --- maven-compiler-plugin:3.6.0:compile (default-compile) @ logback-core ---
[INFO] Nothing to compile - all classes are up to date
[INFO] 
[INFO] <<< maven-bundle-plugin:2.5.4:manifest (bundle-manifest) < process-classes @ logback-core <<<
[INFO] 
[INFO] --- maven-bundle-plugin:2.5.4:manifest (bundle-manifest) @ logback-core ---
[INFO] 
[INFO] --- maven-resources-plugin:3.0.1:testResources (default-testResources) @ logback-core ---
[INFO] Using 'UTF-8' encoding to copy filtered resources.
[INFO] Copying 9 resources
[INFO] 
[INFO] --- maven-compiler-plugin:3.6.0:testCompile (default-testCompile) @ logback-core ---
[INFO] Changes detected - recompiling the module!
[INFO] Compiling 225 source files to /tmp/dspot-experiments/dataset/logback/logback-core/target/test-classes
[INFO] /tmp/dspot-experiments/dataset/logback/logback-core/src/test/java/ch/qos/logback/core/net/AbstractSocketAppenderIntegrationTest.java: /tmp/dspot-experiments/dataset/logback/logback-core/src/test/java/ch/qos/logback/core/net/AbstractSocketAppenderIntegrationTest.java uses or overrides a deprecated API.
[INFO] /tmp/dspot-experiments/dataset/logback/logback-core/src/test/java/ch/qos/logback/core/net/AbstractSocketAppenderIntegrationTest.java: Recompile with -Xlint:deprecation for details.
[INFO] /tmp/dspot-experiments/dataset/logback/logback-core/src/test/java/ch/qos/logback/core/spi/CyclicBufferTrackerT.java: Some input files use unchecked or unsafe operations.
[INFO] /tmp/dspot-experiments/dataset/logback/logback-core/src/test/java/ch/qos/logback/core/spi/CyclicBufferTrackerT.java: Recompile with -Xlint:unchecked for details.
[INFO] 
[INFO] --- maven-surefire-plugin:2.19.1:test (default-test) @ logback-core ---
[INFO] Tests are skipped.
[INFO] 
[INFO] --- maven-dependency-plugin:2.10:build-classpath (default-cli) @ logback-core ---
[INFO] Wrote classpath file '/tmp/dspot-experiments/dataset/logback/logback-core/target/dspot/classpath'.
[INFO] ------------------------------------------------------------------------
[INFO] BUILD SUCCESS
[INFO] ------------------------------------------------------------------------
[INFO] Total time: 9.139 s
[INFO] Finished at: 2018-08-13T16:46:05+02:00
[INFO] Final Memory: 40M/542M
[INFO] ------------------------------------------------------------------------
[INFO] 2018-08-13 16:46:10 Amplification - Amplification of ch.qos.logback.core.FileAppenderResilience_AS_ROOT_Test (1 test(s))
[INFO] 2018-08-13 16:46:10 Amplification - Assertion amplification of ch.qos.logback.core.FileAppenderResilience_AS_ROOT_Test (1 test(s))
[INFO] 2018-08-13 16:46:11 EntryPoint - Run: java -classpath /tmp/dspot-experiments/dataset/logback/logback-core/target/test-classes:/tmp/dspot-experiments/dataset/logback/logback-core/target/classes/:/home/spirals/danglot/.m2/repository/org/codehaus/janino/janino/3.0.6/janino-3.0.6.jar:/home/spirals/danglot/.m2/repository/org/codehaus/janino/commons-compiler/3.0.6/commons-compiler-3.0.6.jar:/home/spirals/danglot/.m2/repository/org/fusesource/jansi/jansi/1.9/jansi-1.9.jar:/home/spirals/danglot/.m2/repository/javax/mail/mail/1.4/mail-1.4.jar:/home/spirals/danglot/.m2/repository/javax/activation/activation/1.1/activation-1.1.jar:/home/spirals/danglot/.m2/repository/org/mockito/mockito-core/2.7.9/mockito-core-2.7.9.jar:/home/spirals/danglot/.m2/repository/net/bytebuddy/byte-buddy/1.6.5/byte-buddy-1.6.5.jar:/home/spirals/danglot/.m2/repository/net/bytebuddy/byte-buddy-agent/1.6.5/byte-buddy-agent-1.6.5.jar:/home/spirals/danglot/.m2/repository/org/objenesis/objenesis/2.5/objenesis-2.5.jar:/home/spirals/danglot/.m2/repository/javax/servlet/javax.servlet-api/3.1.0/javax.servlet-api-3.1.0.jar:/home/spirals/danglot/.m2/repository/joda-time/joda-time/2.9.2/joda-time-2.9.2.jar:/home/spirals/danglot/.m2/repository/junit/junit/4.10/junit-4.10.jar:/home/spirals/danglot/.m2/repository/org/hamcrest/hamcrest-core/1.1/hamcrest-core-1.1.jar:/home/spirals/danglot/.m2/repository/org/assertj/assertj-core/1.7.1/assertj-core-1.7.1.jar:/tmp/dspot-experiments/target/dspot/dependencies:/tmp/dspot/dspot/target/dspot-1.1.1-SNAPSHOT-jar-with-dependencies.jar eu.stamp_project.testrunner.runner.test.TestRunner ch.qos.logback.core.FileAppenderResilience_AS_ROOT_Test go
File saved to the following path: /tmp/dspot-experiments/dataset/logback/logback-core/target/dspot/TestListener.ser
[INFO] 2018-08-13 16:46:11 EntryPoint - Test has been run: go
[INFO] 2018-08-13 16:46:11 AssertGenerator - Run tests. (1)
[INFO] 2018-08-13 16:46:11 EntryPoint - Run: java -classpath /tmp/dspot-experiments/dataset/logback/logback-core/target/test-classes:/tmp/dspot-experiments/dataset/logback/logback-core/target/classes/:/home/spirals/danglot/.m2/repository/org/codehaus/janino/janino/3.0.6/janino-3.0.6.jar:/home/spirals/danglot/.m2/repository/org/codehaus/janino/commons-compiler/3.0.6/commons-compiler-3.0.6.jar:/home/spirals/danglot/.m2/repository/org/fusesource/jansi/jansi/1.9/jansi-1.9.jar:/home/spirals/danglot/.m2/repository/javax/mail/mail/1.4/mail-1.4.jar:/home/spirals/danglot/.m2/repository/javax/activation/activation/1.1/activation-1.1.jar:/home/spirals/danglot/.m2/repository/org/mockito/mockito-core/2.7.9/mockito-core-2.7.9.jar:/home/spirals/danglot/.m2/repository/net/bytebuddy/byte-buddy/1.6.5/byte-buddy-1.6.5.jar:/home/spirals/danglot/.m2/repository/net/bytebuddy/byte-buddy-agent/1.6.5/byte-buddy-agent-1.6.5.jar:/home/spirals/danglot/.m2/repository/org/objenesis/objenesis/2.5/objenesis-2.5.jar:/home/spirals/danglot/.m2/repository/javax/servlet/javax.servlet-api/3.1.0/javax.servlet-api-3.1.0.jar:/home/spirals/danglot/.m2/repository/joda-time/joda-time/2.9.2/joda-time-2.9.2.jar:/home/spirals/danglot/.m2/repository/junit/junit/4.10/junit-4.10.jar:/home/spirals/danglot/.m2/repository/org/hamcrest/hamcrest-core/1.1/hamcrest-core-1.1.jar:/home/spirals/danglot/.m2/repository/org/assertj/assertj-core/1.7.1/assertj-core-1.7.1.jar:/tmp/dspot-experiments/target/dspot/dependencies:/tmp/dspot/dspot/target/dspot-1.1.1-SNAPSHOT-jar-with-dependencies.jar eu.stamp_project.testrunner.runner.test.TestRunner ch.qos.logback.core.FileAppenderResilience_AS_ROOT_Test go
File saved to the following path: /tmp/dspot-experiments/dataset/logback/logback-core/target/dspot/TestListener.ser
[INFO] 2018-08-13 16:46:12 EntryPoint - Test has been run: go
[INFO] 2018-08-13 16:46:12 AssertGenerator - 1 test pass, generating assertion...
[INFO] 2018-08-13 16:46:12 MethodsAssertGenerator - Add observations points in passing tests.
[INFO] 2018-08-13 16:46:12 MethodsAssertGenerator - Instrumentation...
100% |================================================== ]/
[INFO] 2018-08-13 16:46:12 MethodsAssertGenerator - Run instrumented tests. (3)
[INFO] 2018-08-13 16:46:12 EntryPoint - Run: java -classpath /tmp/dspot-experiments/dataset/logback/logback-core/target/test-classes:/tmp/dspot-experiments/dataset/logback/logback-core/target/classes/:/home/spirals/danglot/.m2/repository/org/codehaus/janino/janino/3.0.6/janino-3.0.6.jar:/home/spirals/danglot/.m2/repository/org/codehaus/janino/commons-compiler/3.0.6/commons-compiler-3.0.6.jar:/home/spirals/danglot/.m2/repository/org/fusesource/jansi/jansi/1.9/jansi-1.9.jar:/home/spirals/danglot/.m2/repository/javax/mail/mail/1.4/mail-1.4.jar:/home/spirals/danglot/.m2/repository/javax/activation/activation/1.1/activation-1.1.jar:/home/spirals/danglot/.m2/repository/org/mockito/mockito-core/2.7.9/mockito-core-2.7.9.jar:/home/spirals/danglot/.m2/repository/net/bytebuddy/byte-buddy/1.6.5/byte-buddy-1.6.5.jar:/home/spirals/danglot/.m2/repository/net/bytebuddy/byte-buddy-agent/1.6.5/byte-buddy-agent-1.6.5.jar:/home/spirals/danglot/.m2/repository/org/objenesis/objenesis/2.5/objenesis-2.5.jar:/home/spirals/danglot/.m2/repository/javax/servlet/javax.servlet-api/3.1.0/javax.servlet-api-3.1.0.jar:/home/spirals/danglot/.m2/repository/joda-time/joda-time/2.9.2/joda-time-2.9.2.jar:/home/spirals/danglot/.m2/repository/junit/junit/4.10/junit-4.10.jar:/home/spirals/danglot/.m2/repository/org/hamcrest/hamcrest-core/1.1/hamcrest-core-1.1.jar:/home/spirals/danglot/.m2/repository/org/assertj/assertj-core/1.7.1/assertj-core-1.7.1.jar:/tmp/dspot-experiments/target/dspot/dependencies:/tmp/dspot/dspot/target/dspot-1.1.1-SNAPSHOT-jar-with-dependencies.jar eu.stamp_project.testrunner.runner.test.TestRunner ch.qos.logback.core.FileAppenderResilience_AS_ROOT_Test go_withlog0:go_withlog1:go_withlog2
File saved to the following path: /tmp/dspot-experiments/dataset/logback/logback-core/target/dspot/observations.ser
File saved to the following path: /tmp/dspot-experiments/dataset/logback/logback-core/target/dspot/TestListener.ser
[INFO] 2018-08-13 16:46:12 EntryPoint - Test has been run: go_withlog0,go_withlog1,go_withlog2
[INFO] 2018-08-13 16:46:12 MethodsAssertGenerator - Generating assertions...
[INFO] 2018-08-13 16:46:12 AssertGenerator - Could not generate any test with assertions
[INFO] 2018-08-13 16:46:12 Amplification - 0 amplified test methods has been selected to be kept. (global: 0)
[INFO] 2018-08-13 16:46:12 Amplification - Applying Input-amplification and Assertion-amplification test by test.
[INFO] 2018-08-13 16:46:12 Amplification - Amplification of go, (1/1)
[INFO] 2018-08-13 16:46:12 Amplification - iteration 0 / 3
[INFO] 2018-08-13 16:46:12 Amplification - 1 tests selected to be amplified over 1 available tests
[INFO] 2018-08-13 16:46:12 NoBudgetizer - Amplification of inputs...
100% |================================================== ]/
Exception in thread "main" java.lang.IllegalArgumentException: should not happen
	at spoon.support.reflect.code.CtStatementImpl$InsertVisitor.visitCtIf(CtStatementImpl.java:117)
	at spoon.support.reflect.code.CtIfImpl.accept(CtIfImpl.java:45)
	at spoon.reflect.visitor.CtInheritanceScanner.scan(CtInheritanceScanner.java:181)
	at spoon.support.reflect.code.CtStatementImpl.insertBefore(CtStatementImpl.java:85)
	at spoon.support.reflect.code.CtStatementImpl.insertBefore(CtStatementImpl.java:66)
	at spoon.support.reflect.code.CtUnaryOperatorImpl.insertBefore(CtUnaryOperatorImpl.java:71)
	at eu.stamp_project.dspot.amplifier.TestMethodCallAdder.apply(TestMethodCallAdder.java:52)
	at eu.stamp_project.dspot.amplifier.TestMethodCallAdder.lambda$amplify$0(TestMethodCallAdder.java:29)
	at java.util.stream.ReferencePipeline$3$1.accept(ReferencePipeline.java:193)
	at java.util.ArrayList$ArrayListSpliterator.forEachRemaining(ArrayList.java:1374)
	at java.util.stream.AbstractPipeline.copyInto(AbstractPipeline.java:481)
	at java.util.stream.AbstractPipeline.wrapAndCopyInto(AbstractPipeline.java:471)
	at java.util.stream.ForEachOps$ForEachOp.evaluateSequential(ForEachOps.java:151)
	at java.util.stream.ForEachOps$ForEachOp$OfRef.evaluateSequential(ForEachOps.java:174)
	at java.util.stream.AbstractPipeline.evaluate(AbstractPipeline.java:234)
	at java.util.stream.ReferencePipeline.forEach(ReferencePipeline.java:418)
	at java.util.stream.ReferencePipeline$7$1.accept(ReferencePipeline.java:270)
	at java.util.ArrayList$ArrayListSpliterator.forEachRemaining(ArrayList.java:1374)
	at java.util.stream.AbstractPipeline.copyInto(AbstractPipeline.java:481)
	at java.util.stream.AbstractPipeline.wrapAndCopyInto(AbstractPipeline.java:471)
	at java.util.stream.ForEachOps$ForEachOp.evaluateSequential(ForEachOps.java:151)
	at java.util.stream.ForEachOps$ForEachOp$OfRef.evaluateSequential(ForEachOps.java:174)
	at java.util.stream.AbstractPipeline.evaluate(AbstractPipeline.java:234)
	at java.util.stream.ReferencePipeline.forEach(ReferencePipeline.java:418)
	at java.util.stream.ReferencePipeline$7$1.accept(ReferencePipeline.java:270)
	at java.util.ArrayList$ArrayListSpliterator.forEachRemaining(ArrayList.java:1374)
	at java.util.stream.AbstractPipeline.copyInto(AbstractPipeline.java:481)
	at java.util.stream.AbstractPipeline.wrapAndCopyInto(AbstractPipeline.java:471)
	at java.util.stream.ReduceOps$ReduceTask.doLeaf(ReduceOps.java:747)
	at java.util.stream.ReduceOps$ReduceTask.doLeaf(ReduceOps.java:721)
	at java.util.stream.AbstractTask.compute(AbstractTask.java:316)
	at java.util.concurrent.CountedCompleter.exec(CountedCompleter.java:731)
	at java.util.concurrent.ForkJoinTask.doExec(ForkJoinTask.java:289)
	at java.util.concurrent.ForkJoinTask.doInvoke(ForkJoinTask.java:401)
	at java.util.concurrent.ForkJoinTask.invoke(ForkJoinTask.java:734)
	at java.util.stream.ReduceOps$ReduceOp.evaluateParallel(ReduceOps.java:714)
	at java.util.stream.AbstractPipeline.evaluate(AbstractPipeline.java:233)
	at java.util.stream.ReferencePipeline.collect(ReferencePipeline.java:499)
	at eu.stamp_project.dspot.budget.NoBudgetizer.inputAmplify(NoBudgetizer.java:54)
	at eu.stamp_project.dspot.Amplification.amplification(Amplification.java:133)
	at eu.stamp_project.dspot.Amplification.amplification(Amplification.java:97)
	at eu.stamp_project.dspot.DSpot.amplifyTest(DSpot.java:180)
	at eu.stamp_project.dspot.DSpot.amplifyTest(DSpot.java:170)
	at eu.stamp_project.Main.lambda$run$1(Main.java:69)
	at java.util.stream.ReferencePipeline$3$1.accept(ReferencePipeline.java:193)
	at java.util.Spliterators$ArraySpliterator.forEachRemaining(Spliterators.java:948)
	at java.util.stream.AbstractPipeline.copyInto(AbstractPipeline.java:481)
	at java.util.stream.AbstractPipeline.wrapAndCopyInto(AbstractPipeline.java:471)
	at java.util.stream.ReduceOps$ReduceOp.evaluateSequential(ReduceOps.java:708)
	at java.util.stream.AbstractPipeline.evaluate(AbstractPipeline.java:234)
	at java.util.stream.ReferencePipeline.collect(ReferencePipeline.java:499)
	at eu.stamp_project.Main.run(Main.java:71)
	at eu.stamp_project.Main.main(Main.java:40)
