[INFO] 2019-04-30 23:50:31 RepositoriesSetter - {dataset/april-2019/jsoup} Cleaning local repository...
[INFO] 2019-04-30 23:50:32 RepositoriesSetter - Checkout a810d2e3615da9a37ad74a7db2ca8bc6945ab9a8 revision...
[INFO] 2019-04-30 23:50:32 RepositoriesSetter - {dataset/april-2019/jsoup_parent} Cleaning local repository...
[INFO] 2019-04-30 23:50:32 RepositoriesSetter - Checkout bdf1df7eb3ca76cdcdaca38f7df5d941bbb1c664 revision...
2019-05-07 21:09:25,240 INFO eu.stamp_project.dci.repositories.RepositoriesSetter - {dataset/april-2019/jsoup} Cleaning local repository...
2019-05-07 21:09:25,353 INFO eu.stamp_project.dci.repositories.RepositoriesSetter - Checkout a810d2e3615da9a37ad74a7db2ca8bc6945ab9a8 revision...
2019-05-07 21:09:25,416 INFO eu.stamp_project.dci.repositories.RepositoriesSetter - {dataset/april-2019/jsoup_parent} Cleaning local repository...
2019-05-07 21:09:25,445 INFO eu.stamp_project.dci.repositories.RepositoriesSetter - Checkout bdf1df7eb3ca76cdcdaca38f7df5d941bbb1c664 revision...
2019-05-09 20:24:27,239 INFO eu.stamp_project.dci.repositories.RepositoriesSetter - {dataset/april-2019/jsoup} Cleaning local repository...
2019-05-09 20:24:27,339 INFO eu.stamp_project.dci.repositories.RepositoriesSetter - Checkout a810d2e3615da9a37ad74a7db2ca8bc6945ab9a8 revision...
2019-05-09 20:24:27,391 INFO eu.stamp_project.dci.repositories.RepositoriesSetter - {dataset/april-2019/jsoup_parent} Cleaning local repository...
2019-05-09 20:24:27,420 INFO eu.stamp_project.dci.repositories.RepositoriesSetter - Checkout bdf1df7eb3ca76cdcdaca38f7df5d941bbb1c664 revision...
2019-05-13 14:40:21,953 INFO eu.stamp_project.dci.repositories.RepositoriesSetter - {dataset/april-2019/jsoup} Cleaning local repository...
2019-05-13 14:40:22,102 INFO eu.stamp_project.dci.repositories.RepositoriesSetter - Checkout a810d2e3615da9a37ad74a7db2ca8bc6945ab9a8 revision...
2019-05-13 14:40:22,171 INFO eu.stamp_project.dci.repositories.RepositoriesSetter - {dataset/april-2019/jsoup_parent} Cleaning local repository...
2019-05-13 14:40:22,201 INFO eu.stamp_project.dci.repositories.RepositoriesSetter - Checkout bdf1df7eb3ca76cdcdaca38f7df5d941bbb1c664 revision...
2019-05-13 14:52:52,312 INFO eu.stamp_project.dci.repositories.RepositoriesSetter - {dataset/april-2019/jsoup} Cleaning local repository...
2019-05-13 14:52:52,409 INFO eu.stamp_project.dci.repositories.RepositoriesSetter - Checkout a810d2e3615da9a37ad74a7db2ca8bc6945ab9a8 revision...
2019-05-13 14:52:52,451 INFO eu.stamp_project.dci.repositories.RepositoriesSetter - {dataset/april-2019/jsoup_parent} Cleaning local repository...
2019-05-13 14:52:52,474 INFO eu.stamp_project.dci.repositories.RepositoriesSetter - Checkout bdf1df7eb3ca76cdcdaca38f7df5d941bbb1c664 revision...
