[INFO] Scanning for projects...
[INFO] 
[INFO] -----------------------< commons-io:commons-io >------------------------
[INFO] Building Apache Commons IO 2.7-SNAPSHOT
[INFO] --------------------------------[ jar ]---------------------------------
[INFO] 
[INFO] --- dspot-maven:2.0.1-SNAPSHOT:amplify-unit-tests (default-cli) @ commons-io ---
[INFO] Path to runner Classes: /home/spirals/danglot/.m2/repository/eu/stamp-project/test-runner/2.0.7/test-runner-2.0.7-jar-with-dependencies.jar
[INFO] /home/spirals/danglot/.m2/repository/org/jacoco/org.jacoco.core/0.7.9/org.jacoco.core-0.7.9.jar
[INFO] /home/spirals/danglot/.m2/repository/org/ow2/asm/asm-debug-all/5.2/asm-debug-all-5.2.jar
[INFO] /home/spirals/danglot/.m2/repository/eu/stamp-project/test-runner/2.0.7/test-runner-2.0.7-jar-with-dependencies.jar
[WARNING] : unknown automatic builder specified in configuration, going to default.
[INFO] Default: provided Maven automatic builder.
[INFO] Using /tmp/dspot-experiments/dataset/april-2019/commons-io_parent/pom.xml to run maven.
[INFO] Using /home/spirals/danglot/apache-maven-3.5.4 for maven home
[INFO] run maven: /home/spirals/danglot/apache-maven-3.5.4/bin/mvn clean test -DskipTests dependency:build-classpath -Dmdep.outputFile=target/dspot/classpath
[WARN] Maven will be executed in interactive mode, but no input stream has been configured for this MavenInvoker instance.
[INFO] Scanning for projects...
[INFO] 
[INFO] -----------------------< commons-io:commons-io >------------------------
[INFO] Building Apache Commons IO 2.7-SNAPSHOT
[INFO] --------------------------------[ jar ]---------------------------------
[INFO] 
[INFO] --- maven-clean-plugin:3.0.0:clean (default-clean) @ commons-io ---
[INFO] Deleting /tmp/dspot-experiments/dataset/april-2019/commons-io_parent/target
[INFO] 
[INFO] --- maven-enforcer-plugin:1.4.1:enforce (enforce-maven-3) @ commons-io ---
[INFO] Skipping Rule Enforcement.
[INFO] 
[INFO] --- build-helper-maven-plugin:3.0.0:parse-version (parse-version) @ commons-io ---
[INFO] 
[INFO] --- maven-antrun-plugin:1.8:run (javadoc.resources) @ commons-io ---
[INFO] Executing tasks

main:
     [copy] Copying 2 files to /tmp/dspot-experiments/dataset/april-2019/commons-io_parent/target/apidocs/META-INF
[INFO] Executed tasks
[INFO] 
[INFO] --- maven-remote-resources-plugin:1.5:process (process-resource-bundles) @ commons-io ---
[INFO] 
[INFO] --- buildnumber-maven-plugin:1.4:create (default) @ commons-io ---
[INFO] Executing: /bin/sh -c cd '/tmp/dspot-experiments/dataset/april-2019/commons-io_parent' && 'git' 'rev-parse' '--verify' 'HEAD'
[INFO] Working directory: /tmp/dspot-experiments/dataset/april-2019/commons-io_parent
[INFO] Storing buildNumber: 7791a851c4a303f47743b156007fb19c6ed8ed81 at timestamp: 1555516734781
[INFO] Storing buildScmBranch: master
[INFO] 
[INFO] --- maven-resources-plugin:2.7:resources (default-resources) @ commons-io ---
[INFO] Using 'iso-8859-1' encoding to copy filtered resources.
[INFO] skip non existing resourceDirectory /tmp/dspot-experiments/dataset/april-2019/commons-io_parent/src/main/resources
[INFO] Copying 2 resources to META-INF
[INFO] 
[INFO] --- maven-compiler-plugin:3.7.0:compile (default-compile) @ commons-io ---
[INFO] Changes detected - recompiling the module!
[INFO] Compiling 122 source files to /tmp/dspot-experiments/dataset/april-2019/commons-io_parent/target/classes
[INFO] 
[INFO] --- maven-bundle-plugin:3.4.0:manifest (bundle-manifest) @ commons-io ---
[INFO] 
[INFO] --- animal-sniffer-maven-plugin:1.16:check (checkAPIcompatibility) @ commons-io ---
[INFO] Checking unresolved references to org.codehaus.mojo.signature:java17:1.0
[INFO] 
[INFO] --- maven-resources-plugin:2.7:testResources (default-testResources) @ commons-io ---
[INFO] Using 'iso-8859-1' encoding to copy filtered resources.
[INFO] Copying 20 resources
[INFO] Copying 2 resources to META-INF
[INFO] 
[INFO] --- maven-compiler-plugin:3.7.0:testCompile (default-testCompile) @ commons-io ---
[INFO] Changes detected - recompiling the module!
[INFO] Compiling 119 source files to /tmp/dspot-experiments/dataset/april-2019/commons-io_parent/target/test-classes
[INFO] /tmp/dspot-experiments/dataset/april-2019/commons-io_parent/src/test/java/org/apache/commons/io/input/TailerTest.java: Some input files use or override a deprecated API.
[INFO] /tmp/dspot-experiments/dataset/april-2019/commons-io_parent/src/test/java/org/apache/commons/io/input/TailerTest.java: Recompile with -Xlint:deprecation for details.
[INFO] 
[INFO] --- maven-surefire-plugin:2.20.1:test (default-test) @ commons-io ---
[INFO] Tests are skipped.
[INFO] 
[INFO] --- maven-dependency-plugin:2.10:build-classpath (default-cli) @ commons-io ---
[INFO] Wrote classpath file '/tmp/dspot-experiments/dataset/april-2019/commons-io_parent/target/dspot/classpath'.
[INFO] ------------------------------------------------------------------------
[INFO] BUILD SUCCESS
[INFO] ------------------------------------------------------------------------
[INFO] Total time: 9.684 s
[INFO] Finished at: 2019-04-17T17:59:01+02:00
[INFO] ------------------------------------------------------------------------
[INFO] ------------------------------------------------------------------------
[INFO] BUILD FAILURE
[INFO] ------------------------------------------------------------------------
[INFO] Total time: 14.189 s
[INFO] Finished at: 2019-04-17T17:59:01+02:00
[INFO] ------------------------------------------------------------------------
[ERROR] Failed to execute goal eu.stamp-project:dspot-maven:2.0.1-SNAPSHOT:amplify-unit-tests (default-cli) on project commons-io: Execution default-cli of goal eu.stamp-project:dspot-maven:2.0.1-SNAPSHOT:amplify-unit-tests failed: java.io.FileNotFoundException: /tmp/dspot-experiments/results/april-2019/commons-io/commit_1_2736b6f/testsThatExecuteTheChanges.csv (No such file or directory) -> [Help 1]
[ERROR] 
[ERROR] To see the full stack trace of the errors, re-run Maven with the -e switch.
[ERROR] Re-run Maven using the -X switch to enable full debug logging.
[ERROR] 
[ERROR] For more information about the errors and possible solutions, please read the following articles:
[ERROR] [Help 1] http://cwiki.apache.org/confluence/display/MAVEN/PluginExecutionException
