[INFO] 2019-05-02 08:34:21 RepositoriesSetter - {dataset/april-2019/mustache.java} Cleaning local repository...
[INFO] 2019-05-02 08:34:22 RepositoriesSetter - Checkout a1197f7789b24d694f16dad29f917e9be43f0dc2 revision...
[INFO] 2019-05-02 08:34:22 RepositoriesSetter - {dataset/april-2019/mustache.java_parent} Cleaning local repository...
[INFO] 2019-05-02 08:34:22 RepositoriesSetter - Checkout b278969b189bd29abb9739a845aa22809c67de64 revision...
2019-05-07 19:08:55,141 INFO eu.stamp_project.dci.repositories.RepositoriesSetter - {dataset/april-2019/mustache.java} Cleaning local repository...
2019-05-07 19:08:55,267 INFO eu.stamp_project.dci.repositories.RepositoriesSetter - Checkout a1197f7789b24d694f16dad29f917e9be43f0dc2 revision...
2019-05-07 19:08:55,323 INFO eu.stamp_project.dci.repositories.RepositoriesSetter - {dataset/april-2019/mustache.java_parent} Cleaning local repository...
2019-05-07 19:08:55,360 INFO eu.stamp_project.dci.repositories.RepositoriesSetter - Checkout b278969b189bd29abb9739a845aa22809c67de64 revision...
2019-05-07 19:09:20,475 INFO eu.stamp_project.dci.repositories.RepositoriesSetter - {dataset/april-2019/mustache.java} Cleaning local repository...
2019-05-07 19:09:20,588 INFO eu.stamp_project.dci.repositories.RepositoriesSetter - Checkout a1197f7789b24d694f16dad29f917e9be43f0dc2 revision...
2019-05-07 19:09:20,623 INFO eu.stamp_project.dci.repositories.RepositoriesSetter - {dataset/april-2019/mustache.java_parent} Cleaning local repository...
2019-05-07 19:09:20,652 INFO eu.stamp_project.dci.repositories.RepositoriesSetter - Checkout b278969b189bd29abb9739a845aa22809c67de64 revision...
2019-05-07 19:09:49,290 INFO eu.stamp_project.dci.repositories.RepositoriesSetter - {dataset/april-2019/mustache.java} Cleaning local repository...
2019-05-07 19:09:49,389 INFO eu.stamp_project.dci.repositories.RepositoriesSetter - Checkout a1197f7789b24d694f16dad29f917e9be43f0dc2 revision...
2019-05-07 19:09:49,421 INFO eu.stamp_project.dci.repositories.RepositoriesSetter - {dataset/april-2019/mustache.java_parent} Cleaning local repository...
2019-05-07 19:09:49,445 INFO eu.stamp_project.dci.repositories.RepositoriesSetter - Checkout b278969b189bd29abb9739a845aa22809c67de64 revision...
2019-05-20 20:39:37,564 INFO eu.stamp_project.dci.repositories.RepositoriesSetter - {dataset/april-2019/mustache.java} Cleaning local repository...
2019-05-20 20:39:37,731 INFO eu.stamp_project.dci.repositories.RepositoriesSetter - Checkout a1197f7789b24d694f16dad29f917e9be43f0dc2 revision...
2019-05-20 20:39:37,802 INFO eu.stamp_project.dci.repositories.RepositoriesSetter - {dataset/april-2019/mustache.java_parent} Cleaning local repository...
2019-05-20 20:39:37,847 INFO eu.stamp_project.dci.repositories.RepositoriesSetter - Checkout b278969b189bd29abb9739a845aa22809c67de64 revision...
