[INFO] 2019-05-01 16:23:16 RepositoriesSetter - {dataset/april-2019/jsoup} Cleaning local repository...
[INFO] 2019-05-01 16:23:16 RepositoriesSetter - Checkout e38dfd44829e13ee83fd62bfe937580f5a998c11 revision...
[INFO] 2019-05-01 16:23:16 RepositoriesSetter - {dataset/april-2019/jsoup_parent} Cleaning local repository...
[INFO] 2019-05-01 16:23:17 RepositoriesSetter - Checkout 850a9cc02fb72cc450d1a9dc41912fa80fee9020 revision...
2019-05-06 19:15:07,142 INFO eu.stamp_project.dci.repositories.RepositoriesSetter - {dataset/april-2019/jsoup} Cleaning local repository...
2019-05-06 19:15:07,254 INFO eu.stamp_project.dci.repositories.RepositoriesSetter - Checkout e38dfd44829e13ee83fd62bfe937580f5a998c11 revision...
2019-05-06 19:15:07,316 INFO eu.stamp_project.dci.repositories.RepositoriesSetter - {dataset/april-2019/jsoup_parent} Cleaning local repository...
2019-05-06 19:15:07,344 INFO eu.stamp_project.dci.repositories.RepositoriesSetter - Checkout 850a9cc02fb72cc450d1a9dc41912fa80fee9020 revision...
2019-05-06 20:08:59,652 INFO eu.stamp_project.dci.repositories.RepositoriesSetter - {dataset/april-2019/jsoup} Cleaning local repository...
2019-05-06 20:08:59,746 INFO eu.stamp_project.dci.repositories.RepositoriesSetter - Checkout e38dfd44829e13ee83fd62bfe937580f5a998c11 revision...
2019-05-06 20:08:59,787 INFO eu.stamp_project.dci.repositories.RepositoriesSetter - {dataset/april-2019/jsoup_parent} Cleaning local repository...
2019-05-06 20:08:59,807 INFO eu.stamp_project.dci.repositories.RepositoriesSetter - Checkout 850a9cc02fb72cc450d1a9dc41912fa80fee9020 revision...
2019-05-07 23:20:30,934 INFO eu.stamp_project.dci.repositories.RepositoriesSetter - {dataset/april-2019/jsoup} Cleaning local repository...
2019-05-07 23:20:31,036 INFO eu.stamp_project.dci.repositories.RepositoriesSetter - Checkout e38dfd44829e13ee83fd62bfe937580f5a998c11 revision...
2019-05-07 23:20:31,099 INFO eu.stamp_project.dci.repositories.RepositoriesSetter - {dataset/april-2019/jsoup_parent} Cleaning local repository...
2019-05-07 23:20:31,121 INFO eu.stamp_project.dci.repositories.RepositoriesSetter - Checkout 850a9cc02fb72cc450d1a9dc41912fa80fee9020 revision...
2019-05-10 04:03:08,961 INFO eu.stamp_project.dci.repositories.RepositoriesSetter - {dataset/april-2019/jsoup} Cleaning local repository...
2019-05-10 04:03:09,045 INFO eu.stamp_project.dci.repositories.RepositoriesSetter - Checkout e38dfd44829e13ee83fd62bfe937580f5a998c11 revision...
2019-05-10 04:03:09,102 INFO eu.stamp_project.dci.repositories.RepositoriesSetter - {dataset/april-2019/jsoup_parent} Cleaning local repository...
2019-05-10 04:03:09,121 INFO eu.stamp_project.dci.repositories.RepositoriesSetter - Checkout 850a9cc02fb72cc450d1a9dc41912fa80fee9020 revision...
2019-05-12 10:39:52,342 INFO eu.stamp_project.dci.repositories.RepositoriesSetter - {dataset/april-2019/jsoup} Cleaning local repository...
2019-05-12 10:39:52,436 INFO eu.stamp_project.dci.repositories.RepositoriesSetter - Checkout e38dfd44829e13ee83fd62bfe937580f5a998c11 revision...
2019-05-12 10:39:52,494 INFO eu.stamp_project.dci.repositories.RepositoriesSetter - {dataset/april-2019/jsoup_parent} Cleaning local repository...
2019-05-12 10:39:52,518 INFO eu.stamp_project.dci.repositories.RepositoriesSetter - Checkout 850a9cc02fb72cc450d1a9dc41912fa80fee9020 revision...
2019-05-12 11:43:31,937 INFO eu.stamp_project.dci.repositories.RepositoriesSetter - {dataset/april-2019/jsoup} Cleaning local repository...
2019-05-12 11:43:32,019 INFO eu.stamp_project.dci.repositories.RepositoriesSetter - Checkout e38dfd44829e13ee83fd62bfe937580f5a998c11 revision...
2019-05-12 11:43:32,052 INFO eu.stamp_project.dci.repositories.RepositoriesSetter - {dataset/april-2019/jsoup_parent} Cleaning local repository...
2019-05-12 11:43:32,077 INFO eu.stamp_project.dci.repositories.RepositoriesSetter - Checkout 850a9cc02fb72cc450d1a9dc41912fa80fee9020 revision...
