[INFO] Scanning for projects...
[INFO]                                                                         
[INFO] ------------------------------------------------------------------------
[INFO] Building jsoup Java HTML Parser 1.11.3-SNAPSHOT
[INFO] ------------------------------------------------------------------------
[INFO] 
[INFO] --- dspot-maven:2.0.1-SNAPSHOT:amplify-unit-tests (default-cli) @ jsoup ---
[INFO] Path to runner Classes: /home/bedanglot/.m2/repository/eu/stamp-project/test-runner/2.0.7/test-runner-2.0.7-jar-with-dependencies.jar
[INFO] /home/bedanglot/.m2/repository/org/jacoco/org.jacoco.core/0.7.9/org.jacoco.core-0.7.9.jar
[INFO] /home/bedanglot/.m2/repository/org/ow2/asm/asm-debug-all/5.2/asm-debug-all-5.2.jar
[INFO] /home/bedanglot/.m2/repository/eu/stamp-project/test-runner/2.0.7/test-runner-2.0.7-jar-with-dependencies.jar
[WARNING] : unknown automatic builder specified in configuration, going to default.
[INFO] Default: provided Maven automatic builder.
[INFO] Using /tmp/dspot-experiments/dataset/april-2019/jsoup_parent/pom.xml to run maven.
[INFO] Using /usr/share/maven/ for maven home
[INFO] run maven: /usr/share/maven//bin/mvn clean test -DskipTests dependency:build-classpath -Dmdep.outputFile=target/dspot/classpath
[WARN] Maven will be executed in interactive mode, but no input stream has been configured for this MavenInvoker instance.
[INFO] Scanning for projects...
[INFO]                                                                         
[INFO] ------------------------------------------------------------------------
[INFO] Building jsoup Java HTML Parser 1.11.3-SNAPSHOT
[INFO] ------------------------------------------------------------------------
[INFO] 
[INFO] --- maven-clean-plugin:2.5:clean (default-clean) @ jsoup ---
[INFO] Deleting /tmp/dspot-experiments/dataset/april-2019/jsoup_parent/target
[INFO] 
[INFO] --- maven-resources-plugin:3.0.1:resources (default-resources) @ jsoup ---
[INFO] Using 'UTF-8' encoding to copy filtered resources.
[INFO] Copying 0 resource
[INFO] Copying 3 resources to META-INF/
[INFO] 
[INFO] --- maven-compiler-plugin:3.5.1:compile (default-compile) @ jsoup ---
[INFO] Changes detected - recompiling the module!
[INFO] Compiling 67 source files to /tmp/dspot-experiments/dataset/april-2019/jsoup_parent/target/classes
[INFO] /tmp/dspot-experiments/dataset/april-2019/jsoup_parent/src/main/java/org/jsoup/nodes/Attributes.java: Some input files use or override a deprecated API.
[INFO] /tmp/dspot-experiments/dataset/april-2019/jsoup_parent/src/main/java/org/jsoup/nodes/Attributes.java: Recompile with -Xlint:deprecation for details.
[INFO] 
[INFO] --- animal-sniffer-maven-plugin:1.16:check (animal-sniffer) @ jsoup ---
[INFO] Checking unresolved references to net.sf.androidscents.signature:android-api-level-8:2.2_r3
[INFO] 
[INFO] >>> maven-bundle-plugin:2.5.4:manifest (bundle-manifest) > process-classes @ jsoup >>>
[INFO] 
[INFO] --- maven-resources-plugin:3.0.1:resources (default-resources) @ jsoup ---
[INFO] Using 'UTF-8' encoding to copy filtered resources.
[INFO] Copying 0 resource
[INFO] Copying 3 resources to META-INF/
[INFO] 
[INFO] --- maven-compiler-plugin:3.5.1:compile (default-compile) @ jsoup ---
[INFO] Changes detected - recompiling the module!
[INFO] Compiling 67 source files to /tmp/dspot-experiments/dataset/april-2019/jsoup_parent/target/classes
[INFO] /tmp/dspot-experiments/dataset/april-2019/jsoup_parent/src/main/java/org/jsoup/nodes/Attributes.java: Some input files use or override a deprecated API.
[INFO] /tmp/dspot-experiments/dataset/april-2019/jsoup_parent/src/main/java/org/jsoup/nodes/Attributes.java: Recompile with -Xlint:deprecation for details.
[INFO] 
[INFO] --- animal-sniffer-maven-plugin:1.16:check (animal-sniffer) @ jsoup ---
[INFO] Checking unresolved references to net.sf.androidscents.signature:android-api-level-8:2.2_r3
[INFO] 
[INFO] <<< maven-bundle-plugin:2.5.4:manifest (bundle-manifest) < process-classes @ jsoup <<<
[INFO] 
[INFO] --- maven-bundle-plugin:2.5.4:manifest (bundle-manifest) @ jsoup ---
[INFO] 
[INFO] --- maven-resources-plugin:3.0.1:testResources (default-testResources) @ jsoup ---
[INFO] Using 'UTF-8' encoding to copy filtered resources.
[INFO] Copying 23 resources
[INFO] 
[INFO] --- maven-compiler-plugin:3.5.1:testCompile (default-testCompile) @ jsoup ---
[INFO] Changes detected - recompiling the module!
[INFO] Compiling 44 source files to /tmp/dspot-experiments/dataset/april-2019/jsoup_parent/target/test-classes
[INFO] /tmp/dspot-experiments/dataset/april-2019/jsoup_parent/src/test/java/org/jsoup/parser/AttributeParseTest.java: Some input files use or override a deprecated API.
[INFO] /tmp/dspot-experiments/dataset/april-2019/jsoup_parent/src/test/java/org/jsoup/parser/AttributeParseTest.java: Recompile with -Xlint:deprecation for details.
[INFO] 
[INFO] --- maven-surefire-plugin:2.17:test (default-test) @ jsoup ---
[INFO] Tests are skipped.
[INFO] 
[INFO] --- maven-dependency-plugin:2.8:build-classpath (default-cli) @ jsoup ---
[INFO] Wrote classpath file '/tmp/dspot-experiments/dataset/april-2019/jsoup_parent/target/dspot/classpath'.
[INFO] ------------------------------------------------------------------------
[INFO] BUILD SUCCESS
[INFO] ------------------------------------------------------------------------
[INFO] Total time: 5.391 s
[INFO] Finished at: 2019-05-07T17:58:45+02:00
[INFO] Final Memory: 37M/2239M
[INFO] ------------------------------------------------------------------------
[INFO] Amplification of org.jsoup.parser.XmlTreeBuilderTest (14 test(s))
[INFO] Assertion amplification of org.jsoup.parser.XmlTreeBuilderTest (14 test(s))
[INFO] Cache 'frameworkCache' created in EhcacheManager.
[WARNING] You gave an empty filter. To use PIT, it is recommend to specify a filter, at least, the top package of your program, otherwise, PIT may take a long time or could not be run.
[INFO] A new filter has been computed on the fly: org.jsoup.*
[INFO] Using /tmp/dspot-experiments/dataset/april-2019/jsoup/pom.xml to run maven.
[INFO] Using /usr/share/maven/ for maven home
[INFO] run maven: /usr/share/maven//bin/mvn clean test -DskipTests
[WARN] Maven will be executed in interactive mode, but no input stream has been configured for this MavenInvoker instance.
[INFO] Scanning for projects...
[INFO]                                                                         
[INFO] ------------------------------------------------------------------------
[INFO] Building jsoup Java HTML Parser 1.11.3-SNAPSHOT
[INFO] ------------------------------------------------------------------------
[INFO] 
[INFO] --- maven-clean-plugin:2.5:clean (default-clean) @ jsoup ---
[INFO] Deleting /tmp/dspot-experiments/dataset/april-2019/jsoup/target
[INFO] 
[INFO] --- maven-resources-plugin:3.0.1:resources (default-resources) @ jsoup ---
[INFO] Using 'UTF-8' encoding to copy filtered resources.
[INFO] Copying 0 resource
[INFO] Copying 3 resources to META-INF/
[INFO] 
[INFO] --- maven-compiler-plugin:3.5.1:compile (default-compile) @ jsoup ---
[INFO] Changes detected - recompiling the module!
[INFO] Compiling 67 source files to /tmp/dspot-experiments/dataset/april-2019/jsoup/target/classes
[INFO] /tmp/dspot-experiments/dataset/april-2019/jsoup/src/main/java/org/jsoup/nodes/Attributes.java: Some input files use or override a deprecated API.
[INFO] /tmp/dspot-experiments/dataset/april-2019/jsoup/src/main/java/org/jsoup/nodes/Attributes.java: Recompile with -Xlint:deprecation for details.
[INFO] 
[INFO] --- animal-sniffer-maven-plugin:1.16:check (animal-sniffer) @ jsoup ---
[INFO] Checking unresolved references to net.sf.androidscents.signature:android-api-level-8:2.2_r3
[INFO] 
[INFO] >>> maven-bundle-plugin:2.5.4:manifest (bundle-manifest) > process-classes @ jsoup >>>
[INFO] 
[INFO] --- maven-resources-plugin:3.0.1:resources (default-resources) @ jsoup ---
[INFO] Using 'UTF-8' encoding to copy filtered resources.
[INFO] Copying 0 resource
[INFO] Copying 3 resources to META-INF/
[INFO] 
[INFO] --- maven-compiler-plugin:3.5.1:compile (default-compile) @ jsoup ---
[INFO] Changes detected - recompiling the module!
[INFO] Compiling 67 source files to /tmp/dspot-experiments/dataset/april-2019/jsoup/target/classes
[INFO] /tmp/dspot-experiments/dataset/april-2019/jsoup/src/main/java/org/jsoup/nodes/Attributes.java: Some input files use or override a deprecated API.
[INFO] /tmp/dspot-experiments/dataset/april-2019/jsoup/src/main/java/org/jsoup/nodes/Attributes.java: Recompile with -Xlint:deprecation for details.
[INFO] 
[INFO] --- animal-sniffer-maven-plugin:1.16:check (animal-sniffer) @ jsoup ---
[INFO] Checking unresolved references to net.sf.androidscents.signature:android-api-level-8:2.2_r3
[INFO] 
[INFO] <<< maven-bundle-plugin:2.5.4:manifest (bundle-manifest) < process-classes @ jsoup <<<
[INFO] 
[INFO] --- maven-bundle-plugin:2.5.4:manifest (bundle-manifest) @ jsoup ---
[INFO] 
[INFO] --- maven-resources-plugin:3.0.1:testResources (default-testResources) @ jsoup ---
[INFO] Using 'UTF-8' encoding to copy filtered resources.
[INFO] Copying 23 resources
[INFO] 
[INFO] --- maven-compiler-plugin:3.5.1:testCompile (default-testCompile) @ jsoup ---
[INFO] Changes detected - recompiling the module!
[INFO] Compiling 44 source files to /tmp/dspot-experiments/dataset/april-2019/jsoup/target/test-classes
[INFO] /tmp/dspot-experiments/dataset/april-2019/jsoup/src/test/java/org/jsoup/parser/AttributeParseTest.java: Some input files use or override a deprecated API.
[INFO] /tmp/dspot-experiments/dataset/april-2019/jsoup/src/test/java/org/jsoup/parser/AttributeParseTest.java: Recompile with -Xlint:deprecation for details.
[INFO] 
[INFO] --- maven-surefire-plugin:2.17:test (default-test) @ jsoup ---
[INFO] Tests are skipped.
[INFO] ------------------------------------------------------------------------
[INFO] BUILD SUCCESS
[INFO] ------------------------------------------------------------------------
[INFO] Total time: 4.665 s
[INFO] Finished at: 2019-05-07T17:58:55+02:00
[INFO] Final Memory: 33M/1963M
[INFO] ------------------------------------------------------------------------
[INFO] Compiling with -proceedOnError -encoding UTF-8 -cp /tmp/dspot-experiments/dataset/april-2019/jsoup_parent/target/dspot/tmp_test_sources:/home/bedanglot/.m2/repository/junit/junit/4.12/junit-4.12.jar:/home/bedanglot/.m2/repository/org/hamcrest/hamcrest-core/1.3/hamcrest-core-1.3.jar:/home/bedanglot/.m2/repository/com/google/code/gson/gson/2.7/gson-2.7.jar:/home/bedanglot/.m2/repository/org/eclipse/jetty/jetty-server/9.2.22.v20170606/jetty-server-9.2.22.v20170606.jar:/home/bedanglot/.m2/repository/javax/servlet/javax.servlet-api/3.1.0/javax.servlet-api-3.1.0.jar:/home/bedanglot/.m2/repository/org/eclipse/jetty/jetty-http/9.2.22.v20170606/jetty-http-9.2.22.v20170606.jar:/home/bedanglot/.m2/repository/org/eclipse/jetty/jetty-util/9.2.22.v20170606/jetty-util-9.2.22.v20170606.jar:/home/bedanglot/.m2/repository/org/eclipse/jetty/jetty-io/9.2.22.v20170606/jetty-io-9.2.22.v20170606.jar:/home/bedanglot/.m2/repository/org/eclipse/jetty/jetty-servlet/9.2.22.v20170606/jetty-servlet-9.2.22.v20170606.jar:/home/bedanglot/.m2/repository/org/eclipse/jetty/jetty-security/9.2.22.v20170606/jetty-security-9.2.22.v20170606.jar:/tmp/dspot-experiments/dataset/april-2019/jsoup_parent/target/classes/:/tmp/dspot-experiments/dataset/april-2019/jsoup_parent/target/test-classes/:/tmp/dspot-experiments/dataset/april-2019/jsoup_parent/target/dspot/dependencies/: -d /tmp/dspot-experiments/dataset/april-2019/jsoup_parent/target/test-classes -1.8 -preserveAllLocals -noExit -enableJavadoc -proc:none /tmp/dspot-experiments/dataset/april-2019/jsoup_parent/target/dspot/tmp_test_sources/org/jsoup/parser/XmlTreeBuilderTest.java
[INFO] Run: java -classpath /tmp/dspot-experiments/dataset/april-2019/jsoup_parent/target/classes/:/tmp/dspot-experiments/dataset/april-2019/jsoup_parent/target/test-classes:/home/bedanglot/.m2/repository/junit/junit/4.12/junit-4.12.jar:/home/bedanglot/.m2/repository/org/hamcrest/hamcrest-core/1.3/hamcrest-core-1.3.jar:/home/bedanglot/.m2/repository/com/google/code/gson/gson/2.7/gson-2.7.jar:/home/bedanglot/.m2/repository/org/eclipse/jetty/jetty-server/9.2.22.v20170606/jetty-server-9.2.22.v20170606.jar:/home/bedanglot/.m2/repository/javax/servlet/javax.servlet-api/3.1.0/javax.servlet-api-3.1.0.jar:/home/bedanglot/.m2/repository/org/eclipse/jetty/jetty-http/9.2.22.v20170606/jetty-http-9.2.22.v20170606.jar:/home/bedanglot/.m2/repository/org/eclipse/jetty/jetty-util/9.2.22.v20170606/jetty-util-9.2.22.v20170606.jar:/home/bedanglot/.m2/repository/org/eclipse/jetty/jetty-io/9.2.22.v20170606/jetty-io-9.2.22.v20170606.jar:/home/bedanglot/.m2/repository/org/eclipse/jetty/jetty-servlet/9.2.22.v20170606/jetty-servlet-9.2.22.v20170606.jar:/home/bedanglot/.m2/repository/org/eclipse/jetty/jetty-security/9.2.22.v20170606/jetty-security-9.2.22.v20170606.jar:/tmp/dspot-experiments/dataset/april-2019/jsoup_parent/target/dspot/dependencies/:/home/bedanglot/.m2/repository/eu/stamp-project/test-runner/2.0.7/test-runner-2.0.7-jar-with-dependencies.jar eu.stamp_project.testrunner.runner.JUnit4Runner --class org.jsoup.parser.XmlTreeBuilderTest --tests preservesCaseByDefault:testPopToClose:handlesXmlDeclarationAsDeclaration:testDoesNotForceSelfClosingKnownTags:normalizesDiscordantTags:testSupplyParserToJsoupClass:testDetectCharsetEncodingDeclaration:canNormalizeCase:testParseDeclarationAttributes:xmlFragment:cdataPreservesWhiteSpace:testSimpleXmlParse:testSupplyParserToDataStream:roundTripsCdata 
Parsing --class org.jsoup.parser.XmlTreeBuilderTest --tests preservesCaseByDefault:testPopToClose:handlesXmlDeclarationAsDeclaration:testDoesNotForceSelfClosingKnownTags:normalizesDiscordantTags:testSupplyParserToJsoupClass:testDetectCharsetEncodingDeclaration:canNormalizeCase:testParseDeclarationAttributes:xmlFragment:cdataPreservesWhiteSpace:testSimpleXmlParse:testSupplyParserToDataStream:roundTripsCdata
File saved to the following path: /tmp/dspot-experiments/dataset/april-2019/jsoup_parent/target/dspot/TestResult.ser
Loading /tmp/dspot-experiments/dataset/april-2019/jsoup_parent/target/dspot/TestResult.ser
[INFO] Test has been run: testPopToClose,handlesXmlDeclarationAsDeclaration,testSupplyParserToJsoupClass,normalizesDiscordantTags,testDoesNotForceSelfClosingKnownTags,testSimpleXmlParse,xmlFragment,testDetectCharsetEncodingDeclaration,roundTripsCdata,canNormalizeCase,cdataPreservesWhiteSpace,preservesCaseByDefault,testParseDeclarationAttributes,testSupplyParserToDataStream
[INFO] Run tests. (14)
[INFO] Compiling with -proceedOnError -encoding UTF-8 -cp /tmp/dspot-experiments/dataset/april-2019/jsoup_parent/target/dspot/tmp_test_sources:/home/bedanglot/.m2/repository/junit/junit/4.12/junit-4.12.jar:/home/bedanglot/.m2/repository/org/hamcrest/hamcrest-core/1.3/hamcrest-core-1.3.jar:/home/bedanglot/.m2/repository/com/google/code/gson/gson/2.7/gson-2.7.jar:/home/bedanglot/.m2/repository/org/eclipse/jetty/jetty-server/9.2.22.v20170606/jetty-server-9.2.22.v20170606.jar:/home/bedanglot/.m2/repository/javax/servlet/javax.servlet-api/3.1.0/javax.servlet-api-3.1.0.jar:/home/bedanglot/.m2/repository/org/eclipse/jetty/jetty-http/9.2.22.v20170606/jetty-http-9.2.22.v20170606.jar:/home/bedanglot/.m2/repository/org/eclipse/jetty/jetty-util/9.2.22.v20170606/jetty-util-9.2.22.v20170606.jar:/home/bedanglot/.m2/repository/org/eclipse/jetty/jetty-io/9.2.22.v20170606/jetty-io-9.2.22.v20170606.jar:/home/bedanglot/.m2/repository/org/eclipse/jetty/jetty-servlet/9.2.22.v20170606/jetty-servlet-9.2.22.v20170606.jar:/home/bedanglot/.m2/repository/org/eclipse/jetty/jetty-security/9.2.22.v20170606/jetty-security-9.2.22.v20170606.jar:/tmp/dspot-experiments/dataset/april-2019/jsoup_parent/target/classes/:/tmp/dspot-experiments/dataset/april-2019/jsoup_parent/target/test-classes/:/tmp/dspot-experiments/dataset/april-2019/jsoup_parent/target/dspot/dependencies/: -d /tmp/dspot-experiments/dataset/april-2019/jsoup_parent/target/test-classes -1.8 -preserveAllLocals -noExit -enableJavadoc -proc:none /tmp/dspot-experiments/dataset/april-2019/jsoup_parent/target/dspot/tmp_test_sources/org/jsoup/parser/XmlTreeBuilderTest.java
[INFO] Run: java -classpath /tmp/dspot-experiments/dataset/april-2019/jsoup_parent/target/classes/:/tmp/dspot-experiments/dataset/april-2019/jsoup_parent/target/test-classes:/home/bedanglot/.m2/repository/junit/junit/4.12/junit-4.12.jar:/home/bedanglot/.m2/repository/org/hamcrest/hamcrest-core/1.3/hamcrest-core-1.3.jar:/home/bedanglot/.m2/repository/com/google/code/gson/gson/2.7/gson-2.7.jar:/home/bedanglot/.m2/repository/org/eclipse/jetty/jetty-server/9.2.22.v20170606/jetty-server-9.2.22.v20170606.jar:/home/bedanglot/.m2/repository/javax/servlet/javax.servlet-api/3.1.0/javax.servlet-api-3.1.0.jar:/home/bedanglot/.m2/repository/org/eclipse/jetty/jetty-http/9.2.22.v20170606/jetty-http-9.2.22.v20170606.jar:/home/bedanglot/.m2/repository/org/eclipse/jetty/jetty-util/9.2.22.v20170606/jetty-util-9.2.22.v20170606.jar:/home/bedanglot/.m2/repository/org/eclipse/jetty/jetty-io/9.2.22.v20170606/jetty-io-9.2.22.v20170606.jar:/home/bedanglot/.m2/repository/org/eclipse/jetty/jetty-servlet/9.2.22.v20170606/jetty-servlet-9.2.22.v20170606.jar:/home/bedanglot/.m2/repository/org/eclipse/jetty/jetty-security/9.2.22.v20170606/jetty-security-9.2.22.v20170606.jar:/tmp/dspot-experiments/dataset/april-2019/jsoup_parent/target/dspot/dependencies/:/home/bedanglot/.m2/repository/eu/stamp-project/test-runner/2.0.7/test-runner-2.0.7-jar-with-dependencies.jar eu.stamp_project.testrunner.runner.JUnit4Runner --class org.jsoup.parser.XmlTreeBuilderTest --tests preservesCaseByDefault:testPopToClose:handlesXmlDeclarationAsDeclaration:testDoesNotForceSelfClosingKnownTags:normalizesDiscordantTags:testSupplyParserToJsoupClass:testDetectCharsetEncodingDeclaration:canNormalizeCase:testParseDeclarationAttributes:xmlFragment:cdataPreservesWhiteSpace:testSimpleXmlParse:testSupplyParserToDataStream:roundTripsCdata 
Parsing --class org.jsoup.parser.XmlTreeBuilderTest --tests preservesCaseByDefault:testPopToClose:handlesXmlDeclarationAsDeclaration:testDoesNotForceSelfClosingKnownTags:normalizesDiscordantTags:testSupplyParserToJsoupClass:testDetectCharsetEncodingDeclaration:canNormalizeCase:testParseDeclarationAttributes:xmlFragment:cdataPreservesWhiteSpace:testSimpleXmlParse:testSupplyParserToDataStream:roundTripsCdata
File saved to the following path: /tmp/dspot-experiments/dataset/april-2019/jsoup_parent/target/dspot/TestResult.ser
Loading /tmp/dspot-experiments/dataset/april-2019/jsoup_parent/target/dspot/TestResult.ser
[INFO] Test has been run: testPopToClose,handlesXmlDeclarationAsDeclaration,testSupplyParserToJsoupClass,normalizesDiscordantTags,testDoesNotForceSelfClosingKnownTags,testSimpleXmlParse,xmlFragment,testDetectCharsetEncodingDeclaration,roundTripsCdata,canNormalizeCase,cdataPreservesWhiteSpace,preservesCaseByDefault,testParseDeclarationAttributes,testSupplyParserToDataStream
[INFO] 14 test pass, generating assertion...
[INFO] Add observations points in passing tests.
[INFO] Instrumentation...
  7% |=== ]/ 14% |======= ]- 21% |========== ]\ 28% |============== ]| 35% |================= ]/ 42% |===================== ]- 50% |========================= ]\ 57% |============================ ]| 64% |================================ ]/ 71% |=================================== ]- 78% |======================================= ]\ 85% |========================================== ]| 92% |============================================== ]/100% |================================================== ]-
[INFO] Run instrumented tests. (42)
[INFO] Compiling with -proceedOnError -encoding UTF-8 -cp /tmp/dspot-experiments/dataset/april-2019/jsoup_parent/target/dspot/tmp_test_sources:/home/bedanglot/.m2/repository/junit/junit/4.12/junit-4.12.jar:/home/bedanglot/.m2/repository/org/hamcrest/hamcrest-core/1.3/hamcrest-core-1.3.jar:/home/bedanglot/.m2/repository/com/google/code/gson/gson/2.7/gson-2.7.jar:/home/bedanglot/.m2/repository/org/eclipse/jetty/jetty-server/9.2.22.v20170606/jetty-server-9.2.22.v20170606.jar:/home/bedanglot/.m2/repository/javax/servlet/javax.servlet-api/3.1.0/javax.servlet-api-3.1.0.jar:/home/bedanglot/.m2/repository/org/eclipse/jetty/jetty-http/9.2.22.v20170606/jetty-http-9.2.22.v20170606.jar:/home/bedanglot/.m2/repository/org/eclipse/jetty/jetty-util/9.2.22.v20170606/jetty-util-9.2.22.v20170606.jar:/home/bedanglot/.m2/repository/org/eclipse/jetty/jetty-io/9.2.22.v20170606/jetty-io-9.2.22.v20170606.jar:/home/bedanglot/.m2/repository/org/eclipse/jetty/jetty-servlet/9.2.22.v20170606/jetty-servlet-9.2.22.v20170606.jar:/home/bedanglot/.m2/repository/org/eclipse/jetty/jetty-security/9.2.22.v20170606/jetty-security-9.2.22.v20170606.jar:/tmp/dspot-experiments/dataset/april-2019/jsoup_parent/target/classes/:/tmp/dspot-experiments/dataset/april-2019/jsoup_parent/target/test-classes/:/tmp/dspot-experiments/dataset/april-2019/jsoup_parent/target/dspot/dependencies/: -d /tmp/dspot-experiments/dataset/april-2019/jsoup_parent/target/test-classes -1.8 -preserveAllLocals -noExit -enableJavadoc -proc:none /tmp/dspot-experiments/dataset/april-2019/jsoup_parent/target/dspot/tmp_test_sources/org/jsoup/parser/XmlTreeBuilderTest.java
[INFO] Run: java -classpath /tmp/dspot-experiments/dataset/april-2019/jsoup_parent/target/classes/:/tmp/dspot-experiments/dataset/april-2019/jsoup_parent/target/test-classes:/home/bedanglot/.m2/repository/junit/junit/4.12/junit-4.12.jar:/home/bedanglot/.m2/repository/org/hamcrest/hamcrest-core/1.3/hamcrest-core-1.3.jar:/home/bedanglot/.m2/repository/com/google/code/gson/gson/2.7/gson-2.7.jar:/home/bedanglot/.m2/repository/org/eclipse/jetty/jetty-server/9.2.22.v20170606/jetty-server-9.2.22.v20170606.jar:/home/bedanglot/.m2/repository/javax/servlet/javax.servlet-api/3.1.0/javax.servlet-api-3.1.0.jar:/home/bedanglot/.m2/repository/org/eclipse/jetty/jetty-http/9.2.22.v20170606/jetty-http-9.2.22.v20170606.jar:/home/bedanglot/.m2/repository/org/eclipse/jetty/jetty-util/9.2.22.v20170606/jetty-util-9.2.22.v20170606.jar:/home/bedanglot/.m2/repository/org/eclipse/jetty/jetty-io/9.2.22.v20170606/jetty-io-9.2.22.v20170606.jar:/home/bedanglot/.m2/repository/org/eclipse/jetty/jetty-servlet/9.2.22.v20170606/jetty-servlet-9.2.22.v20170606.jar:/home/bedanglot/.m2/repository/org/eclipse/jetty/jetty-security/9.2.22.v20170606/jetty-security-9.2.22.v20170606.jar:/tmp/dspot-experiments/dataset/april-2019/jsoup_parent/target/dspot/dependencies/:/home/bedanglot/.m2/repository/eu/stamp-project/test-runner/2.0.7/test-runner-2.0.7-jar-with-dependencies.jar eu.stamp_project.testrunner.runner.JUnit4Runner --class org.jsoup.parser.XmlTreeBuilderTest --tests preservesCaseByDefault_withlog0:testPopToClose_withlog0:handlesXmlDeclarationAsDeclaration_withlog0:testDoesNotForceSelfClosingKnownTags_withlog0:normalizesDiscordantTags_withlog0:testSupplyParserToJsoupClass_withlog0:testDetectCharsetEncodingDeclaration_withlog0:canNormalizeCase_withlog0:testParseDeclarationAttributes_withlog0:xmlFragment_withlog0:cdataPreservesWhiteSpace_withlog0:testSimpleXmlParse_withlog0:testSupplyParserToDataStream_withlog0:roundTripsCdata_withlog0:preservesCaseByDefault_withlog1:testPopToClose_withlog1:handlesXmlDeclarationAsDeclaration_withlog1:testDoesNotForceSelfClosingKnownTags_withlog1:normalizesDiscordantTags_withlog1:testSupplyParserToJsoupClass_withlog1:testDetectCharsetEncodingDeclaration_withlog1:canNormalizeCase_withlog1:testParseDeclarationAttributes_withlog1:xmlFragment_withlog1:cdataPreservesWhiteSpace_withlog1:testSimpleXmlParse_withlog1:testSupplyParserToDataStream_withlog1:roundTripsCdata_withlog1:preservesCaseByDefault_withlog2:testPopToClose_withlog2:handlesXmlDeclarationAsDeclaration_withlog2:testDoesNotForceSelfClosingKnownTags_withlog2:normalizesDiscordantTags_withlog2:testSupplyParserToJsoupClass_withlog2:testDetectCharsetEncodingDeclaration_withlog2:canNormalizeCase_withlog2:testParseDeclarationAttributes_withlog2:xmlFragment_withlog2:cdataPreservesWhiteSpace_withlog2:testSimpleXmlParse_withlog2:testSupplyParserToDataStream_withlog2:roundTripsCdata_withlog2 
Parsing --class org.jsoup.parser.XmlTreeBuilderTest --tests preservesCaseByDefault_withlog0:testPopToClose_withlog0:handlesXmlDeclarationAsDeclaration_withlog0:testDoesNotForceSelfClosingKnownTags_withlog0:normalizesDiscordantTags_withlog0:testSupplyParserToJsoupClass_withlog0:testDetectCharsetEncodingDeclaration_withlog0:canNormalizeCase_withlog0:testParseDeclarationAttributes_withlog0:xmlFragment_withlog0:cdataPreservesWhiteSpace_withlog0:testSimpleXmlParse_withlog0:testSupplyParserToDataStream_withlog0:roundTripsCdata_withlog0:preservesCaseByDefault_withlog1:testPopToClose_withlog1:handlesXmlDeclarationAsDeclaration_withlog1:testDoesNotForceSelfClosingKnownTags_withlog1:normalizesDiscordantTags_withlog1:testSupplyParserToJsoupClass_withlog1:testDetectCharsetEncodingDeclaration_withlog1:canNormalizeCase_withlog1:testParseDeclarationAttributes_withlog1:xmlFragment_withlog1:cdataPreservesWhiteSpace_withlog1:testSimpleXmlParse_withlog1:testSupplyParserToDataStream_withlog1:roundTripsCdata_withlog1:preservesCaseByDefault_withlog2:testPopToClose_withlog2:handlesXmlDeclarationAsDeclaration_withlog2:testDoesNotForceSelfClosingKnownTags_withlog2:normalizesDiscordantTags_withlog2:testSupplyParserToJsoupClass_withlog2:testDetectCharsetEncodingDeclaration_withlog2:canNormalizeCase_withlog2:testParseDeclarationAttributes_withlog2:xmlFragment_withlog2:cdataPreservesWhiteSpace_withlog2:testSimpleXmlParse_withlog2:testSupplyParserToDataStream_withlog2:roundTripsCdata_withlog2
File saved to the following path: /tmp/dspot-experiments/dataset/april-2019/jsoup_parent/target/dspot/observations.ser
File saved to the following path: /tmp/dspot-experiments/dataset/april-2019/jsoup_parent/target/dspot/TestResult.ser
Loading /tmp/dspot-experiments/dataset/april-2019/jsoup_parent/target/dspot/TestResult.ser
[INFO] Test has been run: testDoesNotForceSelfClosingKnownTags_withlog0,testDoesNotForceSelfClosingKnownTags_withlog1,testDoesNotForceSelfClosingKnownTags_withlog2,xmlFragment_withlog0,xmlFragment_withlog1,xmlFragment_withlog2,preservesCaseByDefault_withlog0,preservesCaseByDefault_withlog1,preservesCaseByDefault_withlog2,testSimpleXmlParse_withlog0,testSimpleXmlParse_withlog1,testSimpleXmlParse_withlog2,testParseDeclarationAttributes_withlog0,testParseDeclarationAttributes_withlog1,testParseDeclarationAttributes_withlog2,cdataPreservesWhiteSpace_withlog0,cdataPreservesWhiteSpace_withlog1,cdataPreservesWhiteSpace_withlog2,testDetectCharsetEncodingDeclaration_withlog0,testDetectCharsetEncodingDeclaration_withlog1,testDetectCharsetEncodingDeclaration_withlog2,testSupplyParserToDataStream_withlog0,testSupplyParserToDataStream_withlog1,testSupplyParserToDataStream_withlog2,roundTripsCdata_withlog0,roundTripsCdata_withlog1,roundTripsCdata_withlog2,canNormalizeCase_withlog0,canNormalizeCase_withlog1,canNormalizeCase_withlog2,testSupplyParserToJsoupClass_withlog0,testSupplyParserToJsoupClass_withlog1,testSupplyParserToJsoupClass_withlog2,normalizesDiscordantTags_withlog0,normalizesDiscordantTags_withlog1,normalizesDiscordantTags_withlog2,testPopToClose_withlog0,testPopToClose_withlog1,testPopToClose_withlog2,handlesXmlDeclarationAsDeclaration_withlog0,handlesXmlDeclarationAsDeclaration_withlog1,handlesXmlDeclarationAsDeclaration_withlog2
[INFO] Generating assertions...
[INFO] 14 new tests with assertions generated
[INFO] Compiling with -proceedOnError -encoding UTF-8 -cp /tmp/dspot-experiments/dataset/april-2019/jsoup_parent/target/dspot/tmp_test_sources:/home/bedanglot/.m2/repository/junit/junit/4.12/junit-4.12.jar:/home/bedanglot/.m2/repository/org/hamcrest/hamcrest-core/1.3/hamcrest-core-1.3.jar:/home/bedanglot/.m2/repository/com/google/code/gson/gson/2.7/gson-2.7.jar:/home/bedanglot/.m2/repository/org/eclipse/jetty/jetty-server/9.2.22.v20170606/jetty-server-9.2.22.v20170606.jar:/home/bedanglot/.m2/repository/javax/servlet/javax.servlet-api/3.1.0/javax.servlet-api-3.1.0.jar:/home/bedanglot/.m2/repository/org/eclipse/jetty/jetty-http/9.2.22.v20170606/jetty-http-9.2.22.v20170606.jar:/home/bedanglot/.m2/repository/org/eclipse/jetty/jetty-util/9.2.22.v20170606/jetty-util-9.2.22.v20170606.jar:/home/bedanglot/.m2/repository/org/eclipse/jetty/jetty-io/9.2.22.v20170606/jetty-io-9.2.22.v20170606.jar:/home/bedanglot/.m2/repository/org/eclipse/jetty/jetty-servlet/9.2.22.v20170606/jetty-servlet-9.2.22.v20170606.jar:/home/bedanglot/.m2/repository/org/eclipse/jetty/jetty-security/9.2.22.v20170606/jetty-security-9.2.22.v20170606.jar:/tmp/dspot-experiments/dataset/april-2019/jsoup_parent/target/classes/:/tmp/dspot-experiments/dataset/april-2019/jsoup_parent/target/test-classes/:/tmp/dspot-experiments/dataset/april-2019/jsoup_parent/target/dspot/dependencies/: -d /tmp/dspot-experiments/dataset/april-2019/jsoup_parent/target/test-classes -1.8 -preserveAllLocals -noExit -enableJavadoc -proc:none /tmp/dspot-experiments/dataset/april-2019/jsoup_parent/target/dspot/tmp_test_sources/org/jsoup/parser/XmlTreeBuilderTest.java
[INFO] Run: java -classpath /tmp/dspot-experiments/dataset/april-2019/jsoup_parent/target/classes/:/tmp/dspot-experiments/dataset/april-2019/jsoup_parent/target/test-classes:/home/bedanglot/.m2/repository/junit/junit/4.12/junit-4.12.jar:/home/bedanglot/.m2/repository/org/hamcrest/hamcrest-core/1.3/hamcrest-core-1.3.jar:/home/bedanglot/.m2/repository/com/google/code/gson/gson/2.7/gson-2.7.jar:/home/bedanglot/.m2/repository/org/eclipse/jetty/jetty-server/9.2.22.v20170606/jetty-server-9.2.22.v20170606.jar:/home/bedanglot/.m2/repository/javax/servlet/javax.servlet-api/3.1.0/javax.servlet-api-3.1.0.jar:/home/bedanglot/.m2/repository/org/eclipse/jetty/jetty-http/9.2.22.v20170606/jetty-http-9.2.22.v20170606.jar:/home/bedanglot/.m2/repository/org/eclipse/jetty/jetty-util/9.2.22.v20170606/jetty-util-9.2.22.v20170606.jar:/home/bedanglot/.m2/repository/org/eclipse/jetty/jetty-io/9.2.22.v20170606/jetty-io-9.2.22.v20170606.jar:/home/bedanglot/.m2/repository/org/eclipse/jetty/jetty-servlet/9.2.22.v20170606/jetty-servlet-9.2.22.v20170606.jar:/home/bedanglot/.m2/repository/org/eclipse/jetty/jetty-security/9.2.22.v20170606/jetty-security-9.2.22.v20170606.jar:/tmp/dspot-experiments/dataset/april-2019/jsoup_parent/target/dspot/dependencies/:/home/bedanglot/.m2/repository/eu/stamp-project/test-runner/2.0.7/test-runner-2.0.7-jar-with-dependencies.jar eu.stamp_project.testrunner.runner.JUnit4Runner --class org.jsoup.parser.XmlTreeBuilderTest --tests preservesCaseByDefault:testPopToClose:handlesXmlDeclarationAsDeclaration:testDoesNotForceSelfClosingKnownTags:normalizesDiscordantTags:testSupplyParserToJsoupClass:testDetectCharsetEncodingDeclaration:canNormalizeCase:testParseDeclarationAttributes:xmlFragment:cdataPreservesWhiteSpace:testSimpleXmlParse:testSupplyParserToDataStream:roundTripsCdata 
Parsing --class org.jsoup.parser.XmlTreeBuilderTest --tests preservesCaseByDefault:testPopToClose:handlesXmlDeclarationAsDeclaration:testDoesNotForceSelfClosingKnownTags:normalizesDiscordantTags:testSupplyParserToJsoupClass:testDetectCharsetEncodingDeclaration:canNormalizeCase:testParseDeclarationAttributes:xmlFragment:cdataPreservesWhiteSpace:testSimpleXmlParse:testSupplyParserToDataStream:roundTripsCdata
File saved to the following path: /tmp/dspot-experiments/dataset/april-2019/jsoup_parent/target/dspot/TestResult.ser
Loading /tmp/dspot-experiments/dataset/april-2019/jsoup_parent/target/dspot/TestResult.ser
[INFO] Test has been run: testPopToClose,handlesXmlDeclarationAsDeclaration,testSupplyParserToJsoupClass,normalizesDiscordantTags,testDoesNotForceSelfClosingKnownTags,testSimpleXmlParse,xmlFragment,testDetectCharsetEncodingDeclaration,roundTripsCdata,canNormalizeCase,cdataPreservesWhiteSpace,preservesCaseByDefault,testParseDeclarationAttributes,testSupplyParserToDataStream
[INFO] Assertion amplification: 14 test method(s) has been successfully amplified.
[WARN] 2019-05-07 17:58:58 Launcher - You specified the directory /tmp/dspot-experiments/dataset/april-2019/jsoup/target/classes in source classpath, please note that only class files will be considered. Jars and subdirectories will be ignored.
[WARN] 2019-05-07 17:58:58 Launcher - You specified the directory /tmp/dspot-experiments/dataset/april-2019/jsoup/target/test-classes in source classpath, please note that only class files will be considered. Jars and subdirectories will be ignored.
[WARN] 2019-05-07 17:58:58 Launcher - You specified the directory /tmp/dspot-experiments/dataset/april-2019/jsoup/target/dspot/dependencies in source classpath, please note that only class files will be considered. Jars and subdirectories will be ignored.
[INFO] Run: java -classpath /tmp/dspot-experiments/dataset/april-2019/jsoup/target/classes/:/tmp/dspot-experiments/dataset/april-2019/jsoup/target/test-classes/:/home/bedanglot/.m2/repository/junit/junit/4.12/junit-4.12.jar:/home/bedanglot/.m2/repository/org/hamcrest/hamcrest-core/1.3/hamcrest-core-1.3.jar:/home/bedanglot/.m2/repository/com/google/code/gson/gson/2.7/gson-2.7.jar:/home/bedanglot/.m2/repository/org/eclipse/jetty/jetty-server/9.2.22.v20170606/jetty-server-9.2.22.v20170606.jar:/home/bedanglot/.m2/repository/javax/servlet/javax.servlet-api/3.1.0/javax.servlet-api-3.1.0.jar:/home/bedanglot/.m2/repository/org/eclipse/jetty/jetty-http/9.2.22.v20170606/jetty-http-9.2.22.v20170606.jar:/home/bedanglot/.m2/repository/org/eclipse/jetty/jetty-util/9.2.22.v20170606/jetty-util-9.2.22.v20170606.jar:/home/bedanglot/.m2/repository/org/eclipse/jetty/jetty-io/9.2.22.v20170606/jetty-io-9.2.22.v20170606.jar:/home/bedanglot/.m2/repository/org/eclipse/jetty/jetty-servlet/9.2.22.v20170606/jetty-servlet-9.2.22.v20170606.jar:/home/bedanglot/.m2/repository/org/eclipse/jetty/jetty-security/9.2.22.v20170606/jetty-security-9.2.22.v20170606.jar:/tmp/dspot-experiments/dataset/april-2019/jsoup/target/dspot/dependencies/:/home/bedanglot/.m2/repository/eu/stamp-project/test-runner/2.0.7/test-runner-2.0.7-jar-with-dependencies.jar eu.stamp_project.testrunner.runner.JUnit4Runner --class org.jsoup.parser.XmlTreeBuilderTest --tests preservesCaseByDefault:testPopToClose:handlesXmlDeclarationAsDeclaration:testDoesNotForceSelfClosingKnownTags:normalizesDiscordantTags:testSupplyParserToJsoupClass:testDetectCharsetEncodingDeclaration:canNormalizeCase:testParseDeclarationAttributes:xmlFragment:cdataPreservesWhiteSpace:testSimpleXmlParse:testSupplyParserToDataStream:roundTripsCdata 
Parsing --class org.jsoup.parser.XmlTreeBuilderTest --tests preservesCaseByDefault:testPopToClose:handlesXmlDeclarationAsDeclaration:testDoesNotForceSelfClosingKnownTags:normalizesDiscordantTags:testSupplyParserToJsoupClass:testDetectCharsetEncodingDeclaration:canNormalizeCase:testParseDeclarationAttributes:xmlFragment:cdataPreservesWhiteSpace:testSimpleXmlParse:testSupplyParserToDataStream:roundTripsCdata
File saved to the following path: /tmp/dspot-experiments/dataset/april-2019/jsoup_parent/target/dspot/TestResult.ser
Loading /tmp/dspot-experiments/dataset/april-2019/jsoup_parent/target/dspot/TestResult.ser
[INFO] Test has been run: testPopToClose,handlesXmlDeclarationAsDeclaration,testSupplyParserToJsoupClass,normalizesDiscordantTags,testDoesNotForceSelfClosingKnownTags,testSimpleXmlParse,xmlFragment,testDetectCharsetEncodingDeclaration,roundTripsCdata,canNormalizeCase,cdataPreservesWhiteSpace,preservesCaseByDefault,testParseDeclarationAttributes,testSupplyParserToDataStream
[INFO] 0 amplified test methods has been selected to be kept. (global: 0)
[INFO] elapsedTime 9680
[WARNING] DSpot could not obtain any amplified test method.
[WARNING] You can customize the following options: --amplifiers, --test-criterion, --iteration, --budgetizer etc, and retry with a new configuration.
[INFO] Amplification succeed.
[INFO] Elapsed time 10194 ms
[INFO] 
0 amplified test fails on the new versions.
[INFO] Writing report in /tmp/dspot-experiments/results/april-2019/jsoup/commit_7_e5210d1/assert_amplification/report.txt
[INFO] DSpot amplified your test suite without errors. (no errors report will be outputted)
[INFO] The amplification ends up with 0 amplified test methods over 0 test classes.
[INFO] ------------------------------------------------------------------------
[INFO] BUILD SUCCESS
[INFO] ------------------------------------------------------------------------
[INFO] Total time: 21.223 s
[INFO] Finished at: 2019-05-07T17:58:59+02:00
[INFO] Final Memory: 53M/2051M
[INFO] ------------------------------------------------------------------------
