[INFO] 2019-04-20 07:25:46 RepositoriesSetter - {dataset/april-2019/commons-lang} Cleaning local repository...
[INFO] 2019-04-20 07:25:47 RepositoriesSetter - Checkout e7d16c27629722a93a9d36a0b5e0a3a793850544 revision...
[INFO] 2019-04-20 07:25:47 RepositoriesSetter - {dataset/april-2019/commons-lang_parent} Cleaning local repository...
[INFO] 2019-04-20 07:25:47 RepositoriesSetter - Checkout 362dd935f84ef80b13cced13a74339e42c775809 revision...
2019-04-27 11:30:26,529 INFO eu.stamp_project.dci.repositories.RepositoriesSetter - {dataset/april-2019/commons-lang} Cleaning local repository...
2019-04-27 11:30:26,707 INFO eu.stamp_project.dci.repositories.RepositoriesSetter - Checkout e7d16c27629722a93a9d36a0b5e0a3a793850544 revision...
2019-04-27 11:30:26,805 INFO eu.stamp_project.dci.repositories.RepositoriesSetter - {dataset/april-2019/commons-lang_parent} Cleaning local repository...
2019-04-27 11:30:26,853 INFO eu.stamp_project.dci.repositories.RepositoriesSetter - Checkout 362dd935f84ef80b13cced13a74339e42c775809 revision...
2019-04-28 23:14:05,751 INFO eu.stamp_project.dci.repositories.RepositoriesSetter - {dataset/april-2019/commons-lang} Cleaning local repository...
2019-04-28 23:14:05,945 INFO eu.stamp_project.dci.repositories.RepositoriesSetter - Checkout e7d16c27629722a93a9d36a0b5e0a3a793850544 revision...
2019-04-28 23:14:06,050 INFO eu.stamp_project.dci.repositories.RepositoriesSetter - {dataset/april-2019/commons-lang_parent} Cleaning local repository...
2019-04-28 23:14:06,097 INFO eu.stamp_project.dci.repositories.RepositoriesSetter - Checkout 362dd935f84ef80b13cced13a74339e42c775809 revision...
2019-05-09 09:19:44,654 INFO eu.stamp_project.dci.repositories.RepositoriesSetter - {dataset/april-2019/commons-lang} Cleaning local repository...
2019-05-09 09:19:44,862 INFO eu.stamp_project.dci.repositories.RepositoriesSetter - Checkout e7d16c27629722a93a9d36a0b5e0a3a793850544 revision...
2019-05-09 09:19:45,016 INFO eu.stamp_project.dci.repositories.RepositoriesSetter - {dataset/april-2019/commons-lang_parent} Cleaning local repository...
2019-05-09 09:19:45,085 INFO eu.stamp_project.dci.repositories.RepositoriesSetter - Checkout 362dd935f84ef80b13cced13a74339e42c775809 revision...
2019-05-09 12:37:06,839 INFO eu.stamp_project.dci.repositories.RepositoriesSetter - {dataset/april-2019/commons-lang} Cleaning local repository...
2019-05-09 12:37:06,958 INFO eu.stamp_project.dci.repositories.RepositoriesSetter - Checkout e7d16c27629722a93a9d36a0b5e0a3a793850544 revision...
2019-05-09 12:37:07,011 INFO eu.stamp_project.dci.repositories.RepositoriesSetter - {dataset/april-2019/commons-lang_parent} Cleaning local repository...
2019-05-09 12:37:07,044 INFO eu.stamp_project.dci.repositories.RepositoriesSetter - Checkout 362dd935f84ef80b13cced13a74339e42c775809 revision...
2019-05-09 22:43:59,144 INFO eu.stamp_project.dci.repositories.RepositoriesSetter - {dataset/april-2019/commons-lang} Cleaning local repository...
2019-05-09 22:43:59,298 INFO eu.stamp_project.dci.repositories.RepositoriesSetter - Checkout e7d16c27629722a93a9d36a0b5e0a3a793850544 revision...
2019-05-09 22:43:59,382 INFO eu.stamp_project.dci.repositories.RepositoriesSetter - {dataset/april-2019/commons-lang_parent} Cleaning local repository...
2019-05-09 22:43:59,432 INFO eu.stamp_project.dci.repositories.RepositoriesSetter - Checkout 362dd935f84ef80b13cced13a74339e42c775809 revision...
2019-05-16 17:02:56,043 INFO eu.stamp_project.dci.repositories.RepositoriesSetter - {dataset/april-2019/commons-lang} Cleaning local repository...
2019-05-16 17:02:56,167 INFO eu.stamp_project.dci.repositories.RepositoriesSetter - Checkout e7d16c27629722a93a9d36a0b5e0a3a793850544 revision...
2019-05-16 17:02:56,242 INFO eu.stamp_project.dci.repositories.RepositoriesSetter - {dataset/april-2019/commons-lang_parent} Cleaning local repository...
2019-05-16 17:02:56,269 INFO eu.stamp_project.dci.repositories.RepositoriesSetter - Checkout 362dd935f84ef80b13cced13a74339e42c775809 revision...
2019-05-17 09:27:41,110 INFO eu.stamp_project.dci.repositories.RepositoriesSetter - {dataset/april-2019/commons-lang} Cleaning local repository...
2019-05-17 09:27:41,294 INFO eu.stamp_project.dci.repositories.RepositoriesSetter - Checkout e7d16c27629722a93a9d36a0b5e0a3a793850544 revision...
2019-05-17 09:27:41,462 INFO eu.stamp_project.dci.repositories.RepositoriesSetter - {dataset/april-2019/commons-lang_parent} Cleaning local repository...
2019-05-17 09:27:41,537 INFO eu.stamp_project.dci.repositories.RepositoriesSetter - Checkout 362dd935f84ef80b13cced13a74339e42c775809 revision...
