[INFO] 2018-08-15 11:38:06 PitMutantScoreSelector - The original test suite kill 20 / 7023
[WARN] 2018-08-15 11:38:06 AutomaticBuilderFactory - automaticBuilderName: unknown automatic builder specified in configuration, going to default.
[INFO] 2018-08-15 11:38:06 AutomaticBuilderFactory - Default: provided Maven automatic builder.
[INFO] 2018-08-15 11:38:06 MavenAutomaticBuilder - run maven clean test -DskipTests dependency:build-classpath -Dmdep.outputFile=target/dspot/classpath
[WARN] Maven will be executed in interactive mode, but no input stream has been configured for this MavenInvoker instance.
[INFO] Scanning for projects...
[INFO]                                                                         
[INFO] ------------------------------------------------------------------------
[INFO] Building stream-lib 2.9.7-SNAPSHOT
[INFO] ------------------------------------------------------------------------
[INFO] 
[INFO] --- maven-clean-plugin:2.5:clean (default-clean) @ stream ---
[INFO] Deleting /tmp/dspot-experiments/dataset/stream-lib/target
[INFO] 
[INFO] --- jacoco-maven-plugin:0.7.6.201602180812:prepare-agent (default) @ stream ---
[INFO] argLine set to -javaagent:/home/spirals/danglot/.m2/repository/org/jacoco/org.jacoco.agent/0.7.6.201602180812/org.jacoco.agent-0.7.6.201602180812-runtime.jar=destfile=/tmp/dspot-experiments/dataset/stream-lib/target/jacoco.exec
[INFO] 
[INFO] --- maven-resources-plugin:2.6:resources (default-resources) @ stream ---
[INFO] Using 'UTF-8' encoding to copy filtered resources.
[INFO] skip non existing resourceDirectory /tmp/dspot-experiments/dataset/stream-lib/src/main/resources
[INFO] 
[INFO] --- maven-compiler-plugin:3.5.1:compile (default-compile) @ stream ---
[INFO] Changes detected - recompiling the module!
[INFO] Compiling 48 source files to /tmp/dspot-experiments/dataset/stream-lib/target/classes
[INFO] 
[INFO] --- maven-resources-plugin:2.6:testResources (default-testResources) @ stream ---
[INFO] Using 'UTF-8' encoding to copy filtered resources.
[INFO] Copying 1 resource
[INFO] 
[INFO] --- maven-compiler-plugin:3.5.1:testCompile (default-testCompile) @ stream ---
[INFO] Changes detected - recompiling the module!
[INFO] Compiling 29 source files to /tmp/dspot-experiments/dataset/stream-lib/target/test-classes
[WARNING] /tmp/dspot-experiments/dataset/stream-lib/src/test/java/com/clearspring/analytics/stream/cardinality/TestHyperLogLog.java:[146,29] HyperLogLog(int,com.clearspring.analytics.stream.cardinality.RegisterSet) in com.clearspring.analytics.stream.cardinality.HyperLogLog has been deprecated
[WARNING] /tmp/dspot-experiments/dataset/stream-lib/src/test/java/com/clearspring/analytics/stream/cardinality/TestHyperLogLog.java:[147,30] HyperLogLog(int,com.clearspring.analytics.stream.cardinality.RegisterSet) in com.clearspring.analytics.stream.cardinality.HyperLogLog has been deprecated
[WARNING] /tmp/dspot-experiments/dataset/stream-lib/src/test/java/com/clearspring/analytics/stream/cardinality/TestCountThenEstimate.java:[169,58] Builder(double) in com.clearspring.analytics.stream.cardinality.HyperLogLog.Builder has been deprecated
[WARNING] /tmp/dspot-experiments/dataset/stream-lib/src/test/java/com/clearspring/analytics/stream/cardinality/TestCountThenEstimate.java:[209,58] Builder(double) in com.clearspring.analytics.stream.cardinality.HyperLogLog.Builder has been deprecated
[INFO] 
[INFO] --- maven-surefire-plugin:2.19.1:test (default-test) @ stream ---
[INFO] Tests are skipped.
[INFO] 
[INFO] --- maven-dependency-plugin:2.10:build-classpath (default-cli) @ stream ---
[INFO] Wrote classpath file '/tmp/dspot-experiments/dataset/stream-lib/target/dspot/classpath'.
[INFO] ------------------------------------------------------------------------
[INFO] BUILD SUCCESS
[INFO] ------------------------------------------------------------------------
[INFO] Total time: 6.035 s
[INFO] Finished at: 2018-08-15T11:38:13+02:00
[INFO] Final Memory: 32M/321M
[INFO] ------------------------------------------------------------------------
[INFO] 2018-08-15 11:38:16 Amplification - Amplification of com.clearspring.analytics.stream.cardinality.TestICardinality (2 test(s))
[INFO] 2018-08-15 11:38:16 Amplification - Assertion amplification of com.clearspring.analytics.stream.cardinality.TestICardinality (2 test(s))
[INFO] 2018-08-15 11:38:17 EntryPoint - Run: java -classpath /tmp/dspot-experiments/dataset/stream-lib/target/test-classes:/tmp/dspot-experiments/dataset/stream-lib/target/classes/:/home/spirals/danglot/.m2/repository/it/unimi/dsi/fastutil/8.1.1/fastutil-8.1.1.jar:/home/spirals/danglot/.m2/repository/junit/junit/4.12/junit-4.12.jar:/home/spirals/danglot/.m2/repository/org/hamcrest/hamcrest-core/1.3/hamcrest-core-1.3.jar:/home/spirals/danglot/.m2/repository/org/slf4j/slf4j-simple/1.7.25/slf4j-simple-1.7.25.jar:/home/spirals/danglot/.m2/repository/colt/colt/1.2.0/colt-1.2.0.jar:/home/spirals/danglot/.m2/repository/concurrent/concurrent/1.3.4/concurrent-1.3.4.jar:/home/spirals/danglot/.m2/repository/com/googlecode/charts4j/charts4j/1.3/charts4j-1.3.jar:/home/spirals/danglot/.m2/repository/commons-codec/commons-codec/1.11/commons-codec-1.11.jar:/home/spirals/danglot/.m2/repository/com/google/guava/guava/23.3-jre/guava-23.3-jre.jar:/home/spirals/danglot/.m2/repository/com/google/code/findbugs/jsr305/2.0.3/jsr305-2.0.3.jar:/home/spirals/danglot/.m2/repository/com/google/errorprone/error_prone_annotations/2.0.18/error_prone_annotations-2.0.18.jar:/home/spirals/danglot/.m2/repository/com/google/j2objc/j2objc-annotations/1.1/j2objc-annotations-1.1.jar:/home/spirals/danglot/.m2/repository/org/codehaus/mojo/animal-sniffer-annotations/1.14/animal-sniffer-annotations-1.14.jar:/home/spirals/danglot/.m2/repository/org/apache/mahout/mahout-math/0.13.0/mahout-math-0.13.0.jar:/home/spirals/danglot/.m2/repository/org/apache/commons/commons-math3/3.2/commons-math3-3.2.jar:/home/spirals/danglot/.m2/repository/com/tdunning/t-digest/3.1/t-digest-3.1.jar:/home/spirals/danglot/.m2/repository/org/slf4j/slf4j-api/1.7.10/slf4j-api-1.7.10.jar:/tmp/dspot-experiments/target/dspot/dependencies:/tmp/dspot/dspot/target/dspot-1.1.1-SNAPSHOT-jar-with-dependencies.jar eu.stamp_project.testrunner.runner.test.TestRunner com.clearspring.analytics.stream.cardinality.TestICardinality testICardinality:testOffer
File saved to the following path: /tmp/dspot-experiments/dataset/stream-lib/target/dspot/TestListener.ser
[INFO] 2018-08-15 11:38:18 EntryPoint - Test has been run: initializationError(org.junit.runner.manipulation.Filter): No tests found matching Filter test methods according their simple name: [testICardinality, testOffer] from org.junit.internal.requests.ClassRequest@6504e3b2
[INFO] 2018-08-15 11:38:18 Amplification - 0 amplified test methods has been selected to be kept. (global: 0)
[INFO] 2018-08-15 11:38:18 Amplification - Applying Input-amplification and Assertion-amplification test by test.
[INFO] 2018-08-15 11:38:18 Amplification - Amplification of testICardinality, (1/2)
[INFO] 2018-08-15 11:38:18 Amplification - iteration 0 / 3
[INFO] 2018-08-15 11:38:18 Amplification - 1 tests selected to be amplified over 1 available tests
[INFO] 2018-08-15 11:38:18 SimpleBudgetizer - Amplification of inputs...
[INFO] 2018-08-15 11:38:18 SimpleBudgetizer - Time to amplify: 116ms
  0% | ]/ 24% |============ ]/[INFO] 2018-08-15 11:38:18 SimpleBudgetizer - 50 new tests generated
[INFO] 2018-08-15 11:38:18 AssertGenerator - Run tests. (50)
[ERROR] 2018-08-15 11:38:18 TestCompiler - Error(s) during compilation:
[ERROR] 2018-08-15 11:38:18 TestCompiler - Pb(102) The method println(char[]) is ambiguous for the type PrintStream
[ERROR] 2018-08-15 11:38:18 TestCompiler - Pb(102) The method println(char[]) is ambiguous for the type PrintStream
[INFO] 2018-08-15 11:38:19 EntryPoint - Run: java -classpath /tmp/dspot-experiments/dataset/stream-lib/target/test-classes:/tmp/dspot-experiments/dataset/stream-lib/target/classes/:/home/spirals/danglot/.m2/repository/it/unimi/dsi/fastutil/8.1.1/fastutil-8.1.1.jar:/home/spirals/danglot/.m2/repository/junit/junit/4.12/junit-4.12.jar:/home/spirals/danglot/.m2/repository/org/hamcrest/hamcrest-core/1.3/hamcrest-core-1.3.jar:/home/spirals/danglot/.m2/repository/org/slf4j/slf4j-simple/1.7.25/slf4j-simple-1.7.25.jar:/home/spirals/danglot/.m2/repository/colt/colt/1.2.0/colt-1.2.0.jar:/home/spirals/danglot/.m2/repository/concurrent/concurrent/1.3.4/concurrent-1.3.4.jar:/home/spirals/danglot/.m2/repository/com/googlecode/charts4j/charts4j/1.3/charts4j-1.3.jar:/home/spirals/danglot/.m2/repository/commons-codec/commons-codec/1.11/commons-codec-1.11.jar:/home/spirals/danglot/.m2/repository/com/google/guava/guava/23.3-jre/guava-23.3-jre.jar:/home/spirals/danglot/.m2/repository/com/google/code/findbugs/jsr305/2.0.3/jsr305-2.0.3.jar:/home/spirals/danglot/.m2/repository/com/google/errorprone/error_prone_annotations/2.0.18/error_prone_annotations-2.0.18.jar:/home/spirals/danglot/.m2/repository/com/google/j2objc/j2objc-annotations/1.1/j2objc-annotations-1.1.jar:/home/spirals/danglot/.m2/repository/org/codehaus/mojo/animal-sniffer-annotations/1.14/animal-sniffer-annotations-1.14.jar:/home/spirals/danglot/.m2/repository/org/apache/mahout/mahout-math/0.13.0/mahout-math-0.13.0.jar:/home/spirals/danglot/.m2/repository/org/apache/commons/commons-math3/3.2/commons-math3-3.2.jar:/home/spirals/danglot/.m2/repository/com/tdunning/t-digest/3.1/t-digest-3.1.jar:/home/spirals/danglot/.m2/repository/org/slf4j/slf4j-api/1.7.10/slf4j-api-1.7.10.jar:/tmp/dspot-experiments/target/dspot/dependencies:/tmp/dspot/dspot/target/dspot-1.1.1-SNAPSHOT-jar-with-dependencies.jar eu.stamp_project.testrunner.runner.test.TestRunner com.clearspring.analytics.stream.cardinality.TestICardinality testICardinalitylitNum33:testICardinalitylitNum28:testICardinalitylitNum27:testICardinalitylitNum32:testICardinalitylitNum34:testICardinalitylitNum25:testICardinalitylitNum35:testICardinalitylitNum36:testICardinalitylitNum31:testICardinalitylitNum30:testICardinalitylitNum29:testICardinalitylitNum26:testICardinality_remove46:testICardinality_remove47:testICardinality_remove48:testICardinality_remove45:testICardinalitylitString10:testICardinalitylitString19:testICardinalitylitString15:testICardinalitylitString1:testICardinalitylitString6:testICardinalitylitString9:testICardinalitylitString5:testICardinalitylitString7:testICardinalitylitString12:testICardinalitylitString14:testICardinalitylitString20:testICardinalitylitString24:testICardinalitylitString8:testICardinalitylitString23:testICardinalitylitString21:testICardinalitylitString22:testICardinalitylitString13:testICardinalitylitString4:testICardinalitylitString16:testICardinalitylitString2:testICardinalitylitString18:testICardinalitylitString11:testICardinality_add44:testICardinality_add37:testICardinality_add38:testICardinality_add40:testICardinality_add43:testICardinality_add39:testICardinality_add41:testICardinality_add42:testICardinalitylitString3:testICardinalitylitString17
File saved to the following path: /tmp/dspot-experiments/dataset/stream-lib/target/dspot/TestListener.ser
[INFO] 2018-08-15 11:38:19 EntryPoint - Test has been run: initializationError(org.junit.runner.manipulation.Filter): No tests found matching Filter test methods according their simple name: [testICardinalitylitNum33, testICardinalitylitNum28, testICardinalitylitNum27, testICardinalitylitNum32, testICardinalitylitNum34, testICardinalitylitNum25, testICardinalitylitNum35, testICardinalitylitNum36, testICardinalitylitNum31, testICardinalitylitNum30, testICardinalitylitNum29, testICardinalitylitNum26, testICardinality_remove46, testICardinality_remove47, testICardinality_remove48, testICardinality_remove45, testICardinalitylitString10, testICardinalitylitString19, testICardinalitylitString15, testICardinalitylitString1, testICardinalitylitString6, testICardinalitylitString9, testICardinalitylitString5, testICardinalitylitString7, testICardinalitylitString12, testICardinalitylitString14, testICardinalitylitString20, testICardinalitylitString24, testICardinalitylitString8, testICardinalitylitString23, testICardinalitylitString21, testICardinalitylitString22, testICardinalitylitString13, testICardinalitylitString4, testICardinalitylitString16, testICardinalitylitString2, testICardinalitylitString18, testICardinalitylitString11, testICardinality_add44, testICardinality_add37, testICardinality_add38, testICardinality_add40, testICardinality_add43, testICardinality_add39, testICardinality_add41, testICardinality_add42, testICardinalitylitString3, testICardinalitylitString17] from org.junit.internal.requests.ClassRequest@626b2d4a
[INFO] 2018-08-15 11:38:19 AssertGenerator - 1 test fail, generating try/catch/fail blocks...
[INFO] 2018-08-15 11:38:19 AssertGenerator - Could not generate any test with assertions
[INFO] 2018-08-15 11:38:19 Amplification - iteration 1 / 3
[INFO] 2018-08-15 11:38:19 Amplification - 50 tests selected to be amplified over 50 available tests
[INFO] 2018-08-15 11:38:19 SimpleBudgetizer - Amplification of inputs...
[INFO] 2018-08-15 11:38:20 SimpleBudgetizer - Time to amplify: 1142ms
  0% |============ ]/ 32% |================ ]/ 88% |============================================ ]|100% |================================================== ]|
[INFO] 2018-08-15 11:38:20 SimpleBudgetizer - 200 new tests generated
[INFO] 2018-08-15 11:38:20 AssertGenerator - Run tests. (200)
[ERROR] 2018-08-15 11:38:21 TestCompiler - Error(s) during compilation:
[ERROR] 2018-08-15 11:38:21 TestCompiler - Pb(102) The method println(char[]) is ambiguous for the type PrintStream
[ERROR] 2018-08-15 11:38:21 TestCompiler - Pb(102) The method println(char[]) is ambiguous for the type PrintStream
[ERROR] 2018-08-15 11:38:21 TestCompiler - Pb(102) The method println(char[]) is ambiguous for the type PrintStream
[ERROR] 2018-08-15 11:38:21 TestCompiler - Pb(102) The method println(char[]) is ambiguous for the type PrintStream
[ERROR] 2018-08-15 11:38:21 TestCompiler - Pb(102) The method println(char[]) is ambiguous for the type PrintStream
[ERROR] 2018-08-15 11:38:21 TestCompiler - Pb(102) The method println(char[]) is ambiguous for the type PrintStream
[ERROR] 2018-08-15 11:38:21 TestCompiler - Pb(102) The method println(char[]) is ambiguous for the type PrintStream
[ERROR] 2018-08-15 11:38:21 TestCompiler - Pb(102) The method println(char[]) is ambiguous for the type PrintStream
[ERROR] 2018-08-15 11:38:21 TestCompiler - Pb(102) The method println(char[]) is ambiguous for the type PrintStream
[ERROR] 2018-08-15 11:38:21 TestCompiler - Pb(102) The method println(char[]) is ambiguous for the type PrintStream
[ERROR] 2018-08-15 11:38:21 TestCompiler - Pb(102) The method println(char[]) is ambiguous for the type PrintStream
[ERROR] 2018-08-15 11:38:21 TestCompiler - Pb(102) The method println(char[]) is ambiguous for the type PrintStream
[ERROR] 2018-08-15 11:38:21 TestCompiler - Pb(102) The method println(char[]) is ambiguous for the type PrintStream
[ERROR] 2018-08-15 11:38:21 TestCompiler - Pb(102) The method println(char[]) is ambiguous for the type PrintStream
[ERROR] 2018-08-15 11:38:21 TestCompiler - Pb(102) The method println(char[]) is ambiguous for the type PrintStream
[ERROR] 2018-08-15 11:38:21 TestCompiler - Pb(102) The method println(char[]) is ambiguous for the type PrintStream
[ERROR] 2018-08-15 11:38:21 TestCompiler - Pb(102) The method println(char[]) is ambiguous for the type PrintStream
[ERROR] 2018-08-15 11:38:21 TestCompiler - Pb(102) The method println(char[]) is ambiguous for the type PrintStream
[ERROR] 2018-08-15 11:38:21 TestCompiler - Pb(102) The method println(char[]) is ambiguous for the type PrintStream
[ERROR] 2018-08-15 11:38:21 TestCompiler - Pb(102) The method println(char[]) is ambiguous for the type PrintStream
[INFO] 2018-08-15 11:38:22 EntryPoint - Run: java -classpath /tmp/dspot-experiments/dataset/stream-lib/target/test-classes:/tmp/dspot-experiments/dataset/stream-lib/target/classes/:/home/spirals/danglot/.m2/repository/it/unimi/dsi/fastutil/8.1.1/fastutil-8.1.1.jar:/home/spirals/danglot/.m2/repository/junit/junit/4.12/junit-4.12.jar:/home/spirals/danglot/.m2/repository/org/hamcrest/hamcrest-core/1.3/hamcrest-core-1.3.jar:/home/spirals/danglot/.m2/repository/org/slf4j/slf4j-simple/1.7.25/slf4j-simple-1.7.25.jar:/home/spirals/danglot/.m2/repository/colt/colt/1.2.0/colt-1.2.0.jar:/home/spirals/danglot/.m2/repository/concurrent/concurrent/1.3.4/concurrent-1.3.4.jar:/home/spirals/danglot/.m2/repository/com/googlecode/charts4j/charts4j/1.3/charts4j-1.3.jar:/home/spirals/danglot/.m2/repository/commons-codec/commons-codec/1.11/commons-codec-1.11.jar:/home/spirals/danglot/.m2/repository/com/google/guava/guava/23.3-jre/guava-23.3-jre.jar:/home/spirals/danglot/.m2/repository/com/google/code/findbugs/jsr305/2.0.3/jsr305-2.0.3.jar:/home/spirals/danglot/.m2/repository/com/google/errorprone/error_prone_annotations/2.0.18/error_prone_annotations-2.0.18.jar:/home/spirals/danglot/.m2/repository/com/google/j2objc/j2objc-annotations/1.1/j2objc-annotations-1.1.jar:/home/spirals/danglot/.m2/repository/org/codehaus/mojo/animal-sniffer-annotations/1.14/animal-sniffer-annotations-1.14.jar:/home/spirals/danglot/.m2/repository/org/apache/mahout/mahout-math/0.13.0/mahout-math-0.13.0.jar:/home/spirals/danglot/.m2/repository/org/apache/commons/commons-math3/3.2/commons-math3-3.2.jar:/home/spirals/danglot/.m2/repository/com/tdunning/t-digest/3.1/t-digest-3.1.jar:/home/spirals/danglot/.m2/repository/org/slf4j/slf4j-api/1.7.10/slf4j-api-1.7.10.jar:/tmp/dspot-experiments/target/dspot/dependencies:/tmp/dspot/dspot/target/dspot-1.1.1-SNAPSHOT-jar-with-dependencies.jar eu.stamp_project.testrunner.runner.test.TestRunner com.clearspring.analytics.stream.cardinality.TestICardinality testICardinality_remove45litNum997:testICardinality_remove46litNum961:testICardinalitylitString4litNum1210:testICardinalitylitString5litNum1076:testICardinalitylitString6litNum1057:testICardinalitylitString7litNum1086:testICardinalitylitString1litNum1040:testICardinalitylitString2litNum1235:testICardinalitylitString3litNum1373:testICardinalitylitString8litNum1149:testICardinalitylitString9litNum1069:testICardinality_remove47litNum982:testICardinality_remove48litNum988:testICardinalitylitString14litNum1115:testICardinalitylitString13litNum1203:testICardinalitylitString16litNum1222:testICardinalitylitString15litNum1034:testICardinalitylitString10litNum1005:testICardinalitylitString12litNum1104:testICardinalitylitString11litNum1261:testICardinalitylitString18litNum1243:testICardinalitylitString17litNum1386:testICardinality_remove45litString478:testICardinality_remove46litString414:testICardinalitylitString4litString627:testICardinalitylitString5litString546:testICardinalitylitString6litString520:testICardinalitylitString7litString565:testICardinalitylitString1litString516:testICardinalitylitString2litString637:testICardinalitylitString3litString877:testICardinalitylitString8litString603:testICardinalitylitString9litString539:testICardinality_remove47litString441:testICardinality_remove48litString471:testICardinalitylitString14litString588:testICardinalitylitString13litString609:testICardinalitylitString16litString630:testICardinalitylitString15litString497:testICardinalitylitString10litString489:testICardinalitylitString12litString574:testICardinalitylitString11litString657:testICardinality_remove45litNum994:testICardinality_remove46litNum968:testICardinalitylitString4litNum1205:testICardinalitylitString5litNum1082:testICardinalitylitString6litNum1051:testICardinalitylitString7litNum1091:testICardinalitylitString1litNum1044:testICardinalitylitString2litNum1231:testICardinalitylitString3litNum1372:testICardinalitylitString8litNum1154:testICardinalitylitString9litNum1061:testICardinality_remove47litNum971:testICardinality_remove48litNum986:testICardinalitylitString14litNum1109:testICardinalitylitString13litNum1200:testICardinalitylitString16litNum1225:testICardinalitylitString15litNum1033:testICardinalitylitString10litNum1009:testICardinalitylitString12litNum1100:testICardinalitylitString11litNum1260:testICardinalitylitString18litNum1251:testICardinalitylitString17litNum1384:testICardinalitylitString19litNum1017:testICardinalitylitString24litNum1143:testICardinalitylitString21litNum1171:testICardinalitylitNum34litNum915:testICardinalitylitString20litNum1132:testICardinalitylitString23litNum1161:testICardinality_add38litNum1305:testICardinalitylitString22litNum1181:testICardinality_add37litNum1294:testICardinalitylitNum30litNum927:testICardinalitylitNum33litNum893:testICardinality_remove45litString481:testICardinality_remove46litString435:testICardinalitylitString4litString626:testICardinalitylitString5litString552:testICardinalitylitString6litString525:testICardinalitylitString7litString560:testICardinalitylitString1litString503:testICardinalitylitString2litString646:testICardinalitylitString3litString887:testICardinalitylitString8litString594:testICardinalitylitString9litString537:testICardinality_remove47litString442:testICardinality_remove48litString476:testICardinalitylitString14litString587:testICardinalitylitString13litString606:testICardinalitylitString16litString631:testICardinalitylitString15litString495:testICardinalitylitString10litString490:testICardinalitylitString12litString577:testICardinalitylitString11litString658:testICardinalitylitNum35litString253:testICardinalitylitNum34litString204:testICardinality_add38litString744:testICardinalitylitNum36litString271:testICardinality_add37litString695:testICardinalitylitNum31litString311:testICardinalitylitNum30litString317:testICardinalitylitNum33litString114:testICardinalitylitNum32litString182:testICardinality_add39litString820:testICardinalitylitNum28litString138:testICardinality_add43litString784:testICardinality_add40_rv1397:testICardinality_add40_rv1396:testICardinality_add40_rv1399:testICardinality_add40_rv1393:testICardinality_add40_rv1392:testICardinality_add40_rv1398:testICardinality_add40_rv1394:testICardinality_add40_rv1395:testICardinality_add40_rv1400:testICardinality_remove45litNum991:testICardinality_remove46litNum963:testICardinalitylitString4litNum1216:testICardinalitylitString5litNum1079:testICardinalitylitString6litNum1052:testICardinalitylitString7litNum1096:testICardinalitylitString1litNum1041:testICardinalitylitString2litNum1233:testICardinality_remove45litString480:testICardinality_remove46litString415:testICardinalitylitString4litString615:testICardinalitylitString5litString553:testICardinalitylitString6litString532:testICardinalitylitString7litString558:testICardinalitylitString1litString512:testICardinalitylitString2litString650:testICardinalitylitString10litString491
File saved to the following path: /tmp/dspot-experiments/dataset/stream-lib/target/dspot/TestListener.ser
[INFO] 2018-08-15 11:38:23 EntryPoint - Test has been run: initializationError(org.junit.runner.manipulation.Filter): No tests found matching Filter test methods according their simple name: [testICardinality_remove45litNum997, testICardinality_remove46litNum961, testICardinalitylitString4litNum1210, testICardinalitylitString5litNum1076, testICardinalitylitString6litNum1057, testICardinalitylitString7litNum1086, testICardinalitylitString1litNum1040, testICardinalitylitString2litNum1235, testICardinalitylitString3litNum1373, testICardinalitylitString8litNum1149, testICardinalitylitString9litNum1069, testICardinality_remove47litNum982, testICardinality_remove48litNum988, testICardinalitylitString14litNum1115, testICardinalitylitString13litNum1203, testICardinalitylitString16litNum1222, testICardinalitylitString15litNum1034, testICardinalitylitString10litNum1005, testICardinalitylitString12litNum1104, testICardinalitylitString11litNum1261, testICardinalitylitString18litNum1243, testICardinalitylitString17litNum1386, testICardinality_remove45litString478, testICardinality_remove46litString414, testICardinalitylitString4litString627, testICardinalitylitString5litString546, testICardinalitylitString6litString520, testICardinalitylitString7litString565, testICardinalitylitString1litString516, testICardinalitylitString2litString637, testICardinalitylitString3litString877, testICardinalitylitString8litString603, testICardinalitylitString9litString539, testICardinality_remove47litString441, testICardinality_remove48litString471, testICardinalitylitString14litString588, testICardinalitylitString13litString609, testICardinalitylitString16litString630, testICardinalitylitString15litString497, testICardinalitylitString10litString489, testICardinalitylitString12litString574, testICardinalitylitString11litString657, testICardinality_remove45litNum994, testICardinality_remove46litNum968, testICardinalitylitString4litNum1205, testICardinalitylitString5litNum1082, testICardinalitylitString6litNum1051, testICardinalitylitString7litNum1091, testICardinalitylitString1litNum1044, testICardinalitylitString2litNum1231, testICardinalitylitString3litNum1372, testICardinalitylitString8litNum1154, testICardinalitylitString9litNum1061, testICardinality_remove47litNum971, testICardinality_remove48litNum986, testICardinalitylitString14litNum1109, testICardinalitylitString13litNum1200, testICardinalitylitString16litNum1225, testICardinalitylitString15litNum1033, testICardinalitylitString10litNum1009, testICardinalitylitString12litNum1100, testICardinalitylitString11litNum1260, testICardinalitylitString18litNum1251, testICardinalitylitString17litNum1384, testICardinalitylitString19litNum1017, testICardinalitylitString24litNum1143, testICardinalitylitString21litNum1171, testICardinalitylitNum34litNum915, testICardinalitylitString20litNum1132, testICardinalitylitString23litNum1161, testICardinality_add38litNum1305, testICardinalitylitString22litNum1181, testICardinality_add37litNum1294, testICardinalitylitNum30litNum927, testICardinalitylitNum33litNum893, testICardinality_remove45litString481, testICardinality_remove46litString435, testICardinalitylitString4litString626, testICardinalitylitString5litString552, testICardinalitylitString6litString525, testICardinalitylitString7litString560, testICardinalitylitString1litString503, testICardinalitylitString2litString646, testICardinalitylitString3litString887, testICardinalitylitString8litString594, testICardinalitylitString9litString537, testICardinality_remove47litString442, testICardinality_remove48litString476, testICardinalitylitString14litString587, testICardinalitylitString13litString606, testICardinalitylitString16litString631, testICardinalitylitString15litString495, testICardinalitylitString10litString490, testICardinalitylitString12litString577, testICardinalitylitString11litString658, testICardinalitylitNum35litString253, testICardinalitylitNum34litString204, testICardinality_add38litString744, testICardinalitylitNum36litString271, testICardinality_add37litString695, testICardinalitylitNum31litString311, testICardinalitylitNum30litString317, testICardinalitylitNum33litString114, testICardinalitylitNum32litString182, testICardinality_add39litString820, testICardinalitylitNum28litString138, testICardinality_add43litString784, testICardinality_add40_rv1397, testICardinality_add40_rv1396, testICardinality_add40_rv1399, testICardinality_add40_rv1393, testICardinality_add40_rv1392, testICardinality_add40_rv1398, testICardinality_add40_rv1394, testICardinality_add40_rv1395, testICardinality_add40_rv1400, testICardinality_remove45litNum991, testICardinality_remove46litNum963, testICardinalitylitString4litNum1216, testICardinalitylitString5litNum1079, testICardinalitylitString6litNum1052, testICardinalitylitString7litNum1096, testICardinalitylitString1litNum1041, testICardinalitylitString2litNum1233, testICardinality_remove45litString480, testICardinality_remove46litString415, testICardinalitylitString4litString615, testICardinalitylitString5litString553, testICardinalitylitString6litString532, testICardinalitylitString7litString558, testICardinalitylitString1litString512, testICardinalitylitString2litString650, testICardinalitylitString10litString491] from org.junit.internal.requests.ClassRequest@626b2d4a
[INFO] 2018-08-15 11:38:23 AssertGenerator - 1 test fail, generating try/catch/fail blocks...
[INFO] 2018-08-15 11:38:23 AssertGenerator - Could not generate any test with assertions
[INFO] 2018-08-15 11:38:23 Amplification - iteration 2 / 3
[INFO] 2018-08-15 11:38:23 Amplification - 200 tests selected to be amplified over 200 available tests
[INFO] 2018-08-15 11:38:23 SimpleBudgetizer - Amplification of inputs...
[INFO] 2018-08-15 11:38:25 SimpleBudgetizer - Time to amplify: 2341ms
  0% | ]/ 29% |============== ]- 99% |================================================= ]-[INFO] 2018-08-15 11:38:25 SimpleBudgetizer - 200 new tests generated
[INFO] 2018-08-15 11:38:25 AssertGenerator - Run tests. (200)
[ERROR] 2018-08-15 11:38:26 TestCompiler - Error(s) during compilation:
[ERROR] 2018-08-15 11:38:26 TestCompiler - Pb(102) The method println(char[]) is ambiguous for the type PrintStream
[ERROR] 2018-08-15 11:38:26 TestCompiler - Pb(102) The method println(char[]) is ambiguous for the type PrintStream
[ERROR] 2018-08-15 11:38:26 TestCompiler - Pb(102) The method println(char[]) is ambiguous for the type PrintStream
[ERROR] 2018-08-15 11:38:26 TestCompiler - Pb(102) The method println(char[]) is ambiguous for the type PrintStream
[ERROR] 2018-08-15 11:38:26 TestCompiler - Pb(102) The method println(char[]) is ambiguous for the type PrintStream
[ERROR] 2018-08-15 11:38:26 TestCompiler - Pb(102) The method println(char[]) is ambiguous for the type PrintStream
[ERROR] 2018-08-15 11:38:26 TestCompiler - Pb(102) The method println(char[]) is ambiguous for the type PrintStream
[ERROR] 2018-08-15 11:38:26 TestCompiler - Pb(102) The method println(char[]) is ambiguous for the type PrintStream
[ERROR] 2018-08-15 11:38:26 TestCompiler - Pb(102) The method println(char[]) is ambiguous for the type PrintStream
[ERROR] 2018-08-15 11:38:26 TestCompiler - Pb(102) The method println(char[]) is ambiguous for the type PrintStream
[ERROR] 2018-08-15 11:38:26 TestCompiler - Pb(102) The method println(char[]) is ambiguous for the type PrintStream
[ERROR] 2018-08-15 11:38:26 TestCompiler - Pb(102) The method println(char[]) is ambiguous for the type PrintStream
[ERROR] 2018-08-15 11:38:26 TestCompiler - Pb(102) The method println(char[]) is ambiguous for the type PrintStream
[ERROR] 2018-08-15 11:38:26 TestCompiler - Pb(102) The method println(char[]) is ambiguous for the type PrintStream
[ERROR] 2018-08-15 11:38:26 TestCompiler - Pb(102) The method println(char[]) is ambiguous for the type PrintStream
[ERROR] 2018-08-15 11:38:26 TestCompiler - Pb(102) The method println(char[]) is ambiguous for the type PrintStream
[ERROR] 2018-08-15 11:38:26 TestCompiler - Pb(102) The method println(char[]) is ambiguous for the type PrintStream
[ERROR] 2018-08-15 11:38:26 TestCompiler - Pb(102) The method println(char[]) is ambiguous for the type PrintStream
[ERROR] 2018-08-15 11:38:26 TestCompiler - Pb(102) The method println(char[]) is ambiguous for the type PrintStream
[ERROR] 2018-08-15 11:38:26 TestCompiler - Pb(102) The method println(char[]) is ambiguous for the type PrintStream
[INFO] 2018-08-15 11:38:27 EntryPoint - Run: java -classpath /tmp/dspot-experiments/dataset/stream-lib/target/test-classes:/tmp/dspot-experiments/dataset/stream-lib/target/classes/:/home/spirals/danglot/.m2/repository/it/unimi/dsi/fastutil/8.1.1/fastutil-8.1.1.jar:/home/spirals/danglot/.m2/repository/junit/junit/4.12/junit-4.12.jar:/home/spirals/danglot/.m2/repository/org/hamcrest/hamcrest-core/1.3/hamcrest-core-1.3.jar:/home/spirals/danglot/.m2/repository/org/slf4j/slf4j-simple/1.7.25/slf4j-simple-1.7.25.jar:/home/spirals/danglot/.m2/repository/colt/colt/1.2.0/colt-1.2.0.jar:/home/spirals/danglot/.m2/repository/concurrent/concurrent/1.3.4/concurrent-1.3.4.jar:/home/spirals/danglot/.m2/repository/com/googlecode/charts4j/charts4j/1.3/charts4j-1.3.jar:/home/spirals/danglot/.m2/repository/commons-codec/commons-codec/1.11/commons-codec-1.11.jar:/home/spirals/danglot/.m2/repository/com/google/guava/guava/23.3-jre/guava-23.3-jre.jar:/home/spirals/danglot/.m2/repository/com/google/code/findbugs/jsr305/2.0.3/jsr305-2.0.3.jar:/home/spirals/danglot/.m2/repository/com/google/errorprone/error_prone_annotations/2.0.18/error_prone_annotations-2.0.18.jar:/home/spirals/danglot/.m2/repository/com/google/j2objc/j2objc-annotations/1.1/j2objc-annotations-1.1.jar:/home/spirals/danglot/.m2/repository/org/codehaus/mojo/animal-sniffer-annotations/1.14/animal-sniffer-annotations-1.14.jar:/home/spirals/danglot/.m2/repository/org/apache/mahout/mahout-math/0.13.0/mahout-math-0.13.0.jar:/home/spirals/danglot/.m2/repository/org/apache/commons/commons-math3/3.2/commons-math3-3.2.jar:/home/spirals/danglot/.m2/repository/com/tdunning/t-digest/3.1/t-digest-3.1.jar:/home/spirals/danglot/.m2/repository/org/slf4j/slf4j-api/1.7.10/slf4j-api-1.7.10.jar:/tmp/dspot-experiments/target/dspot/dependencies:/tmp/dspot/dspot/target/dspot-1.1.1-SNAPSHOT-jar-with-dependencies.jar eu.stamp_project.testrunner.runner.test.TestRunner com.clearspring.analytics.stream.cardinality.TestICardinality testICardinality_remove45litNum991litNum4856:testICardinality_remove45litNum997litNum3496:testICardinality_remove45litNum994litNum4027:testICardinalitylitString3litNum1372litNum4062:testICardinalitylitString2litNum1233litNum4879:testICardinalitylitString2litNum1231litNum4060:testICardinalitylitString9litNum1061litNum4076:testICardinalitylitString11litString657litNum4024:testICardinalitylitString11litString658litNum4627:testICardinalitylitString9litNum1069litNum3543:testICardinalitylitString12litString574litNum4012:testICardinalitylitString1litString503litNum4477:testICardinalitylitNum35litString253litString2930:testICardinality_remove45litNum991litString3283:testICardinality_remove45litNum997litString1705:testICardinality_remove45litNum994litString2159:testICardinalitylitString2litNum1235litString1816:testICardinalitylitString3litNum1372litString2293:testICardinalitylitString2litNum1233litString3402:testICardinalitylitString2litNum1231litString2269:testICardinalitylitString9litNum1061litString2317:testICardinalitylitString3litNum1373litString1834:testICardinalitylitString9litNum1069litString1862:testICardinalitylitString1litString503litString2886:testICardinality_remove45litNum991litNum4855:testICardinality_remove45litNum997litNum3495:testICardinality_remove45litNum994litNum4030:testICardinalitylitString3litNum1372litNum4064:testICardinalitylitString2litNum1233litNum4880:testICardinalitylitString2litNum1231litNum4058:testICardinalitylitString9litNum1061litNum4073:testICardinalitylitString11litString657litNum4022:testICardinalitylitString11litString658litNum4631:testICardinalitylitString9litNum1069litNum3539:testICardinalitylitString12litString574litNum4009:testICardinalitylitString1litString503litNum4482:testICardinalitylitNum28litString138litNum4711:testICardinalitylitString4litString626litNum4437:testICardinalitylitString4litString627litNum3823:testICardinalitylitNum33litString114litNum4679:testICardinalitylitString19litNum1017litNum4126:testICardinalitylitString22litNum1181litNum4143:testICardinality_add37litString695litNum4671:testICardinalitylitString4litString615litNum4982:testICardinalitylitString8litString603litNum3902:testICardinalitylitNum35litString253litString2927:testICardinality_remove45litNum991litString3285:testICardinality_remove45litNum997litString1699:testICardinality_remove45litNum994litString2158:testICardinalitylitString2litNum1235litString1825:testICardinalitylitString3litNum1372litString2288:testICardinalitylitString2litNum1233litString3406:testICardinalitylitString2litNum1231litString2276:testICardinalitylitString9litNum1061litString2319:testICardinalitylitString3litNum1373litString1841:testICardinalitylitString9litNum1069litString1863:testICardinalitylitString1litString503litString2884:testICardinalitylitNum28litString138litString3047:testICardinalitylitNum33litString114litString3024:testICardinalitylitNum30litNum927litString2536:testICardinality_add37litString695litString2974:testICardinalitylitString4litString615litString3481:testICardinality_add43litString784litString3065:testICardinality_remove48litNum986litString2359:testICardinality_remove48litNum988litString1891:testICardinalitylitString7litNum1086litString1785:testICardinality_add38litString744litString2949:testICardinalitylitString4litNum1216litString3330:testICardinality_add40_rv1393_rv5087:testICardinality_add40_rv1393_rv5063:testICardinality_add40_rv1393_rv5084:testICardinality_add40_rv1393_rv5096:testICardinality_add40_rv1393_rv5105:testICardinality_add40_rv1393_rv5059:testICardinality_add40_rv1393_rv5090:testICardinality_add40_rv1393_rv5079:testICardinality_add40_rv1393_rv5104:testICardinality_add40_rv1393_rv5092:testICardinality_add40_rv1393_rv5112:testICardinality_add40_rv1393_rv5109:testICardinality_add40_rv1393_rv5078:testICardinality_add40_rv1393_rv5095:testICardinality_add40_rv1393_rv5071:testICardinality_add40_rv1393_rv5089:testICardinality_add40_rv1393_rv5098:testICardinality_add40_rv1393_rv5106:testICardinality_add40_rv1393_rv5070:testICardinality_add40_rv1393_rv5072:testICardinality_add40_rv1393_rv5061:testICardinality_add40_rv1393_rv5110:testICardinality_add40_rv1393_rv5069:testICardinality_add40_rv1393_rv5073:testICardinality_add40_rv1393_rv5093:testICardinality_add40_rv1393_rv5083:testICardinality_add40_rv1393_rv5064:testICardinality_add40_rv1393_rv5085:testICardinality_add40_rv1393_rv5081:testICardinality_add40_rv1393_rv5086:testICardinality_add40_rv1393_rv5067:testICardinality_add40_rv1393_rv5075:testICardinality_add40_rv1393_rv5102:testICardinality_add40_rv1393_rv5100:testICardinality_add40_rv1393_rv5074:testICardinality_add37litNum1294litString2497:testICardinalitylitString18litNum1243litNum3574
File saved to the following path: /tmp/dspot-experiments/dataset/stream-lib/target/dspot/TestListener.ser
[INFO] 2018-08-15 11:38:27 EntryPoint - Test has been run: initializationError(org.junit.runner.manipulation.Filter): No tests found matching Filter test methods according their simple name: [testICardinality_remove45litNum991litNum4856, testICardinality_remove45litNum997litNum3496, testICardinality_remove45litNum994litNum4027, testICardinalitylitString3litNum1372litNum4062, testICardinalitylitString2litNum1233litNum4879, testICardinalitylitString2litNum1231litNum4060, testICardinalitylitString9litNum1061litNum4076, testICardinalitylitString11litString657litNum4024, testICardinalitylitString11litString658litNum4627, testICardinalitylitString9litNum1069litNum3543, testICardinalitylitString12litString574litNum4012, testICardinalitylitString1litString503litNum4477, testICardinalitylitNum35litString253litString2930, testICardinality_remove45litNum991litString3283, testICardinality_remove45litNum997litString1705, testICardinality_remove45litNum994litString2159, testICardinalitylitString2litNum1235litString1816, testICardinalitylitString3litNum1372litString2293, testICardinalitylitString2litNum1233litString3402, testICardinalitylitString2litNum1231litString2269, testICardinalitylitString9litNum1061litString2317, testICardinalitylitString3litNum1373litString1834, testICardinalitylitString9litNum1069litString1862, testICardinalitylitString1litString503litString2886, testICardinality_remove45litNum991litNum4855, testICardinality_remove45litNum997litNum3495, testICardinality_remove45litNum994litNum4030, testICardinalitylitString3litNum1372litNum4064, testICardinalitylitString2litNum1233litNum4880, testICardinalitylitString2litNum1231litNum4058, testICardinalitylitString9litNum1061litNum4073, testICardinalitylitString11litString657litNum4022, testICardinalitylitString11litString658litNum4631, testICardinalitylitString9litNum1069litNum3539, testICardinalitylitString12litString574litNum4009, testICardinalitylitString1litString503litNum4482, testICardinalitylitNum28litString138litNum4711, testICardinalitylitString4litString626litNum4437, testICardinalitylitString4litString627litNum3823, testICardinalitylitNum33litString114litNum4679, testICardinalitylitString19litNum1017litNum4126, testICardinalitylitString22litNum1181litNum4143, testICardinality_add37litString695litNum4671, testICardinalitylitString4litString615litNum4982, testICardinalitylitString8litString603litNum3902, testICardinalitylitNum35litString253litString2927, testICardinality_remove45litNum991litString3285, testICardinality_remove45litNum997litString1699, testICardinality_remove45litNum994litString2158, testICardinalitylitString2litNum1235litString1825, testICardinalitylitString3litNum1372litString2288, testICardinalitylitString2litNum1233litString3406, testICardinalitylitString2litNum1231litString2276, testICardinalitylitString9litNum1061litString2319, testICardinalitylitString3litNum1373litString1841, testICardinalitylitString9litNum1069litString1863, testICardinalitylitString1litString503litString2884, testICardinalitylitNum28litString138litString3047, testICardinalitylitNum33litString114litString3024, testICardinalitylitNum30litNum927litString2536, testICardinality_add37litString695litString2974, testICardinalitylitString4litString615litString3481, testICardinality_add43litString784litString3065, testICardinality_remove48litNum986litString2359, testICardinality_remove48litNum988litString1891, testICardinalitylitString7litNum1086litString1785, testICardinality_add38litString744litString2949, testICardinalitylitString4litNum1216litString3330, testICardinality_add40_rv1393_rv5087, testICardinality_add40_rv1393_rv5063, testICardinality_add40_rv1393_rv5084, testICardinality_add40_rv1393_rv5096, testICardinality_add40_rv1393_rv5105, testICardinality_add40_rv1393_rv5059, testICardinality_add40_rv1393_rv5090, testICardinality_add40_rv1393_rv5079, testICardinality_add40_rv1393_rv5104, testICardinality_add40_rv1393_rv5092, testICardinality_add40_rv1393_rv5112, testICardinality_add40_rv1393_rv5109, testICardinality_add40_rv1393_rv5078, testICardinality_add40_rv1393_rv5095, testICardinality_add40_rv1393_rv5071, testICardinality_add40_rv1393_rv5089, testICardinality_add40_rv1393_rv5098, testICardinality_add40_rv1393_rv5106, testICardinality_add40_rv1393_rv5070, testICardinality_add40_rv1393_rv5072, testICardinality_add40_rv1393_rv5061, testICardinality_add40_rv1393_rv5110, testICardinality_add40_rv1393_rv5069, testICardinality_add40_rv1393_rv5073, testICardinality_add40_rv1393_rv5093, testICardinality_add40_rv1393_rv5083, testICardinality_add40_rv1393_rv5064, testICardinality_add40_rv1393_rv5085, testICardinality_add40_rv1393_rv5081, testICardinality_add40_rv1393_rv5086, testICardinality_add40_rv1393_rv5067, testICardinality_add40_rv1393_rv5075, testICardinality_add40_rv1393_rv5102, testICardinality_add40_rv1393_rv5100, testICardinality_add40_rv1393_rv5074, testICardinality_add37litNum1294litString2497, testICardinalitylitString18litNum1243litNum3574] from org.junit.internal.requests.ClassRequest@626b2d4a
[INFO] 2018-08-15 11:38:27 AssertGenerator - 1 test fail, generating try/catch/fail blocks...
[INFO] 2018-08-15 11:38:27 AssertGenerator - Could not generate any test with assertions
[INFO] 2018-08-15 11:38:27 Amplification - 0 amplified test methods has been selected to be kept. (global: 0)
[INFO] 2018-08-15 11:38:27 Amplification - Amplification of testOffer, (2/2)
[INFO] 2018-08-15 11:38:27 Amplification - iteration 0 / 3
[INFO] 2018-08-15 11:38:27 Amplification - 1 tests selected to be amplified over 1 available tests
[INFO] 2018-08-15 11:38:27 SimpleBudgetizer - Amplification of inputs...
[INFO] 2018-08-15 11:38:27 SimpleBudgetizer - Time to amplify: 43ms
  0% |================================================= ]/ 26% |================================================= ]|[INFO] 2018-08-15 11:38:27 SimpleBudgetizer - 99 new tests generated
[INFO] 2018-08-15 11:38:28 AssertGenerator - Run tests. (99)
[INFO] 2018-08-15 11:38:28 EntryPoint - Run: java -classpath /tmp/dspot-experiments/dataset/stream-lib/target/test-classes:/tmp/dspot-experiments/dataset/stream-lib/target/classes/:/home/spirals/danglot/.m2/repository/it/unimi/dsi/fastutil/8.1.1/fastutil-8.1.1.jar:/home/spirals/danglot/.m2/repository/junit/junit/4.12/junit-4.12.jar:/home/spirals/danglot/.m2/repository/org/hamcrest/hamcrest-core/1.3/hamcrest-core-1.3.jar:/home/spirals/danglot/.m2/repository/org/slf4j/slf4j-simple/1.7.25/slf4j-simple-1.7.25.jar:/home/spirals/danglot/.m2/repository/colt/colt/1.2.0/colt-1.2.0.jar:/home/spirals/danglot/.m2/repository/concurrent/concurrent/1.3.4/concurrent-1.3.4.jar:/home/spirals/danglot/.m2/repository/com/googlecode/charts4j/charts4j/1.3/charts4j-1.3.jar:/home/spirals/danglot/.m2/repository/commons-codec/commons-codec/1.11/commons-codec-1.11.jar:/home/spirals/danglot/.m2/repository/com/google/guava/guava/23.3-jre/guava-23.3-jre.jar:/home/spirals/danglot/.m2/repository/com/google/code/findbugs/jsr305/2.0.3/jsr305-2.0.3.jar:/home/spirals/danglot/.m2/repository/com/google/errorprone/error_prone_annotations/2.0.18/error_prone_annotations-2.0.18.jar:/home/spirals/danglot/.m2/repository/com/google/j2objc/j2objc-annotations/1.1/j2objc-annotations-1.1.jar:/home/spirals/danglot/.m2/repository/org/codehaus/mojo/animal-sniffer-annotations/1.14/animal-sniffer-annotations-1.14.jar:/home/spirals/danglot/.m2/repository/org/apache/mahout/mahout-math/0.13.0/mahout-math-0.13.0.jar:/home/spirals/danglot/.m2/repository/org/apache/commons/commons-math3/3.2/commons-math3-3.2.jar:/home/spirals/danglot/.m2/repository/com/tdunning/t-digest/3.1/t-digest-3.1.jar:/home/spirals/danglot/.m2/repository/org/slf4j/slf4j-api/1.7.10/slf4j-api-1.7.10.jar:/tmp/dspot-experiments/target/dspot/dependencies:/tmp/dspot/dspot/target/dspot-1.1.1-SNAPSHOT-jar-with-dependencies.jar eu.stamp_project.testrunner.runner.test.TestRunner com.clearspring.analytics.stream.cardinality.TestICardinality testOffernull5730:testOffernull5729:testOffernull5726:testOffernull5734:testOffernull5731:testOffernull5727:testOffernull5725:testOffernull5735:testOffernull5733:testOffernull5728:testOffernull5732:testOffer_remove5721:testOffer_remove5723:testOffer_remove5722:testOffer_remove5720:testOffer_remove5724:testOffer_remove5719:testOffer_remove5718:testOfferlitString5690:testOfferlitString5641:testOfferlitString5643:testOfferlitString5696:testOfferlitString5702:testOfferlitString5668:testOfferlitString5666:testOfferlitString5686:testOfferlitString5673:testOfferlitString5679:testOfferlitString5661:testOfferlitString5688:testOfferlitString5658:testOfferlitString5704:testOfferlitString5665:testOfferlitString5682:testOfferlitString5680:testOfferlitString5648:testOfferlitString5706:testOfferlitString5671:testOfferlitString5691:testOfferlitString5676:testOffer_add5715:testOffer_add5711:testOffer_add5713:testOffer_add5717:testOffer_add5707:testOffer_add5709:testOffer_add5708:testOffer_add5716:testOffer_add5710:testOffer_add5712:testOffer_add5714:testOfferlitString5660:testOfferlitString5663:testOfferlitString5662:testOfferlitString5652:testOfferlitString5687:testOfferlitString5667:testOfferlitString5678:testOfferlitString5692:testOfferlitString5700:testOfferlitString5669:testOfferlitString5650:testOfferlitString5649:testOfferlitString5664:testOfferlitString5705:testOfferlitString5642:testOfferlitString5646:testOfferlitString5684:testOfferlitString5656:testOfferlitString5657:testOfferlitString5695:testOfferlitString5685:testOfferlitString5639:testOfferlitString5653:testOfferlitString5659:testOfferlitString5683:testOfferlitString5693:testOfferlitString5637:testOfferlitString5644:testOfferlitString5694:testOfferlitString5703:testOfferlitString5677:testOfferlitString5698:testOfferlitString5654:testOfferlitString5651:testOfferlitString5638:testOfferlitString5697:testOfferlitString5681:testOfferlitString5674:testOfferlitString5645:testOfferlitString5689:testOfferlitString5701:testOfferlitString5647:testOfferlitString5640:testOfferlitString5655:testOfferlitString5699:testOfferlitString5670:testOfferlitString5672:testOfferlitString5675
File saved to the following path: /tmp/dspot-experiments/dataset/stream-lib/target/dspot/TestListener.ser
[INFO] 2018-08-15 11:38:29 EntryPoint - Test has been run: initializationError(org.junit.runner.manipulation.Filter): No tests found matching Filter test methods according their simple name: [testOffernull5730, testOffernull5729, testOffernull5726, testOffernull5734, testOffernull5731, testOffernull5727, testOffernull5725, testOffernull5735, testOffernull5733, testOffernull5728, testOffernull5732, testOffer_remove5721, testOffer_remove5723, testOffer_remove5722, testOffer_remove5720, testOffer_remove5724, testOffer_remove5719, testOffer_remove5718, testOfferlitString5690, testOfferlitString5641, testOfferlitString5643, testOfferlitString5696, testOfferlitString5702, testOfferlitString5668, testOfferlitString5666, testOfferlitString5686, testOfferlitString5673, testOfferlitString5679, testOfferlitString5661, testOfferlitString5688, testOfferlitString5658, testOfferlitString5704, testOfferlitString5665, testOfferlitString5682, testOfferlitString5680, testOfferlitString5648, testOfferlitString5706, testOfferlitString5671, testOfferlitString5691, testOfferlitString5676, testOffer_add5715, testOffer_add5711, testOffer_add5713, testOffer_add5717, testOffer_add5707, testOffer_add5709, testOffer_add5708, testOffer_add5716, testOffer_add5710, testOffer_add5712, testOffer_add5714, testOfferlitString5660, testOfferlitString5663, testOfferlitString5662, testOfferlitString5652, testOfferlitString5687, testOfferlitString5667, testOfferlitString5678, testOfferlitString5692, testOfferlitString5700, testOfferlitString5669, testOfferlitString5650, testOfferlitString5649, testOfferlitString5664, testOfferlitString5705, testOfferlitString5642, testOfferlitString5646, testOfferlitString5684, testOfferlitString5656, testOfferlitString5657, testOfferlitString5695, testOfferlitString5685, testOfferlitString5639, testOfferlitString5653, testOfferlitString5659, testOfferlitString5683, testOfferlitString5693, testOfferlitString5637, testOfferlitString5644, testOfferlitString5694, testOfferlitString5703, testOfferlitString5677, testOfferlitString5698, testOfferlitString5654, testOfferlitString5651, testOfferlitString5638, testOfferlitString5697, testOfferlitString5681, testOfferlitString5674, testOfferlitString5645, testOfferlitString5689, testOfferlitString5701, testOfferlitString5647, testOfferlitString5640, testOfferlitString5655, testOfferlitString5699, testOfferlitString5670, testOfferlitString5672, testOfferlitString5675] from org.junit.internal.requests.ClassRequest@626b2d4a
[INFO] 2018-08-15 11:38:29 AssertGenerator - 1 test fail, generating try/catch/fail blocks...
[INFO] 2018-08-15 11:38:29 AssertGenerator - Could not generate any test with assertions
[INFO] 2018-08-15 11:38:29 Amplification - iteration 1 / 3
[INFO] 2018-08-15 11:38:29 Amplification - 99 tests selected to be amplified over 99 available tests
[INFO] 2018-08-15 11:38:29 SimpleBudgetizer - Amplification of inputs...
[INFO] 2018-08-15 11:38:31 SimpleBudgetizer - Time to amplify: 2092ms
  0% |================================================= ]/ 22% |================================================= ]/[INFO] 2018-08-15 11:38:31 SimpleBudgetizer - 200 new tests generated
[INFO] 2018-08-15 11:38:31 AssertGenerator - Run tests. (200)
[INFO] 2018-08-15 11:38:32 EntryPoint - Run: java -classpath /tmp/dspot-experiments/dataset/stream-lib/target/test-classes:/tmp/dspot-experiments/dataset/stream-lib/target/classes/:/home/spirals/danglot/.m2/repository/it/unimi/dsi/fastutil/8.1.1/fastutil-8.1.1.jar:/home/spirals/danglot/.m2/repository/junit/junit/4.12/junit-4.12.jar:/home/spirals/danglot/.m2/repository/org/hamcrest/hamcrest-core/1.3/hamcrest-core-1.3.jar:/home/spirals/danglot/.m2/repository/org/slf4j/slf4j-simple/1.7.25/slf4j-simple-1.7.25.jar:/home/spirals/danglot/.m2/repository/colt/colt/1.2.0/colt-1.2.0.jar:/home/spirals/danglot/.m2/repository/concurrent/concurrent/1.3.4/concurrent-1.3.4.jar:/home/spirals/danglot/.m2/repository/com/googlecode/charts4j/charts4j/1.3/charts4j-1.3.jar:/home/spirals/danglot/.m2/repository/commons-codec/commons-codec/1.11/commons-codec-1.11.jar:/home/spirals/danglot/.m2/repository/com/google/guava/guava/23.3-jre/guava-23.3-jre.jar:/home/spirals/danglot/.m2/repository/com/google/code/findbugs/jsr305/2.0.3/jsr305-2.0.3.jar:/home/spirals/danglot/.m2/repository/com/google/errorprone/error_prone_annotations/2.0.18/error_prone_annotations-2.0.18.jar:/home/spirals/danglot/.m2/repository/com/google/j2objc/j2objc-annotations/1.1/j2objc-annotations-1.1.jar:/home/spirals/danglot/.m2/repository/org/codehaus/mojo/animal-sniffer-annotations/1.14/animal-sniffer-annotations-1.14.jar:/home/spirals/danglot/.m2/repository/org/apache/mahout/mahout-math/0.13.0/mahout-math-0.13.0.jar:/home/spirals/danglot/.m2/repository/org/apache/commons/commons-math3/3.2/commons-math3-3.2.jar:/home/spirals/danglot/.m2/repository/com/tdunning/t-digest/3.1/t-digest-3.1.jar:/home/spirals/danglot/.m2/repository/org/slf4j/slf4j-api/1.7.10/slf4j-api-1.7.10.jar:/tmp/dspot-experiments/target/dspot/dependencies:/tmp/dspot/dspot/target/dspot-1.1.1-SNAPSHOT-jar-with-dependencies.jar eu.stamp_project.testrunner.runner.test.TestRunner com.clearspring.analytics.stream.cardinality.TestICardinality testOfferlitString5647null10822:testOfferlitString5646null10691:testOfferlitString5645null10811:testOfferlitString5644null10763:testOfferlitString5649null10668:testOfferlitString5648null10469:testOfferlitString5650null10662:testOfferlitString5654null10775:testOfferlitString5653null10731:testOfferlitString5652null10637:testOfferlitString5651null10786:testOfferlitString5658null10449:testOfferlitString5657null10707:testOfferlitString5656null10698:testOfferlitString5655null10838:testOfferlitString5659null10733:testOfferlitString5661null10439:testOfferlitString5660null10620:testOfferlitString5665null10452:testOfferlitString5664null10674:testOfferlitString5663null10625:testOfferlitString5662null10632:testOfferlitString5647litString9871:testOfferlitString5646litString9027:testOfferlitString5645litString9849:testOfferlitString5644litString9467:testOfferlitString5649litString8822:testOfferlitString5648litString7503:testOfferlitString5650litString8775:testOfferlitString5654litString9586:testOfferlitString5653litString9270:testOfferlitString5652litString8631:testOfferlitString5651litString9660:testOfferlitString5658litString7372:testOfferlitString5657litString9105:testOfferlitString5656litString9089:testOfferlitString5655litString10018:testOfferlitString5659litString9293:testOfferlitString5661litString7276:testOfferlitString5660litString8502:testOfferlitString5665litString7395:testOfferlitString5664litString8899:testOfferlitString5663litString8541:testOfferlitString5662litString8558:testOfferlitString5647null10818:testOfferlitString5646null10693:testOfferlitString5645null10813:testOfferlitString5644null10766:testOfferlitString5649null10670:testOfferlitString5648null10467:testOfferlitString5650null10661:testOfferlitString5654null10776:testOfferlitString5653null10726:testOfferlitString5652null10638:testOfferlitString5651null10784:testOfferlitString5658null10451:testOfferlitString5657null10706:testOfferlitString5656null10699:testOfferlitString5655null10837:testOfferlitString5659null10737:testOfferlitString5661null10441:testOfferlitString5660null10617:testOfferlitString5665null10455:testOfferlitString5664null10673:testOfferlitString5663null10623:testOfferlitString5662null10630:testOfferlitString5639null10718:testOffer_add5711null10505:testOfferlitString5638null10787:testOffer_add5710null10584:testOfferlitString5637null10754:testOffer_add5713null10519:testOffer_add5712null10603:testOffer_add5715null10496:testOffer_add5714null10605:testOfferlitString5643null10410:testOffer_add5717null10528:testOffer_add5716null10578:testOfferlitString5642null10679:testOfferlitString5641null10407:testOfferlitString5640null10832:testOfferlitString5689null10814:testOfferlitString5688null10445:testOffer_add5709null10546:testOfferlitString5690null10398:testOfferlitString5694null10767:testOfferlitString5693null10747:testOfferlitString5692null10652:testOfferlitString5691null10480:testOfferlitString5698null10771:testOfferlitString5697null10797:testOfferlitString5696null10419:testOffer_add5708null10566:testOffer_add5707null10533:testOfferlitString5695null10713:testOfferlitString5699null10844:testOffer_remove5722null10348:testOffer_remove5723null10343:testOffer_remove5724null10371:testOffer_remove5720null10364:testOffer_remove5721null10332:testOffer_remove5719null10385:testOffer_remove5718null10392:testOfferlitString5669null10654:testOfferlitString5668null10420:testOfferlitString5667null10645:testOfferlitString5666null10427:testOffernull5735null10292:testOfferlitString5672null10854:testOfferlitString5671null10472:testOffernull5733null10298:testOfferlitString5670null10850:testOffernull5734null10253:testOffernull5731null10260:testOfferlitString5676null10482:testOffernull5732null10321:testOfferlitString5675null10860:testOfferlitString5674null10802:testOffernull5730null10220:testOfferlitString5673null10432:testOfferlitString5679null10437:testOfferlitString5678null10649:testOfferlitString5647litString9898:testOfferlitString5646litString8973:testOfferlitString5645litString9802:testOfferlitString5644litString9472:testOfferlitString5649litString8862:testOfferlitString5648litString7487:testOfferlitString5650litString8770:testOfferlitString5654litString9564:testOfferlitString5653litString9258:testOfferlitString5652litString8603:testOfferlitString5651litString9615:testOfferlitString5658litString7329:testOfferlitString5657litString9112:testOfferlitString5656litString9078:testOfferlitString5655litString10030:testOfferlitString5659litString9294:testOfferlitString5661litString7311:testOfferlitString5660litString8497:testOfferlitString5665litString7393:testOfferlitString5664litString8874:testOfferlitString5663litString8511:testOfferlitString5662litString8565:testOfferlitString5639litString9186:testOffer_add5711litString7765:testOfferlitString5638litString9692:testOffer_add5710litString8248:testOfferlitString5637litString9408:testOffer_add5713litString7842:testOffer_add5712litString8306:testOffer_add5715litString7659:testOffer_add5714litString8417:testOfferlitString5643litString7093:testOffer_add5717litString7851:testOffer_add5716litString8166:testOfferlitString5642litString8944:testOfferlitString5641litString7028:testOfferlitString5640litString9935:testOfferlitString5689litString9868:testOfferlitString5688litString7324:testOffer_add5709litString8041:testOfferlitString5690litString6979:testOfferlitString5694litString9527:testOfferlitString5693litString9391:testOfferlitString5692litString8726:testOfferlitString5691litString7590:testOfferlitString5698litString9559:testOfferlitString5697litString9736:testOfferlitString5696litString7115:testOffer_add5708litString8143:testOffer_add5707litString7931:testOfferlitString5695litString9159:testOfferlitString5699litString10069:testOffer_remove5722litString6717:testOffer_remove5723litString6630:testOffer_remove5724litString6835:testOffer_remove5720litString6767:testOffer_remove5721litString6586:testOffer_remove5719litString6871:testOffer_remove5718litString6963:testOfferlitString5669litString8759:testOfferlitString5668litString7124:testOfferlitString5667litString8670:testOfferlitString5666litString7168:testOffernull5735litString6316:testOfferlitString5672litString10131:testOfferlitString5671litString7538:testOffernull5733litString6373:testOfferlitString5670litString10121:testOffernull5734litString6040:testOffernull5731litString6110:testOfferlitString5676litString7611:testOffernull5732litString6519:testOfferlitString5675litString10207:testOfferlitString5674litString9763:testOffernull5730litString5846:testOfferlitString5673litString7225:testOfferlitString5679litString7261:testOfferlitString5678litString8706
File saved to the following path: /tmp/dspot-experiments/dataset/stream-lib/target/dspot/TestListener.ser
[INFO] 2018-08-15 11:38:33 EntryPoint - Test has been run: initializationError(org.junit.runner.manipulation.Filter): No tests found matching Filter test methods according their simple name: [testOfferlitString5647null10822, testOfferlitString5646null10691, testOfferlitString5645null10811, testOfferlitString5644null10763, testOfferlitString5649null10668, testOfferlitString5648null10469, testOfferlitString5650null10662, testOfferlitString5654null10775, testOfferlitString5653null10731, testOfferlitString5652null10637, testOfferlitString5651null10786, testOfferlitString5658null10449, testOfferlitString5657null10707, testOfferlitString5656null10698, testOfferlitString5655null10838, testOfferlitString5659null10733, testOfferlitString5661null10439, testOfferlitString5660null10620, testOfferlitString5665null10452, testOfferlitString5664null10674, testOfferlitString5663null10625, testOfferlitString5662null10632, testOfferlitString5647litString9871, testOfferlitString5646litString9027, testOfferlitString5645litString9849, testOfferlitString5644litString9467, testOfferlitString5649litString8822, testOfferlitString5648litString7503, testOfferlitString5650litString8775, testOfferlitString5654litString9586, testOfferlitString5653litString9270, testOfferlitString5652litString8631, testOfferlitString5651litString9660, testOfferlitString5658litString7372, testOfferlitString5657litString9105, testOfferlitString5656litString9089, testOfferlitString5655litString10018, testOfferlitString5659litString9293, testOfferlitString5661litString7276, testOfferlitString5660litString8502, testOfferlitString5665litString7395, testOfferlitString5664litString8899, testOfferlitString5663litString8541, testOfferlitString5662litString8558, testOfferlitString5647null10818, testOfferlitString5646null10693, testOfferlitString5645null10813, testOfferlitString5644null10766, testOfferlitString5649null10670, testOfferlitString5648null10467, testOfferlitString5650null10661, testOfferlitString5654null10776, testOfferlitString5653null10726, testOfferlitString5652null10638, testOfferlitString5651null10784, testOfferlitString5658null10451, testOfferlitString5657null10706, testOfferlitString5656null10699, testOfferlitString5655null10837, testOfferlitString5659null10737, testOfferlitString5661null10441, testOfferlitString5660null10617, testOfferlitString5665null10455, testOfferlitString5664null10673, testOfferlitString5663null10623, testOfferlitString5662null10630, testOfferlitString5639null10718, testOffer_add5711null10505, testOfferlitString5638null10787, testOffer_add5710null10584, testOfferlitString5637null10754, testOffer_add5713null10519, testOffer_add5712null10603, testOffer_add5715null10496, testOffer_add5714null10605, testOfferlitString5643null10410, testOffer_add5717null10528, testOffer_add5716null10578, testOfferlitString5642null10679, testOfferlitString5641null10407, testOfferlitString5640null10832, testOfferlitString5689null10814, testOfferlitString5688null10445, testOffer_add5709null10546, testOfferlitString5690null10398, testOfferlitString5694null10767, testOfferlitString5693null10747, testOfferlitString5692null10652, testOfferlitString5691null10480, testOfferlitString5698null10771, testOfferlitString5697null10797, testOfferlitString5696null10419, testOffer_add5708null10566, testOffer_add5707null10533, testOfferlitString5695null10713, testOfferlitString5699null10844, testOffer_remove5722null10348, testOffer_remove5723null10343, testOffer_remove5724null10371, testOffer_remove5720null10364, testOffer_remove5721null10332, testOffer_remove5719null10385, testOffer_remove5718null10392, testOfferlitString5669null10654, testOfferlitString5668null10420, testOfferlitString5667null10645, testOfferlitString5666null10427, testOffernull5735null10292, testOfferlitString5672null10854, testOfferlitString5671null10472, testOffernull5733null10298, testOfferlitString5670null10850, testOffernull5734null10253, testOffernull5731null10260, testOfferlitString5676null10482, testOffernull5732null10321, testOfferlitString5675null10860, testOfferlitString5674null10802, testOffernull5730null10220, testOfferlitString5673null10432, testOfferlitString5679null10437, testOfferlitString5678null10649, testOfferlitString5647litString9898, testOfferlitString5646litString8973, testOfferlitString5645litString9802, testOfferlitString5644litString9472, testOfferlitString5649litString8862, testOfferlitString5648litString7487, testOfferlitString5650litString8770, testOfferlitString5654litString9564, testOfferlitString5653litString9258, testOfferlitString5652litString8603, testOfferlitString5651litString9615, testOfferlitString5658litString7329, testOfferlitString5657litString9112, testOfferlitString5656litString9078, testOfferlitString5655litString10030, testOfferlitString5659litString9294, testOfferlitString5661litString7311, testOfferlitString5660litString8497, testOfferlitString5665litString7393, testOfferlitString5664litString8874, testOfferlitString5663litString8511, testOfferlitString5662litString8565, testOfferlitString5639litString9186, testOffer_add5711litString7765, testOfferlitString5638litString9692, testOffer_add5710litString8248, testOfferlitString5637litString9408, testOffer_add5713litString7842, testOffer_add5712litString8306, testOffer_add5715litString7659, testOffer_add5714litString8417, testOfferlitString5643litString7093, testOffer_add5717litString7851, testOffer_add5716litString8166, testOfferlitString5642litString8944, testOfferlitString5641litString7028, testOfferlitString5640litString9935, testOfferlitString5689litString9868, testOfferlitString5688litString7324, testOffer_add5709litString8041, testOfferlitString5690litString6979, testOfferlitString5694litString9527, testOfferlitString5693litString9391, testOfferlitString5692litString8726, testOfferlitString5691litString7590, testOfferlitString5698litString9559, testOfferlitString5697litString9736, testOfferlitString5696litString7115, testOffer_add5708litString8143, testOffer_add5707litString7931, testOfferlitString5695litString9159, testOfferlitString5699litString10069, testOffer_remove5722litString6717, testOffer_remove5723litString6630, testOffer_remove5724litString6835, testOffer_remove5720litString6767, testOffer_remove5721litString6586, testOffer_remove5719litString6871, testOffer_remove5718litString6963, testOfferlitString5669litString8759, testOfferlitString5668litString7124, testOfferlitString5667litString8670, testOfferlitString5666litString7168, testOffernull5735litString6316, testOfferlitString5672litString10131, testOfferlitString5671litString7538, testOffernull5733litString6373, testOfferlitString5670litString10121, testOffernull5734litString6040, testOffernull5731litString6110, testOfferlitString5676litString7611, testOffernull5732litString6519, testOfferlitString5675litString10207, testOfferlitString5674litString9763, testOffernull5730litString5846, testOfferlitString5673litString7225, testOfferlitString5679litString7261, testOfferlitString5678litString8706] from org.junit.internal.requests.ClassRequest@626b2d4a
[INFO] 2018-08-15 11:38:33 AssertGenerator - 1 test fail, generating try/catch/fail blocks...
[INFO] 2018-08-15 11:38:33 AssertGenerator - Could not generate any test with assertions
[INFO] 2018-08-15 11:38:33 Amplification - iteration 2 / 3
[INFO] 2018-08-15 11:38:33 Amplification - 200 tests selected to be amplified over 200 available tests
[INFO] 2018-08-15 11:38:33 SimpleBudgetizer - Amplification of inputs...
[INFO] 2018-08-15 11:38:36 SimpleBudgetizer - Time to amplify: 3304ms
  0% |================================================= ]/ 17% |================================================= ]\[INFO] 2018-08-15 11:38:36 SimpleBudgetizer - 200 new tests generated
[INFO] 2018-08-15 11:38:37 AssertGenerator - Run tests. (200)
[INFO] 2018-08-15 11:38:37 EntryPoint - Run: java -classpath /tmp/dspot-experiments/dataset/stream-lib/target/test-classes:/tmp/dspot-experiments/dataset/stream-lib/target/classes/:/home/spirals/danglot/.m2/repository/it/unimi/dsi/fastutil/8.1.1/fastutil-8.1.1.jar:/home/spirals/danglot/.m2/repository/junit/junit/4.12/junit-4.12.jar:/home/spirals/danglot/.m2/repository/org/hamcrest/hamcrest-core/1.3/hamcrest-core-1.3.jar:/home/spirals/danglot/.m2/repository/org/slf4j/slf4j-simple/1.7.25/slf4j-simple-1.7.25.jar:/home/spirals/danglot/.m2/repository/colt/colt/1.2.0/colt-1.2.0.jar:/home/spirals/danglot/.m2/repository/concurrent/concurrent/1.3.4/concurrent-1.3.4.jar:/home/spirals/danglot/.m2/repository/com/googlecode/charts4j/charts4j/1.3/charts4j-1.3.jar:/home/spirals/danglot/.m2/repository/commons-codec/commons-codec/1.11/commons-codec-1.11.jar:/home/spirals/danglot/.m2/repository/com/google/guava/guava/23.3-jre/guava-23.3-jre.jar:/home/spirals/danglot/.m2/repository/com/google/code/findbugs/jsr305/2.0.3/jsr305-2.0.3.jar:/home/spirals/danglot/.m2/repository/com/google/errorprone/error_prone_annotations/2.0.18/error_prone_annotations-2.0.18.jar:/home/spirals/danglot/.m2/repository/com/google/j2objc/j2objc-annotations/1.1/j2objc-annotations-1.1.jar:/home/spirals/danglot/.m2/repository/org/codehaus/mojo/animal-sniffer-annotations/1.14/animal-sniffer-annotations-1.14.jar:/home/spirals/danglot/.m2/repository/org/apache/mahout/mahout-math/0.13.0/mahout-math-0.13.0.jar:/home/spirals/danglot/.m2/repository/org/apache/commons/commons-math3/3.2/commons-math3-3.2.jar:/home/spirals/danglot/.m2/repository/com/tdunning/t-digest/3.1/t-digest-3.1.jar:/home/spirals/danglot/.m2/repository/org/slf4j/slf4j-api/1.7.10/slf4j-api-1.7.10.jar:/tmp/dspot-experiments/target/dspot/dependencies:/tmp/dspot/dspot/target/dspot-1.1.1-SNAPSHOT-jar-with-dependencies.jar eu.stamp_project.testrunner.runner.test.TestRunner com.clearspring.analytics.stream.cardinality.TestICardinality testOfferlitString5649null10668null17844:testOffer_remove5721litString6586null18714:testOffernull5734null10253null18451:testOfferlitString5676litString7611null18753:testOfferlitString5656litString9078null18575:testOfferlitString5690litString6979null18692:testOfferlitString5649null10670null18048:testOfferlitString5637null10754null18196:testOfferlitString5667null10645null18417:testOfferlitString5646null10693null18021:testOffer_add5716null10578null18268:testOffernull5731litString6110null18750:testOfferlitString5646null10691null17821:testOfferlitString5674null10802null18487:testOffer_add5715litString7659null18642:testOfferlitString5642litString8944null18675:testOfferlitString5663null10623null18141:testOfferlitString5649null10668litString11289:testOffer_remove5721litString6586litString17353:testOffernull5734null10253litString15494:testOfferlitString5676litString7611litString17649:testOfferlitString5656litString9078litString16331:testOfferlitString5690litString6979litString17194:testOfferlitString5649null10670litString12740:testOfferlitString5637null10754litString13743:testOfferlitString5667null10645litString15210:testOfferlitString5646null10693litString12591:testOffer_add5716null10578litString14222:testOffernull5731litString6110litString17627:testOfferlitString5646null10691litString11151:testOfferlitString5674null10802litString15702:testOffer_add5715litString7659litString16848:testOfferlitString5642litString8944litString17066:testOfferlitString5663null10623litString13412:testOfferlitString5649null10668null17848:testOffernull5734null10253null18454:testOfferlitString5656litString9078null18574:testOfferlitString5649null10670null18046:testOfferlitString5637null10754null18195:testOfferlitString5667null10645null18418:testOfferlitString5646null10693null18022:testOffer_add5716null10578null18263:testOffernull5731litString6110null18747:testOfferlitString5646null10691null17826:testOfferlitString5674null10802null18489:testOffer_add5715litString7659null18644:testOfferlitString5642litString8944null18674:testOfferlitString5663null10623null18138:testOfferlitString5647litString9898null18506:testOfferlitString5663null10625null17937:testOfferlitString5664null10674null17934:testOfferlitString5664null10673null18136:testOfferlitString5642null10679null18276:testOffer_add5707litString7931null18704:testOfferlitString5653litString9270null17976:testOfferlitString5653null10731null17871:testOffernull5730null10220null18494:testOffernull5730litString5846null18766:testOfferlitString5689null10814null18297:testOfferlitString5654null10775null17868:testOfferlitString5654null10776null18066:testOfferlitString5653litString9258null18552:testOfferlitString5658litString7329null18568:testOfferlitString5672litString10131null18732:testOfferlitString5673litString7225null18773:testOfferlitString5643litString7093null18651:testOfferlitString5653null10726null18074:testOfferlitString5640null10832null18291:testOffernull5733null10298null18443:testOfferlitString5652null10637null17878:testOfferlitString5652null10638null18083:testOfferlitString5676null10482null18469:testOfferlitString5650litString8775null17973:testOfferlitString5647litString9871null17949:testOfferlitString5650litString8770null18540:testOffer_add5708litString8143null18693:testOffer_remove5720litString6767null18712:testOfferlitString5670null10850null18448:testOfferlitString5661litString7276null17998:testOfferlitString5668litString7124null18721:testOfferlitString5671null10472null18436:testOfferlitString5667litString8670null18725:testOffer_add5714null10605null18238:testOfferlitString5666litString7168null18727:testOfferlitString5638litString9692null18615:testOfferlitString5641litString7028null18676:testOffernull5735litString6316null18730:testOffernull5735null10292null18431:testOffer_add5712litString8306null18641:testOffernull5731null10260null18464:testOfferlitString5647null10822null17814:testOfferlitString5691null10480null18312:testOfferlitString5660null10620null17925:testOfferlitString5657null10706null18102:testOfferlitString5665null10452null17932:testOfferlitString5657null10707null17899:testOfferlitString5637litString9408null18625:testOffer_add5717litString7851null18659:testOffernull5734litString6040null18746:testOfferlitString5647null10818null18014:testOfferlitString5665null10455null18133:testOfferlitString5656null10699null18104:testOfferlitString5656null10698null17902:testOfferlitString5648litString7487null18536:testOfferlitString5646litString8973null18510:testOffer_add5711null10505null18157:testOfferlitString5652litString8603null18555:testOfferlitString5663litString8511null18599:testOfferlitString5660null10617null18126:testOfferlitString5668null10420null18414:testOfferlitString5655litString10018null17989:testOffer_remove5718null10392null18409:testOffer_add5709null10546null18308:testOffer_remove5723litString6630null18708:testOfferlitString5674litString9763null18763:testOffernull5733litString6373null18737:testOffer_remove5723null10343null18362:testOfferlitString5649null10668litString11287:testOffer_remove5721litString6586litString17355:testOffernull5734null10253litString15462:testOfferlitString5676litString7611litString17648:testOfferlitString5656litString9078litString16334:testOfferlitString5690litString6979litString17197:testOfferlitString5649null10670litString12730:testOfferlitString5637null10754litString13748:testOfferlitString5667null10645litString15221:testOfferlitString5646null10693litString12602:testOffer_add5716null10578litString14253:testOffernull5731litString6110litString17644:testOfferlitString5646null10691litString11157:testOfferlitString5674null10802litString15698:testOffer_add5715litString7659litString16855:testOfferlitString5642litString8944litString17050:testOfferlitString5663null10623litString13410:testOfferlitString5647litString9898litString15826:testOfferlitString5663null10625litString11968:testOfferlitString5664null10674litString11923:testOfferlitString5664null10673litString13390:testOfferlitString5642null10679litString14313:testOffer_add5707litString7931litString17270:testOfferlitString5653litString9270litString12231:testOfferlitString5653null10731litString11486:testOffernull5730null10220litString15731:testOffernull5730litString5846litString17767:testOfferlitString5689null10814litString14430:testOfferlitString5654null10775litString11416:testOfferlitString5654null10776litString12880:testOfferlitString5653litString9258litString16139:testOfferlitString5658litString7329litString16274:testOfferlitString5672litString10131litString17515:testOfferlitString5673litString7225litString17801:testOfferlitString5643litString7093litString16911:testOfferlitString5653null10726litString12918:testOfferlitString5640null10832litString14376:testOffernull5733null10298litString15399:testOfferlitString5652null10637litString11517:testOfferlitString5652null10638litString12989:testOfferlitString5676null10482litString15565:testOfferlitString5650litString8775litString12174:testOfferlitString5647litString9871litString12055:testOfferlitString5650litString8770litString16086:testOffer_add5708litString8143litString17205:testOffer_remove5720litString6767litString17346:testOfferlitString5670null10850litString15434:testOfferlitString5661litString7276litString12385:testOfferlitString5668litString7124litString17401:testOfferlitString5671null10472litString15350:testOfferlitString5667litString8670litString17432:testOffer_add5714null10605litString14006:testOfferlitString5666litString7168litString17446:testOfferlitString5638litString9692litString16646:testOfferlitString5641litString7028litString17074:testOffernull5735litString6316litString17478:testOffernull5735null10292litString15270:testOffer_add5712litString8306litString16784:testOffernull5731null10260litString15555:testOfferlitString5647null10822litString11071:testOfferlitString5691null10480litString14536:testOfferlitString5660null10620litString11876:testOfferlitString5657null10706litString13125:testOfferlitString5665null10452litString11887:testOfferlitString5657null10707litString11660:testOfferlitString5637litString9408litString16725:testOffer_add5717litString7851litString16941:testOffernull5734litString6040litString17590:testOfferlitString5647null10818litString12554:testOfferlitString5665null10455litString13362:testOfferlitString5656null10699litString13176:testOfferlitString5656null10698litString11707:testOfferlitString5648litString7487litString16020:testOfferlitString5646litString8973litString15888:testOffer_add5711null10505litString13596:testOfferlitString5652litString8603litString16183:testOfferlitString5663litString8511litString16529:testOfferlitString5660null10617litString13312:testOfferlitString5668null10420litString15186:testOfferlitString5655litString10018litString12324:testOffer_remove5718null10392litString15101:testOffer_add5709null10546litString14483:testOffer_remove5723litString6630litString17316
File saved to the following path: /tmp/dspot-experiments/dataset/stream-lib/target/dspot/TestListener.ser
[INFO] 2018-08-15 11:38:38 EntryPoint - Test has been run: initializationError(org.junit.runner.manipulation.Filter): No tests found matching Filter test methods according their simple name: [testOfferlitString5649null10668null17844, testOffer_remove5721litString6586null18714, testOffernull5734null10253null18451, testOfferlitString5676litString7611null18753, testOfferlitString5656litString9078null18575, testOfferlitString5690litString6979null18692, testOfferlitString5649null10670null18048, testOfferlitString5637null10754null18196, testOfferlitString5667null10645null18417, testOfferlitString5646null10693null18021, testOffer_add5716null10578null18268, testOffernull5731litString6110null18750, testOfferlitString5646null10691null17821, testOfferlitString5674null10802null18487, testOffer_add5715litString7659null18642, testOfferlitString5642litString8944null18675, testOfferlitString5663null10623null18141, testOfferlitString5649null10668litString11289, testOffer_remove5721litString6586litString17353, testOffernull5734null10253litString15494, testOfferlitString5676litString7611litString17649, testOfferlitString5656litString9078litString16331, testOfferlitString5690litString6979litString17194, testOfferlitString5649null10670litString12740, testOfferlitString5637null10754litString13743, testOfferlitString5667null10645litString15210, testOfferlitString5646null10693litString12591, testOffer_add5716null10578litString14222, testOffernull5731litString6110litString17627, testOfferlitString5646null10691litString11151, testOfferlitString5674null10802litString15702, testOffer_add5715litString7659litString16848, testOfferlitString5642litString8944litString17066, testOfferlitString5663null10623litString13412, testOfferlitString5649null10668null17848, testOffernull5734null10253null18454, testOfferlitString5656litString9078null18574, testOfferlitString5649null10670null18046, testOfferlitString5637null10754null18195, testOfferlitString5667null10645null18418, testOfferlitString5646null10693null18022, testOffer_add5716null10578null18263, testOffernull5731litString6110null18747, testOfferlitString5646null10691null17826, testOfferlitString5674null10802null18489, testOffer_add5715litString7659null18644, testOfferlitString5642litString8944null18674, testOfferlitString5663null10623null18138, testOfferlitString5647litString9898null18506, testOfferlitString5663null10625null17937, testOfferlitString5664null10674null17934, testOfferlitString5664null10673null18136, testOfferlitString5642null10679null18276, testOffer_add5707litString7931null18704, testOfferlitString5653litString9270null17976, testOfferlitString5653null10731null17871, testOffernull5730null10220null18494, testOffernull5730litString5846null18766, testOfferlitString5689null10814null18297, testOfferlitString5654null10775null17868, testOfferlitString5654null10776null18066, testOfferlitString5653litString9258null18552, testOfferlitString5658litString7329null18568, testOfferlitString5672litString10131null18732, testOfferlitString5673litString7225null18773, testOfferlitString5643litString7093null18651, testOfferlitString5653null10726null18074, testOfferlitString5640null10832null18291, testOffernull5733null10298null18443, testOfferlitString5652null10637null17878, testOfferlitString5652null10638null18083, testOfferlitString5676null10482null18469, testOfferlitString5650litString8775null17973, testOfferlitString5647litString9871null17949, testOfferlitString5650litString8770null18540, testOffer_add5708litString8143null18693, testOffer_remove5720litString6767null18712, testOfferlitString5670null10850null18448, testOfferlitString5661litString7276null17998, testOfferlitString5668litString7124null18721, testOfferlitString5671null10472null18436, testOfferlitString5667litString8670null18725, testOffer_add5714null10605null18238, testOfferlitString5666litString7168null18727, testOfferlitString5638litString9692null18615, testOfferlitString5641litString7028null18676, testOffernull5735litString6316null18730, testOffernull5735null10292null18431, testOffer_add5712litString8306null18641, testOffernull5731null10260null18464, testOfferlitString5647null10822null17814, testOfferlitString5691null10480null18312, testOfferlitString5660null10620null17925, testOfferlitString5657null10706null18102, testOfferlitString5665null10452null17932, testOfferlitString5657null10707null17899, testOfferlitString5637litString9408null18625, testOffer_add5717litString7851null18659, testOffernull5734litString6040null18746, testOfferlitString5647null10818null18014, testOfferlitString5665null10455null18133, testOfferlitString5656null10699null18104, testOfferlitString5656null10698null17902, testOfferlitString5648litString7487null18536, testOfferlitString5646litString8973null18510, testOffer_add5711null10505null18157, testOfferlitString5652litString8603null18555, testOfferlitString5663litString8511null18599, testOfferlitString5660null10617null18126, testOfferlitString5668null10420null18414, testOfferlitString5655litString10018null17989, testOffer_remove5718null10392null18409, testOffer_add5709null10546null18308, testOffer_remove5723litString6630null18708, testOfferlitString5674litString9763null18763, testOffernull5733litString6373null18737, testOffer_remove5723null10343null18362, testOfferlitString5649null10668litString11287, testOffer_remove5721litString6586litString17355, testOffernull5734null10253litString15462, testOfferlitString5676litString7611litString17648, testOfferlitString5656litString9078litString16334, testOfferlitString5690litString6979litString17197, testOfferlitString5649null10670litString12730, testOfferlitString5637null10754litString13748, testOfferlitString5667null10645litString15221, testOfferlitString5646null10693litString12602, testOffer_add5716null10578litString14253, testOffernull5731litString6110litString17644, testOfferlitString5646null10691litString11157, testOfferlitString5674null10802litString15698, testOffer_add5715litString7659litString16855, testOfferlitString5642litString8944litString17050, testOfferlitString5663null10623litString13410, testOfferlitString5647litString9898litString15826, testOfferlitString5663null10625litString11968, testOfferlitString5664null10674litString11923, testOfferlitString5664null10673litString13390, testOfferlitString5642null10679litString14313, testOffer_add5707litString7931litString17270, testOfferlitString5653litString9270litString12231, testOfferlitString5653null10731litString11486, testOffernull5730null10220litString15731, testOffernull5730litString5846litString17767, testOfferlitString5689null10814litString14430, testOfferlitString5654null10775litString11416, testOfferlitString5654null10776litString12880, testOfferlitString5653litString9258litString16139, testOfferlitString5658litString7329litString16274, testOfferlitString5672litString10131litString17515, testOfferlitString5673litString7225litString17801, testOfferlitString5643litString7093litString16911, testOfferlitString5653null10726litString12918, testOfferlitString5640null10832litString14376, testOffernull5733null10298litString15399, testOfferlitString5652null10637litString11517, testOfferlitString5652null10638litString12989, testOfferlitString5676null10482litString15565, testOfferlitString5650litString8775litString12174, testOfferlitString5647litString9871litString12055, testOfferlitString5650litString8770litString16086, testOffer_add5708litString8143litString17205, testOffer_remove5720litString6767litString17346, testOfferlitString5670null10850litString15434, testOfferlitString5661litString7276litString12385, testOfferlitString5668litString7124litString17401, testOfferlitString5671null10472litString15350, testOfferlitString5667litString8670litString17432, testOffer_add5714null10605litString14006, testOfferlitString5666litString7168litString17446, testOfferlitString5638litString9692litString16646, testOfferlitString5641litString7028litString17074, testOffernull5735litString6316litString17478, testOffernull5735null10292litString15270, testOffer_add5712litString8306litString16784, testOffernull5731null10260litString15555, testOfferlitString5647null10822litString11071, testOfferlitString5691null10480litString14536, testOfferlitString5660null10620litString11876, testOfferlitString5657null10706litString13125, testOfferlitString5665null10452litString11887, testOfferlitString5657null10707litString11660, testOfferlitString5637litString9408litString16725, testOffer_add5717litString7851litString16941, testOffernull5734litString6040litString17590, testOfferlitString5647null10818litString12554, testOfferlitString5665null10455litString13362, testOfferlitString5656null10699litString13176, testOfferlitString5656null10698litString11707, testOfferlitString5648litString7487litString16020, testOfferlitString5646litString8973litString15888, testOffer_add5711null10505litString13596, testOfferlitString5652litString8603litString16183, testOfferlitString5663litString8511litString16529, testOfferlitString5660null10617litString13312, testOfferlitString5668null10420litString15186, testOfferlitString5655litString10018litString12324, testOffer_remove5718null10392litString15101, testOffer_add5709null10546litString14483, testOffer_remove5723litString6630litString17316] from org.junit.internal.requests.ClassRequest@626b2d4a
[INFO] 2018-08-15 11:38:38 AssertGenerator - 1 test fail, generating try/catch/fail blocks...
[INFO] 2018-08-15 11:38:38 AssertGenerator - Could not generate any test with assertions
[INFO] 2018-08-15 11:38:38 Amplification - 0 amplified test methods has been selected to be kept. (global: 0)
[INFO] 2018-08-15 11:38:38 DSpot - elapsedTime 21942

======= REPORT =======
PitMutantScoreSelector: 
The original test suite kills 20 mutants
The amplification results with 0 new tests
it kills 0 more mutants

[INFO] 2018-08-15 11:38:38 DSpot - Print TestICardinalityAmpl with 0?amplified test cases in /tmp/dspot-experiments/results/august-2018/stream-lib/worst_1_amplification
[INFO] 2018-08-15 11:38:38 Main - Amplification succeed.
[INFO] 2018-08-15 11:38:38 Main - Elapsed time 22193 ms
