2019-04-18 20:49:05,486 INFO eu.stamp_project.dci.repositories.RepositoriesSetter - {dataset/april-2019/xwiki-commons} Cleaning local repository...
2019-04-18 20:49:06,072 INFO eu.stamp_project.dci.repositories.RepositoriesSetter - Checkout ced26356e8ee384967b8349b7dbf461166422a64 revision...
2019-04-18 20:49:06,468 INFO eu.stamp_project.dci.repositories.RepositoriesSetter - {dataset/april-2019/xwiki-commons_parent} Cleaning local repository...
2019-04-18 20:49:06,770 INFO eu.stamp_project.dci.repositories.RepositoriesSetter - Checkout 0c0484e10a816074d23588c7122447d850f5fb4c revision...
[INFO] 2019-04-29 21:28:38 RepositoriesSetter - {dataset/april-2019/xwiki-commons} Cleaning local repository...
[INFO] 2019-04-29 21:28:39 RepositoriesSetter - Checkout ced26356e8ee384967b8349b7dbf461166422a64 revision...
[INFO] 2019-04-29 21:28:39 RepositoriesSetter - {dataset/april-2019/xwiki-commons_parent} Cleaning local repository...
[INFO] 2019-04-29 21:28:39 RepositoriesSetter - Checkout 0c0484e10a816074d23588c7122447d850f5fb4c revision...
2019-05-05 10:37:32,429 INFO eu.stamp_project.dci.repositories.RepositoriesSetter - {dataset/april-2019/xwiki-commons} Cleaning local repository...
2019-05-05 10:37:32,907 INFO eu.stamp_project.dci.repositories.RepositoriesSetter - Checkout ced26356e8ee384967b8349b7dbf461166422a64 revision...
2019-05-05 10:37:33,350 INFO eu.stamp_project.dci.repositories.RepositoriesSetter - {dataset/april-2019/xwiki-commons_parent} Cleaning local repository...
2019-05-05 10:37:33,627 INFO eu.stamp_project.dci.repositories.RepositoriesSetter - Checkout 0c0484e10a816074d23588c7122447d850f5fb4c revision...
2019-05-09 20:23:23,782 INFO eu.stamp_project.dci.repositories.RepositoriesSetter - {dataset/april-2019/xwiki-commons} Cleaning local repository...
2019-05-09 20:23:24,232 INFO eu.stamp_project.dci.repositories.RepositoriesSetter - Checkout ced26356e8ee384967b8349b7dbf461166422a64 revision...
2019-05-09 20:23:24,454 INFO eu.stamp_project.dci.repositories.RepositoriesSetter - {dataset/april-2019/xwiki-commons_parent} Cleaning local repository...
2019-05-09 20:23:24,687 INFO eu.stamp_project.dci.repositories.RepositoriesSetter - Checkout 0c0484e10a816074d23588c7122447d850f5fb4c revision...
2019-05-17 10:35:02,894 INFO eu.stamp_project.dci.repositories.RepositoriesSetter - {dataset/april-2019/xwiki-commons} Cleaning local repository...
2019-05-17 10:35:03,347 INFO eu.stamp_project.dci.repositories.RepositoriesSetter - Checkout ced26356e8ee384967b8349b7dbf461166422a64 revision...
2019-05-17 10:35:03,787 INFO eu.stamp_project.dci.repositories.RepositoriesSetter - {dataset/april-2019/xwiki-commons_parent} Cleaning local repository...
2019-05-17 10:35:04,047 INFO eu.stamp_project.dci.repositories.RepositoriesSetter - Checkout 0c0484e10a816074d23588c7122447d850f5fb4c revision...
