[INFO] 2019-04-19 06:57:25 RepositoriesSetter - {dataset/april-2019/gson} Cleaning local repository...
[INFO] 2019-04-19 06:57:26 RepositoriesSetter - Checkout a300148003e3a067875b1444e8268b6e0f0e0e02 revision...
[INFO] 2019-04-19 06:57:26 RepositoriesSetter - {dataset/april-2019/gson_parent} Cleaning local repository...
[INFO] 2019-04-19 06:57:26 RepositoriesSetter - Checkout 5848096f3e1f36c038f522a3d7d6b9e3b553cf8e revision...
2019-04-29 20:04:24,452 INFO eu.stamp_project.dci.repositories.RepositoriesSetter - {dataset/april-2019/gson} Cleaning local repository...
2019-04-29 20:04:24,677 INFO eu.stamp_project.dci.repositories.RepositoriesSetter - Checkout a300148003e3a067875b1444e8268b6e0f0e0e02 revision...
2019-04-29 20:04:24,755 INFO eu.stamp_project.dci.repositories.RepositoriesSetter - {dataset/april-2019/gson_parent} Cleaning local repository...
2019-04-29 20:04:24,834 INFO eu.stamp_project.dci.repositories.RepositoriesSetter - Checkout 5848096f3e1f36c038f522a3d7d6b9e3b553cf8e revision...
2019-04-30 12:42:24,094 INFO eu.stamp_project.dci.repositories.RepositoriesSetter - {dataset/april-2019/gson} Cleaning local repository...
2019-04-30 12:42:24,255 INFO eu.stamp_project.dci.repositories.RepositoriesSetter - Checkout a300148003e3a067875b1444e8268b6e0f0e0e02 revision...
2019-04-30 12:42:24,329 INFO eu.stamp_project.dci.repositories.RepositoriesSetter - {dataset/april-2019/gson_parent} Cleaning local repository...
2019-04-30 12:42:24,365 INFO eu.stamp_project.dci.repositories.RepositoriesSetter - Checkout 5848096f3e1f36c038f522a3d7d6b9e3b553cf8e revision...
2019-05-06 13:02:09,607 INFO eu.stamp_project.dci.repositories.RepositoriesSetter - {dataset/april-2019/gson} Cleaning local repository...
2019-05-06 13:02:09,755 INFO eu.stamp_project.dci.repositories.RepositoriesSetter - Checkout a300148003e3a067875b1444e8268b6e0f0e0e02 revision...
2019-05-06 13:02:09,840 INFO eu.stamp_project.dci.repositories.RepositoriesSetter - {dataset/april-2019/gson_parent} Cleaning local repository...
2019-05-06 13:02:09,890 INFO eu.stamp_project.dci.repositories.RepositoriesSetter - Checkout 5848096f3e1f36c038f522a3d7d6b9e3b553cf8e revision...
2019-05-06 13:35:07,668 INFO eu.stamp_project.dci.repositories.RepositoriesSetter - {dataset/april-2019/gson} Cleaning local repository...
2019-05-06 13:35:07,789 INFO eu.stamp_project.dci.repositories.RepositoriesSetter - Checkout a300148003e3a067875b1444e8268b6e0f0e0e02 revision...
2019-05-06 13:35:07,841 INFO eu.stamp_project.dci.repositories.RepositoriesSetter - {dataset/april-2019/gson_parent} Cleaning local repository...
2019-05-06 13:35:07,874 INFO eu.stamp_project.dci.repositories.RepositoriesSetter - Checkout 5848096f3e1f36c038f522a3d7d6b9e3b553cf8e revision...
2019-05-10 00:24:04,838 INFO eu.stamp_project.dci.repositories.RepositoriesSetter - {dataset/april-2019/gson} Cleaning local repository...
2019-05-10 00:24:04,911 INFO eu.stamp_project.dci.repositories.RepositoriesSetter - Checkout a300148003e3a067875b1444e8268b6e0f0e0e02 revision...
2019-05-10 00:24:04,960 INFO eu.stamp_project.dci.repositories.RepositoriesSetter - {dataset/april-2019/gson_parent} Cleaning local repository...
2019-05-10 00:24:04,979 INFO eu.stamp_project.dci.repositories.RepositoriesSetter - Checkout 5848096f3e1f36c038f522a3d7d6b9e3b553cf8e revision...
