[INFO] Scanning for projects...
[INFO]                                                                         
[INFO] ------------------------------------------------------------------------
[INFO] Building compiler 0.9.5-SNAPSHOT
[INFO] ------------------------------------------------------------------------
[INFO] 
[INFO] --- dspot-maven:2.0.1-SNAPSHOT:amplify-unit-tests (default-cli) @ compiler ---
[INFO] Path to runner Classes: /home/bedanglot/.m2/repository/eu/stamp-project/test-runner/2.0.7/test-runner-2.0.7-jar-with-dependencies.jar
[INFO] /home/bedanglot/.m2/repository/org/jacoco/org.jacoco.core/0.7.9/org.jacoco.core-0.7.9.jar
[INFO] /home/bedanglot/.m2/repository/org/ow2/asm/asm-debug-all/5.2/asm-debug-all-5.2.jar
[INFO] /home/bedanglot/.m2/repository/eu/stamp-project/test-runner/2.0.7/test-runner-2.0.7-jar-with-dependencies.jar
[WARNING] : unknown automatic builder specified in configuration, going to default.
[INFO] Default: provided Maven automatic builder.
[INFO] Using /tmp/dspot-experiments/dataset/april-2019/mustache.java_parent/compiler/pom.xml to run maven.
[INFO] Using /usr/share/maven/ for maven home
[INFO] run maven: /usr/share/maven//bin/mvn clean test -DskipTests dependency:build-classpath -Dmdep.outputFile=target/dspot/classpath
[WARN] Maven will be executed in interactive mode, but no input stream has been configured for this MavenInvoker instance.
[INFO] Scanning for projects...
[INFO]                                                                         
[INFO] ------------------------------------------------------------------------
[INFO] Building compiler 0.9.5-SNAPSHOT
[INFO] ------------------------------------------------------------------------
[INFO] 
[INFO] --- maven-clean-plugin:2.5:clean (default-clean) @ compiler ---
[INFO] Deleting /tmp/dspot-experiments/dataset/april-2019/mustache.java_parent/compiler/target
[INFO] 
[INFO] --- maven-resources-plugin:2.6:resources (default-resources) @ compiler ---
[INFO] Using 'UTF-8' encoding to copy filtered resources.
[INFO] skip non existing resourceDirectory /tmp/dspot-experiments/dataset/april-2019/mustache.java_parent/compiler/src/main/resources
[INFO] 
[INFO] --- maven-compiler-plugin:3.2:compile (default-compile) @ compiler ---
[INFO] Changes detected - recompiling the module!
[INFO] Compiling 60 source files to /tmp/dspot-experiments/dataset/april-2019/mustache.java_parent/compiler/target/classes
[INFO] 
[INFO] --- maven-compiler-plugin:3.2:compile (default) @ compiler ---
[INFO] Changes detected - recompiling the module!
[INFO] Compiling 60 source files to /tmp/dspot-experiments/dataset/april-2019/mustache.java_parent/compiler/target/classes
[INFO] 
[INFO] --- maven-resources-plugin:2.6:testResources (default-testResources) @ compiler ---
[INFO] Using 'UTF-8' encoding to copy filtered resources.
[INFO] Copying 112 resources
[INFO] 
[INFO] --- maven-compiler-plugin:3.2:testCompile (default-testCompile) @ compiler ---
[INFO] Changes detected - recompiling the module!
[INFO] Compiling 42 source files to /tmp/dspot-experiments/dataset/april-2019/mustache.java_parent/compiler/target/test-classes
[INFO] /tmp/dspot-experiments/dataset/april-2019/mustache.java_parent/compiler/src/test/java/com/github/mustachejava/FallbackTest.java: Some input files use or override a deprecated API.
[INFO] /tmp/dspot-experiments/dataset/april-2019/mustache.java_parent/compiler/src/test/java/com/github/mustachejava/FallbackTest.java: Recompile with -Xlint:deprecation for details.
[INFO] /tmp/dspot-experiments/dataset/april-2019/mustache.java_parent/compiler/src/test/java/com/github/mustachejava/FallbackTest.java: Some input files use unchecked or unsafe operations.
[INFO] /tmp/dspot-experiments/dataset/april-2019/mustache.java_parent/compiler/src/test/java/com/github/mustachejava/FallbackTest.java: Recompile with -Xlint:unchecked for details.
[INFO] 
[INFO] --- maven-surefire-plugin:2.19.1:test (default-test) @ compiler ---
[INFO] Tests are skipped.
[INFO] 
[INFO] --- maven-dependency-plugin:2.8:build-classpath (default-cli) @ compiler ---
[INFO] Wrote classpath file '/tmp/dspot-experiments/dataset/april-2019/mustache.java_parent/compiler/target/dspot/classpath'.
[INFO] ------------------------------------------------------------------------
[INFO] BUILD SUCCESS
[INFO] ------------------------------------------------------------------------
[INFO] Total time: 3.363 s
[INFO] Finished at: 2019-05-07T16:42:58+02:00
[INFO] Final Memory: 29M/1963M
[INFO] ------------------------------------------------------------------------
[INFO] Amplification of com.github.mustachejava.InterpreterTest (1 test(s))
[INFO] Assertion amplification of com.github.mustachejava.InterpreterTest (1 test(s))
[INFO] Cache 'frameworkCache' created in EhcacheManager.
[WARNING] You gave an empty filter. To use PIT, it is recommend to specify a filter, at least, the top package of your program, otherwise, PIT may take a long time or could not be run.
[INFO] A new filter has been computed on the fly: com.github.mustachejava.*
[INFO] Using /tmp/dspot-experiments/dataset/april-2019/mustache.java/compiler/pom.xml to run maven.
[INFO] Using /usr/share/maven/ for maven home
[INFO] run maven: /usr/share/maven//bin/mvn clean test -DskipTests
[WARN] Maven will be executed in interactive mode, but no input stream has been configured for this MavenInvoker instance.
[INFO] Scanning for projects...
[INFO]                                                                         
[INFO] ------------------------------------------------------------------------
[INFO] Building compiler 0.9.5-SNAPSHOT
[INFO] ------------------------------------------------------------------------
[INFO] 
[INFO] --- maven-clean-plugin:2.5:clean (default-clean) @ compiler ---
[INFO] Deleting /tmp/dspot-experiments/dataset/april-2019/mustache.java/compiler/target
[INFO] 
[INFO] --- maven-resources-plugin:2.6:resources (default-resources) @ compiler ---
[INFO] Using 'UTF-8' encoding to copy filtered resources.
[INFO] skip non existing resourceDirectory /tmp/dspot-experiments/dataset/april-2019/mustache.java/compiler/src/main/resources
[INFO] 
[INFO] --- maven-compiler-plugin:3.2:compile (default-compile) @ compiler ---
[INFO] Changes detected - recompiling the module!
[INFO] Compiling 60 source files to /tmp/dspot-experiments/dataset/april-2019/mustache.java/compiler/target/classes
[INFO] 
[INFO] --- maven-compiler-plugin:3.2:compile (default) @ compiler ---
[INFO] Changes detected - recompiling the module!
[INFO] Compiling 60 source files to /tmp/dspot-experiments/dataset/april-2019/mustache.java/compiler/target/classes
[INFO] 
[INFO] --- maven-resources-plugin:2.6:testResources (default-testResources) @ compiler ---
[INFO] Using 'UTF-8' encoding to copy filtered resources.
[INFO] Copying 112 resources
[INFO] 
[INFO] --- maven-compiler-plugin:3.2:testCompile (default-testCompile) @ compiler ---
[INFO] Changes detected - recompiling the module!
[INFO] Compiling 42 source files to /tmp/dspot-experiments/dataset/april-2019/mustache.java/compiler/target/test-classes
[INFO] /tmp/dspot-experiments/dataset/april-2019/mustache.java/compiler/src/test/java/com/github/mustachejava/ConcurrencyTest.java: Some input files use or override a deprecated API.
[INFO] /tmp/dspot-experiments/dataset/april-2019/mustache.java/compiler/src/test/java/com/github/mustachejava/ConcurrencyTest.java: Recompile with -Xlint:deprecation for details.
[INFO] /tmp/dspot-experiments/dataset/april-2019/mustache.java/compiler/src/test/java/com/github/mustachejava/functions/CommentTest.java: Some input files use unchecked or unsafe operations.
[INFO] /tmp/dspot-experiments/dataset/april-2019/mustache.java/compiler/src/test/java/com/github/mustachejava/functions/CommentTest.java: Recompile with -Xlint:unchecked for details.
[INFO] 
[INFO] --- maven-surefire-plugin:2.19.1:test (default-test) @ compiler ---
[INFO] Tests are skipped.
[INFO] ------------------------------------------------------------------------
[INFO] BUILD SUCCESS
[INFO] ------------------------------------------------------------------------
[INFO] Total time: 2.834 s
[INFO] Finished at: 2019-05-07T16:43:05+02:00
[INFO] Final Memory: 26M/2054M
[INFO] ------------------------------------------------------------------------
[INFO] Compiling with -proceedOnError -encoding UTF-8 -cp /tmp/dspot-experiments/dataset/april-2019/mustache.java_parent/compiler/target/dspot/tmp_test_sources:/home/bedanglot/.m2/repository/junit/junit/4.11/junit-4.11.jar:/home/bedanglot/.m2/repository/org/hamcrest/hamcrest-core/1.3/hamcrest-core-1.3.jar:/home/bedanglot/.m2/repository/com/fasterxml/jackson/core/jackson-databind/2.7.4/jackson-databind-2.7.4.jar:/home/bedanglot/.m2/repository/com/fasterxml/jackson/core/jackson-annotations/2.7.0/jackson-annotations-2.7.0.jar:/home/bedanglot/.m2/repository/com/fasterxml/jackson/core/jackson-core/2.7.4/jackson-core-2.7.4.jar:/home/bedanglot/.m2/repository/com/fasterxml/jackson/dataformat/jackson-dataformat-yaml/2.7.4/jackson-dataformat-yaml-2.7.4.jar:/home/bedanglot/.m2/repository/org/yaml/snakeyaml/1.15/snakeyaml-1.15.jar:/tmp/dspot-experiments/dataset/april-2019/mustache.java_parent/compiler/target/classes/:/tmp/dspot-experiments/dataset/april-2019/mustache.java_parent/compiler/target/test-classes/:/tmp/dspot-experiments/dataset/april-2019/mustache.java_parent/compiler/target/dspot/dependencies/: -d /tmp/dspot-experiments/dataset/april-2019/mustache.java_parent/compiler/target/test-classes -1.8 -preserveAllLocals -noExit -enableJavadoc -proc:none /tmp/dspot-experiments/dataset/april-2019/mustache.java_parent/compiler/target/dspot/tmp_test_sources/com/github/mustachejava/InterpreterTest.java
[INFO] Run: java -classpath /tmp/dspot-experiments/dataset/april-2019/mustache.java_parent/compiler/target/classes/:/tmp/dspot-experiments/dataset/april-2019/mustache.java_parent/compiler/target/test-classes:/home/bedanglot/.m2/repository/junit/junit/4.11/junit-4.11.jar:/home/bedanglot/.m2/repository/org/hamcrest/hamcrest-core/1.3/hamcrest-core-1.3.jar:/home/bedanglot/.m2/repository/com/fasterxml/jackson/core/jackson-databind/2.7.4/jackson-databind-2.7.4.jar:/home/bedanglot/.m2/repository/com/fasterxml/jackson/core/jackson-annotations/2.7.0/jackson-annotations-2.7.0.jar:/home/bedanglot/.m2/repository/com/fasterxml/jackson/core/jackson-core/2.7.4/jackson-core-2.7.4.jar:/home/bedanglot/.m2/repository/com/fasterxml/jackson/dataformat/jackson-dataformat-yaml/2.7.4/jackson-dataformat-yaml-2.7.4.jar:/home/bedanglot/.m2/repository/org/yaml/snakeyaml/1.15/snakeyaml-1.15.jar:/tmp/dspot-experiments/dataset/april-2019/mustache.java_parent/compiler/target/dspot/dependencies/:/home/bedanglot/.m2/repository/eu/stamp-project/test-runner/2.0.7/test-runner-2.0.7-jar-with-dependencies.jar eu.stamp_project.testrunner.runner.JUnit4Runner --class com.github.mustachejava.InterpreterTest --tests testInvalidDelimiters 
Parsing --class com.github.mustachejava.InterpreterTest --tests testInvalidDelimiters
File saved to the following path: /tmp/dspot-experiments/dataset/april-2019/mustache.java_parent/compiler/target/dspot/TestResult.ser
Loading /tmp/dspot-experiments/dataset/april-2019/mustache.java_parent/compiler/target/dspot/TestResult.ser
[INFO] Test has been run: testInvalidDelimiters
[INFO] Run tests. (1)
[INFO] Compiling with -proceedOnError -encoding UTF-8 -cp /tmp/dspot-experiments/dataset/april-2019/mustache.java_parent/compiler/target/dspot/tmp_test_sources:/home/bedanglot/.m2/repository/junit/junit/4.11/junit-4.11.jar:/home/bedanglot/.m2/repository/org/hamcrest/hamcrest-core/1.3/hamcrest-core-1.3.jar:/home/bedanglot/.m2/repository/com/fasterxml/jackson/core/jackson-databind/2.7.4/jackson-databind-2.7.4.jar:/home/bedanglot/.m2/repository/com/fasterxml/jackson/core/jackson-annotations/2.7.0/jackson-annotations-2.7.0.jar:/home/bedanglot/.m2/repository/com/fasterxml/jackson/core/jackson-core/2.7.4/jackson-core-2.7.4.jar:/home/bedanglot/.m2/repository/com/fasterxml/jackson/dataformat/jackson-dataformat-yaml/2.7.4/jackson-dataformat-yaml-2.7.4.jar:/home/bedanglot/.m2/repository/org/yaml/snakeyaml/1.15/snakeyaml-1.15.jar:/tmp/dspot-experiments/dataset/april-2019/mustache.java_parent/compiler/target/classes/:/tmp/dspot-experiments/dataset/april-2019/mustache.java_parent/compiler/target/test-classes/:/tmp/dspot-experiments/dataset/april-2019/mustache.java_parent/compiler/target/dspot/dependencies/: -d /tmp/dspot-experiments/dataset/april-2019/mustache.java_parent/compiler/target/test-classes -1.8 -preserveAllLocals -noExit -enableJavadoc -proc:none /tmp/dspot-experiments/dataset/april-2019/mustache.java_parent/compiler/target/dspot/tmp_test_sources/com/github/mustachejava/InterpreterTest.java
[INFO] Run: java -classpath /tmp/dspot-experiments/dataset/april-2019/mustache.java_parent/compiler/target/classes/:/tmp/dspot-experiments/dataset/april-2019/mustache.java_parent/compiler/target/test-classes:/home/bedanglot/.m2/repository/junit/junit/4.11/junit-4.11.jar:/home/bedanglot/.m2/repository/org/hamcrest/hamcrest-core/1.3/hamcrest-core-1.3.jar:/home/bedanglot/.m2/repository/com/fasterxml/jackson/core/jackson-databind/2.7.4/jackson-databind-2.7.4.jar:/home/bedanglot/.m2/repository/com/fasterxml/jackson/core/jackson-annotations/2.7.0/jackson-annotations-2.7.0.jar:/home/bedanglot/.m2/repository/com/fasterxml/jackson/core/jackson-core/2.7.4/jackson-core-2.7.4.jar:/home/bedanglot/.m2/repository/com/fasterxml/jackson/dataformat/jackson-dataformat-yaml/2.7.4/jackson-dataformat-yaml-2.7.4.jar:/home/bedanglot/.m2/repository/org/yaml/snakeyaml/1.15/snakeyaml-1.15.jar:/tmp/dspot-experiments/dataset/april-2019/mustache.java_parent/compiler/target/dspot/dependencies/:/home/bedanglot/.m2/repository/eu/stamp-project/test-runner/2.0.7/test-runner-2.0.7-jar-with-dependencies.jar eu.stamp_project.testrunner.runner.JUnit4Runner --class com.github.mustachejava.InterpreterTest --tests testInvalidDelimiters 
Parsing --class com.github.mustachejava.InterpreterTest --tests testInvalidDelimiters
File saved to the following path: /tmp/dspot-experiments/dataset/april-2019/mustache.java_parent/compiler/target/dspot/TestResult.ser
Loading /tmp/dspot-experiments/dataset/april-2019/mustache.java_parent/compiler/target/dspot/TestResult.ser
[INFO] Test has been run: testInvalidDelimiters(com.github.mustachejava.InterpreterTest): Invalid delimiter string @[testInvalidDelimiters:1]
[INFO] 1 test fail, generating try/catch/fail blocks...
[INFO] 1 new tests with assertions generated
[INFO] Compiling with -proceedOnError -encoding UTF-8 -cp /tmp/dspot-experiments/dataset/april-2019/mustache.java_parent/compiler/target/dspot/tmp_test_sources:/home/bedanglot/.m2/repository/junit/junit/4.11/junit-4.11.jar:/home/bedanglot/.m2/repository/org/hamcrest/hamcrest-core/1.3/hamcrest-core-1.3.jar:/home/bedanglot/.m2/repository/com/fasterxml/jackson/core/jackson-databind/2.7.4/jackson-databind-2.7.4.jar:/home/bedanglot/.m2/repository/com/fasterxml/jackson/core/jackson-annotations/2.7.0/jackson-annotations-2.7.0.jar:/home/bedanglot/.m2/repository/com/fasterxml/jackson/core/jackson-core/2.7.4/jackson-core-2.7.4.jar:/home/bedanglot/.m2/repository/com/fasterxml/jackson/dataformat/jackson-dataformat-yaml/2.7.4/jackson-dataformat-yaml-2.7.4.jar:/home/bedanglot/.m2/repository/org/yaml/snakeyaml/1.15/snakeyaml-1.15.jar:/tmp/dspot-experiments/dataset/april-2019/mustache.java_parent/compiler/target/classes/:/tmp/dspot-experiments/dataset/april-2019/mustache.java_parent/compiler/target/test-classes/:/tmp/dspot-experiments/dataset/april-2019/mustache.java_parent/compiler/target/dspot/dependencies/: -d /tmp/dspot-experiments/dataset/april-2019/mustache.java_parent/compiler/target/test-classes -1.8 -preserveAllLocals -noExit -enableJavadoc -proc:none /tmp/dspot-experiments/dataset/april-2019/mustache.java_parent/compiler/target/dspot/tmp_test_sources/com/github/mustachejava/InterpreterTest.java
[INFO] Run: java -classpath /tmp/dspot-experiments/dataset/april-2019/mustache.java_parent/compiler/target/classes/:/tmp/dspot-experiments/dataset/april-2019/mustache.java_parent/compiler/target/test-classes:/home/bedanglot/.m2/repository/junit/junit/4.11/junit-4.11.jar:/home/bedanglot/.m2/repository/org/hamcrest/hamcrest-core/1.3/hamcrest-core-1.3.jar:/home/bedanglot/.m2/repository/com/fasterxml/jackson/core/jackson-databind/2.7.4/jackson-databind-2.7.4.jar:/home/bedanglot/.m2/repository/com/fasterxml/jackson/core/jackson-annotations/2.7.0/jackson-annotations-2.7.0.jar:/home/bedanglot/.m2/repository/com/fasterxml/jackson/core/jackson-core/2.7.4/jackson-core-2.7.4.jar:/home/bedanglot/.m2/repository/com/fasterxml/jackson/dataformat/jackson-dataformat-yaml/2.7.4/jackson-dataformat-yaml-2.7.4.jar:/home/bedanglot/.m2/repository/org/yaml/snakeyaml/1.15/snakeyaml-1.15.jar:/tmp/dspot-experiments/dataset/april-2019/mustache.java_parent/compiler/target/dspot/dependencies/:/home/bedanglot/.m2/repository/eu/stamp-project/test-runner/2.0.7/test-runner-2.0.7-jar-with-dependencies.jar eu.stamp_project.testrunner.runner.JUnit4Runner --class com.github.mustachejava.InterpreterTest --tests testInvalidDelimiters_failAssert0 
Parsing --class com.github.mustachejava.InterpreterTest --tests testInvalidDelimiters_failAssert0
File saved to the following path: /tmp/dspot-experiments/dataset/april-2019/mustache.java_parent/compiler/target/dspot/TestResult.ser
Loading /tmp/dspot-experiments/dataset/april-2019/mustache.java_parent/compiler/target/dspot/TestResult.ser
[INFO] Test has been run: testInvalidDelimiters_failAssert0
[INFO] Assertion amplification: 1 test method(s) has been successfully amplified.
[WARN] 2019-05-07 16:43:08 Launcher - You specified the directory /tmp/dspot-experiments/dataset/april-2019/mustache.java/compiler/target/classes in source classpath, please note that only class files will be considered. Jars and subdirectories will be ignored.
[WARN] 2019-05-07 16:43:08 Launcher - You specified the directory /tmp/dspot-experiments/dataset/april-2019/mustache.java/compiler/target/test-classes in source classpath, please note that only class files will be considered. Jars and subdirectories will be ignored.
[WARN] 2019-05-07 16:43:08 Launcher - You specified the directory /tmp/dspot-experiments/dataset/april-2019/mustache.java/compiler/target/dspot/dependencies in source classpath, please note that only class files will be considered. Jars and subdirectories will be ignored.
[INFO] Run: java -classpath /tmp/dspot-experiments/dataset/april-2019/mustache.java/compiler/target/classes/:/tmp/dspot-experiments/dataset/april-2019/mustache.java/compiler/target/test-classes/:/home/bedanglot/.m2/repository/junit/junit/4.11/junit-4.11.jar:/home/bedanglot/.m2/repository/org/hamcrest/hamcrest-core/1.3/hamcrest-core-1.3.jar:/home/bedanglot/.m2/repository/com/fasterxml/jackson/core/jackson-databind/2.7.4/jackson-databind-2.7.4.jar:/home/bedanglot/.m2/repository/com/fasterxml/jackson/core/jackson-annotations/2.7.0/jackson-annotations-2.7.0.jar:/home/bedanglot/.m2/repository/com/fasterxml/jackson/core/jackson-core/2.7.4/jackson-core-2.7.4.jar:/home/bedanglot/.m2/repository/com/fasterxml/jackson/dataformat/jackson-dataformat-yaml/2.7.4/jackson-dataformat-yaml-2.7.4.jar:/home/bedanglot/.m2/repository/org/yaml/snakeyaml/1.15/snakeyaml-1.15.jar:/tmp/dspot-experiments/dataset/april-2019/mustache.java/compiler/target/dspot/dependencies/:/home/bedanglot/.m2/repository/eu/stamp-project/test-runner/2.0.7/test-runner-2.0.7-jar-with-dependencies.jar eu.stamp_project.testrunner.runner.JUnit4Runner --class com.github.mustachejava.InterpreterTest --tests testInvalidDelimiters_failAssert0 
Parsing --class com.github.mustachejava.InterpreterTest --tests testInvalidDelimiters_failAssert0
File saved to the following path: /tmp/dspot-experiments/dataset/april-2019/mustache.java_parent/compiler/target/dspot/TestResult.ser
Loading /tmp/dspot-experiments/dataset/april-2019/mustache.java_parent/compiler/target/dspot/TestResult.ser
[INFO] Test has been run: testInvalidDelimiters_failAssert0(com.github.mustachejava.InterpreterTest): expected:<...lid delimiter string[] @[testInvalidDelimi...> but was:<...lid delimiter string[: =toolong] @[testInvalidDelimi...>
[INFO] 1 amplified test methods has been selected to be kept. (global: 1)
[INFO] Applying Input-amplification and Assertion-amplification test by test.
[INFO] Amplification of testInvalidDelimiters, (1/1)
[INFO] iteration 0 / 1
[INFO] 1 tests selected to be amplified over 1 available tests
[INFO] Amplification of inputs...
[INFO] Time to amplify: 21ms
  1% | ]/[INFO] 15 new tests generated
[INFO] Run tests. (15)
[INFO] Compiling with -proceedOnError -encoding UTF-8 -cp /tmp/dspot-experiments/dataset/april-2019/mustache.java_parent/compiler/target/dspot/tmp_test_sources:/home/bedanglot/.m2/repository/junit/junit/4.11/junit-4.11.jar:/home/bedanglot/.m2/repository/org/hamcrest/hamcrest-core/1.3/hamcrest-core-1.3.jar:/home/bedanglot/.m2/repository/com/fasterxml/jackson/core/jackson-databind/2.7.4/jackson-databind-2.7.4.jar:/home/bedanglot/.m2/repository/com/fasterxml/jackson/core/jackson-annotations/2.7.0/jackson-annotations-2.7.0.jar:/home/bedanglot/.m2/repository/com/fasterxml/jackson/core/jackson-core/2.7.4/jackson-core-2.7.4.jar:/home/bedanglot/.m2/repository/com/fasterxml/jackson/dataformat/jackson-dataformat-yaml/2.7.4/jackson-dataformat-yaml-2.7.4.jar:/home/bedanglot/.m2/repository/org/yaml/snakeyaml/1.15/snakeyaml-1.15.jar:/tmp/dspot-experiments/dataset/april-2019/mustache.java_parent/compiler/target/classes/:/tmp/dspot-experiments/dataset/april-2019/mustache.java_parent/compiler/target/test-classes/:/tmp/dspot-experiments/dataset/april-2019/mustache.java_parent/compiler/target/dspot/dependencies/: -d /tmp/dspot-experiments/dataset/april-2019/mustache.java_parent/compiler/target/test-classes -1.8 -preserveAllLocals -noExit -enableJavadoc -proc:none /tmp/dspot-experiments/dataset/april-2019/mustache.java_parent/compiler/target/dspot/tmp_test_sources/com/github/mustachejava/InterpreterTest.java
[INFO] Run: java -classpath /tmp/dspot-experiments/dataset/april-2019/mustache.java_parent/compiler/target/classes/:/tmp/dspot-experiments/dataset/april-2019/mustache.java_parent/compiler/target/test-classes:/home/bedanglot/.m2/repository/junit/junit/4.11/junit-4.11.jar:/home/bedanglot/.m2/repository/org/hamcrest/hamcrest-core/1.3/hamcrest-core-1.3.jar:/home/bedanglot/.m2/repository/com/fasterxml/jackson/core/jackson-databind/2.7.4/jackson-databind-2.7.4.jar:/home/bedanglot/.m2/repository/com/fasterxml/jackson/core/jackson-annotations/2.7.0/jackson-annotations-2.7.0.jar:/home/bedanglot/.m2/repository/com/fasterxml/jackson/core/jackson-core/2.7.4/jackson-core-2.7.4.jar:/home/bedanglot/.m2/repository/com/fasterxml/jackson/dataformat/jackson-dataformat-yaml/2.7.4/jackson-dataformat-yaml-2.7.4.jar:/home/bedanglot/.m2/repository/org/yaml/snakeyaml/1.15/snakeyaml-1.15.jar:/tmp/dspot-experiments/dataset/april-2019/mustache.java_parent/compiler/target/dspot/dependencies/:/home/bedanglot/.m2/repository/eu/stamp-project/test-runner/2.0.7/test-runner-2.0.7-jar-with-dependencies.jar eu.stamp_project.testrunner.runner.JUnit4Runner --class com.github.mustachejava.InterpreterTest --tests testInvalidDelimitersnull15:testInvalidDelimiters_add13:testInvalidDelimiters_add14:testInvalidDelimiters_literalMutationString9:testInvalidDelimiters_literalMutationString11:testInvalidDelimiters_literalMutationString10:testInvalidDelimiters_literalMutationString12:testInvalidDelimiters_literalMutationString1:testInvalidDelimiters_literalMutationString8:testInvalidDelimiters_literalMutationString3:testInvalidDelimiters_literalMutationString7:testInvalidDelimiters_literalMutationString4:testInvalidDelimiters_literalMutationString2:testInvalidDelimiters_literalMutationString6:testInvalidDelimiters_literalMutationString5 
Parsing --class com.github.mustachejava.InterpreterTest --tests testInvalidDelimitersnull15:testInvalidDelimiters_add13:testInvalidDelimiters_add14:testInvalidDelimiters_literalMutationString9:testInvalidDelimiters_literalMutationString11:testInvalidDelimiters_literalMutationString10:testInvalidDelimiters_literalMutationString12:testInvalidDelimiters_literalMutationString1:testInvalidDelimiters_literalMutationString8:testInvalidDelimiters_literalMutationString3:testInvalidDelimiters_literalMutationString7:testInvalidDelimiters_literalMutationString4:testInvalidDelimiters_literalMutationString2:testInvalidDelimiters_literalMutationString6:testInvalidDelimiters_literalMutationString5
File saved to the following path: /tmp/dspot-experiments/dataset/april-2019/mustache.java_parent/compiler/target/dspot/TestResult.ser
Loading /tmp/dspot-experiments/dataset/april-2019/mustache.java_parent/compiler/target/dspot/TestResult.ser
[INFO] Test has been run: testInvalidDelimiters_literalMutationString1,testInvalidDelimiters_literalMutationString3,testInvalidDelimiters_literalMutationString4,testInvalidDelimitersnull15(com.github.mustachejava.InterpreterTest): Invalid delimiter string @[null:1],testInvalidDelimiters_literalMutationString10(com.github.mustachejava.InterpreterTest): Invalid delimiter string @[page1.txt:1],testInvalidDelimiters_literalMutationString11(com.github.mustachejava.InterpreterTest): Invalid delimiter string @[tstInvalidDelimiters:1],testInvalidDelimiters_literalMutationString12(com.github.mustachejava.InterpreterTest): Invalid delimiter string @[testInvalidDe,limiters:1],testInvalidDelimiters_add13(com.github.mustachejava.InterpreterTest): Invalid delimiter string @[testInvalidDelimiters:1],testInvalidDelimiters_add14(com.github.mustachejava.InterpreterTest): Invalid delimiter string @[testInvalidDelimiters:1],testInvalidDelimiters_literalMutationString2(com.github.mustachejava.InterpreterTest): Invalid delimiter string @[testInvalidDelimiters:1],testInvalidDelimiters_literalMutationString5(com.github.mustachejava.InterpreterTest): Invalid delimiter string @[testInvalidDelimiters:1],testInvalidDelimiters_literalMutationString6(com.github.mustachejava.InterpreterTest): Invalid delimiter string @[testInvalidDelimiters:1],testInvalidDelimiters_literalMutationString7(com.github.mustachejava.InterpreterTest): Invalid delimiter string @[(q2 5[gpbL[{$QV5:Wz2[:1],testInvalidDelimiters_literalMutationString8(com.github.mustachejava.InterpreterTest): Invalid delimiter string @[:1],testInvalidDelimiters_literalMutationString9(com.github.mustachejava.InterpreterTest): Invalid delimiter string @[testHnvalidDelimiters:1]
[INFO] 3 test pass, generating assertion...
[INFO] Add observations points in passing tests.
[INFO] Instrumentation...
 33% |================ ]/ 66% |================================= ]-100% |================================================== ]\
[INFO] Run instrumented tests. (9)
[INFO] Compiling with -proceedOnError -encoding UTF-8 -cp /tmp/dspot-experiments/dataset/april-2019/mustache.java_parent/compiler/target/dspot/tmp_test_sources:/home/bedanglot/.m2/repository/junit/junit/4.11/junit-4.11.jar:/home/bedanglot/.m2/repository/org/hamcrest/hamcrest-core/1.3/hamcrest-core-1.3.jar:/home/bedanglot/.m2/repository/com/fasterxml/jackson/core/jackson-databind/2.7.4/jackson-databind-2.7.4.jar:/home/bedanglot/.m2/repository/com/fasterxml/jackson/core/jackson-annotations/2.7.0/jackson-annotations-2.7.0.jar:/home/bedanglot/.m2/repository/com/fasterxml/jackson/core/jackson-core/2.7.4/jackson-core-2.7.4.jar:/home/bedanglot/.m2/repository/com/fasterxml/jackson/dataformat/jackson-dataformat-yaml/2.7.4/jackson-dataformat-yaml-2.7.4.jar:/home/bedanglot/.m2/repository/org/yaml/snakeyaml/1.15/snakeyaml-1.15.jar:/tmp/dspot-experiments/dataset/april-2019/mustache.java_parent/compiler/target/classes/:/tmp/dspot-experiments/dataset/april-2019/mustache.java_parent/compiler/target/test-classes/:/tmp/dspot-experiments/dataset/april-2019/mustache.java_parent/compiler/target/dspot/dependencies/: -d /tmp/dspot-experiments/dataset/april-2019/mustache.java_parent/compiler/target/test-classes -1.8 -preserveAllLocals -noExit -enableJavadoc -proc:none /tmp/dspot-experiments/dataset/april-2019/mustache.java_parent/compiler/target/dspot/tmp_test_sources/com/github/mustachejava/InterpreterTest.java
[INFO] Run: java -classpath /tmp/dspot-experiments/dataset/april-2019/mustache.java_parent/compiler/target/classes/:/tmp/dspot-experiments/dataset/april-2019/mustache.java_parent/compiler/target/test-classes:/home/bedanglot/.m2/repository/junit/junit/4.11/junit-4.11.jar:/home/bedanglot/.m2/repository/org/hamcrest/hamcrest-core/1.3/hamcrest-core-1.3.jar:/home/bedanglot/.m2/repository/com/fasterxml/jackson/core/jackson-databind/2.7.4/jackson-databind-2.7.4.jar:/home/bedanglot/.m2/repository/com/fasterxml/jackson/core/jackson-annotations/2.7.0/jackson-annotations-2.7.0.jar:/home/bedanglot/.m2/repository/com/fasterxml/jackson/core/jackson-core/2.7.4/jackson-core-2.7.4.jar:/home/bedanglot/.m2/repository/com/fasterxml/jackson/dataformat/jackson-dataformat-yaml/2.7.4/jackson-dataformat-yaml-2.7.4.jar:/home/bedanglot/.m2/repository/org/yaml/snakeyaml/1.15/snakeyaml-1.15.jar:/tmp/dspot-experiments/dataset/april-2019/mustache.java_parent/compiler/target/dspot/dependencies/:/home/bedanglot/.m2/repository/eu/stamp-project/test-runner/2.0.7/test-runner-2.0.7-jar-with-dependencies.jar eu.stamp_project.testrunner.runner.JUnit4Runner --class com.github.mustachejava.InterpreterTest --tests testInvalidDelimiters_literalMutationString1_withlog0:testInvalidDelimiters_literalMutationString3_withlog0:testInvalidDelimiters_literalMutationString4_withlog0:testInvalidDelimiters_literalMutationString1_withlog1:testInvalidDelimiters_literalMutationString3_withlog1:testInvalidDelimiters_literalMutationString4_withlog1:testInvalidDelimiters_literalMutationString1_withlog2:testInvalidDelimiters_literalMutationString3_withlog2:testInvalidDelimiters_literalMutationString4_withlog2 
Parsing --class com.github.mustachejava.InterpreterTest --tests testInvalidDelimiters_literalMutationString1_withlog0:testInvalidDelimiters_literalMutationString3_withlog0:testInvalidDelimiters_literalMutationString4_withlog0:testInvalidDelimiters_literalMutationString1_withlog1:testInvalidDelimiters_literalMutationString3_withlog1:testInvalidDelimiters_literalMutationString4_withlog1:testInvalidDelimiters_literalMutationString1_withlog2:testInvalidDelimiters_literalMutationString3_withlog2:testInvalidDelimiters_literalMutationString4_withlog2
<h2>First Name : firstName</h2> <h2>Last Name : lastName</h2><h2>First Name : firstName 1</h2> <h2>Last Name : lastName 1</h2>File saved to the following path: /tmp/dspot-experiments/dataset/april-2019/mustache.java_parent/compiler/target/dspot/observations.ser
File saved to the following path: /tmp/dspot-experiments/dataset/april-2019/mustache.java_parent/compiler/target/dspot/TestResult.ser
Loading /tmp/dspot-experiments/dataset/april-2019/mustache.java_parent/compiler/target/dspot/TestResult.ser
[INFO] Test has been run: testSimpleI18N,testClosingReader,testObjectArray,testComplexParallel,testNotIterableCallable,testReadmeSerial,testPathsWithExtension,testDynamicPartial,testRecursionWithInheritance,testMultipleWrappers,testProperties,testImplicitIteratorNoScope,testLeavingAloneMissingVariables,testRelativePathsDotDotDir,testOverrideValueCode,testMap,testBrokenSimple,testOverrideExtension,testIdentitySimple,testRelativePathsDotDotDirOverride,testBaseArray,testMultipleCallsWithDifferentScopes,testTemplateFunctionWithData,testNumber0IsFalse,testChainedInheritance,testCR,testPartialWithTF,testImplicitIteratorWithScope,testSimpleFiltered,testInvalidDelimiters_literalMutationString4_withlog0,testInvalidDelimiters_literalMutationString4_withlog1,testInvalidDelimiters_literalMutationString4_withlog2,testRelativePathsRootDir,testPrivate,testSerialCallable,testPragmaWhiteSpaceHandling,testInvalidDelimiters_literalMutationString3_withlog0,testInvalidDelimiters_literalMutationString3_withlog1,testInvalidDelimiters_literalMutationString3_withlog2,testTypedSimple,testMismatch,testSimplePragma,testRelativePathsSameDir,testEmptyMustache,testRootCheck,testInvalidDelimiters_literalMutationString1_withlog0,testInvalidDelimiters_literalMutationString1_withlog1,testInvalidDelimiters_literalMutationString1_withlog2,testOutputDelimiters,testNestedLatches,testMustacheNotFoundException,testIsNotEmpty,testInvalidDelimiters,testLimitedDepthRecursion,testEmptyString,testFunctions,testImmutableList,testTemplateFunction,testComment,testComplex,testMultipleCallsWithDifferentMapScopes,testOptional,testPropertyWithDot,testAccessTracker,testConcurrency,testRecurision,testSimpleWithMap,testReadmeParallel,testRelativePathsTemplateFunction,testRelativePathFail,testNestedLatchesIterable,testDeferred,testNestedAccessWithSimpleObjectHandler,testPartialRecursionWithInheritance,testPragma,testSecurity,testReadme,testSimple,testMalformedTag,testInvalidDelimiters_literalMutationString1,testInvalidDelimiters_literalMutationString3,testInvalidDelimiters_literalMutationString4,testTemplateFunctionWithImplicitParams,testSuperField,testSingleCurly,testIterator,testInvalidDelimitersnull15(com.github.mustachejava.InterpreterTest): Invalid delimiter string @[null:1],testInvalidDelimiters_literalMutationString10(com.github.mustachejava.InterpreterTest): Invalid delimiter string @[page1.txt:1],testInvalidDelimiters_literalMutationString11(com.github.mustachejava.InterpreterTest): Invalid delimiter string @[tstInvalidDelimiters:1],testInvalidDelimiters_literalMutationString12(com.github.mustachejava.InterpreterTest): Invalid delimiter string @[testInvalidDe,limiters:1],testInvalidDelimiters_add13(com.github.mustachejava.InterpreterTest): Invalid delimiter string @[testInvalidDelimiters:1],testInvalidDelimiters_add14(com.github.mustachejava.InterpreterTest): Invalid delimiter string @[testInvalidDelimiters:1],testInvalidDelimiters_literalMutationString2(com.github.mustachejava.InterpreterTest): Invalid delimiter string @[testInvalidDelimiters:1],testInvalidDelimiters_literalMutationString5(com.github.mustachejava.InterpreterTest): Invalid delimiter string @[testInvalidDelimiters:1],testInvalidDelimiters_literalMutationString6(com.github.mustachejava.InterpreterTest): Invalid delimiter string @[testInvalidDelimiters:1],testInvalidDelimiters_literalMutationString7(com.github.mustachejava.InterpreterTest): Invalid delimiter string @[(q2 5[gpbL[{$QV5:Wz2[:1],testInvalidDelimiters_literalMutationString8(com.github.mustachejava.InterpreterTest): Invalid delimiter string @[:1],testInvalidDelimiters_literalMutationString9(com.github.mustachejava.InterpreterTest): Invalid delimiter string @[testHnvalidDelimiters:1]
[WARNING] Some instrumented test failed!
[INFO] Generating assertions...
[INFO] 12 test fail, generating try/catch/fail blocks...
[INFO] 15 new tests with assertions generated
[INFO] Compiling with -proceedOnError -encoding UTF-8 -cp /tmp/dspot-experiments/dataset/april-2019/mustache.java_parent/compiler/target/dspot/tmp_test_sources:/home/bedanglot/.m2/repository/junit/junit/4.11/junit-4.11.jar:/home/bedanglot/.m2/repository/org/hamcrest/hamcrest-core/1.3/hamcrest-core-1.3.jar:/home/bedanglot/.m2/repository/com/fasterxml/jackson/core/jackson-databind/2.7.4/jackson-databind-2.7.4.jar:/home/bedanglot/.m2/repository/com/fasterxml/jackson/core/jackson-annotations/2.7.0/jackson-annotations-2.7.0.jar:/home/bedanglot/.m2/repository/com/fasterxml/jackson/core/jackson-core/2.7.4/jackson-core-2.7.4.jar:/home/bedanglot/.m2/repository/com/fasterxml/jackson/dataformat/jackson-dataformat-yaml/2.7.4/jackson-dataformat-yaml-2.7.4.jar:/home/bedanglot/.m2/repository/org/yaml/snakeyaml/1.15/snakeyaml-1.15.jar:/tmp/dspot-experiments/dataset/april-2019/mustache.java_parent/compiler/target/classes/:/tmp/dspot-experiments/dataset/april-2019/mustache.java_parent/compiler/target/test-classes/:/tmp/dspot-experiments/dataset/april-2019/mustache.java_parent/compiler/target/dspot/dependencies/: -d /tmp/dspot-experiments/dataset/april-2019/mustache.java_parent/compiler/target/test-classes -1.8 -preserveAllLocals -noExit -enableJavadoc -proc:none /tmp/dspot-experiments/dataset/april-2019/mustache.java_parent/compiler/target/dspot/tmp_test_sources/com/github/mustachejava/InterpreterTest.java
[INFO] Run: java -classpath /tmp/dspot-experiments/dataset/april-2019/mustache.java_parent/compiler/target/classes/:/tmp/dspot-experiments/dataset/april-2019/mustache.java_parent/compiler/target/test-classes:/home/bedanglot/.m2/repository/junit/junit/4.11/junit-4.11.jar:/home/bedanglot/.m2/repository/org/hamcrest/hamcrest-core/1.3/hamcrest-core-1.3.jar:/home/bedanglot/.m2/repository/com/fasterxml/jackson/core/jackson-databind/2.7.4/jackson-databind-2.7.4.jar:/home/bedanglot/.m2/repository/com/fasterxml/jackson/core/jackson-annotations/2.7.0/jackson-annotations-2.7.0.jar:/home/bedanglot/.m2/repository/com/fasterxml/jackson/core/jackson-core/2.7.4/jackson-core-2.7.4.jar:/home/bedanglot/.m2/repository/com/fasterxml/jackson/dataformat/jackson-dataformat-yaml/2.7.4/jackson-dataformat-yaml-2.7.4.jar:/home/bedanglot/.m2/repository/org/yaml/snakeyaml/1.15/snakeyaml-1.15.jar:/tmp/dspot-experiments/dataset/april-2019/mustache.java_parent/compiler/target/dspot/dependencies/:/home/bedanglot/.m2/repository/eu/stamp-project/test-runner/2.0.7/test-runner-2.0.7-jar-with-dependencies.jar eu.stamp_project.testrunner.runner.JUnit4Runner --class com.github.mustachejava.InterpreterTest --tests testInvalidDelimiters_literalMutationString1:testInvalidDelimiters_literalMutationString3:testInvalidDelimiters_literalMutationString4:testInvalidDelimitersnull15_failAssert0:testInvalidDelimiters_add13_failAssert0:testInvalidDelimiters_add14_failAssert0:testInvalidDelimiters_literalMutationString9_failAssert0:testInvalidDelimiters_literalMutationString11_failAssert0:testInvalidDelimiters_literalMutationString10_failAssert0:testInvalidDelimiters_literalMutationString12_failAssert0:testInvalidDelimiters_literalMutationString8_failAssert0:testInvalidDelimiters_literalMutationString7_failAssert0:testInvalidDelimiters_literalMutationString2_failAssert0:testInvalidDelimiters_literalMutationString6_failAssert0:testInvalidDelimiters_literalMutationString5_failAssert0 
Parsing --class com.github.mustachejava.InterpreterTest --tests testInvalidDelimiters_literalMutationString1:testInvalidDelimiters_literalMutationString3:testInvalidDelimiters_literalMutationString4:testInvalidDelimitersnull15_failAssert0:testInvalidDelimiters_add13_failAssert0:testInvalidDelimiters_add14_failAssert0:testInvalidDelimiters_literalMutationString9_failAssert0:testInvalidDelimiters_literalMutationString11_failAssert0:testInvalidDelimiters_literalMutationString10_failAssert0:testInvalidDelimiters_literalMutationString12_failAssert0:testInvalidDelimiters_literalMutationString8_failAssert0:testInvalidDelimiters_literalMutationString7_failAssert0:testInvalidDelimiters_literalMutationString2_failAssert0:testInvalidDelimiters_literalMutationString6_failAssert0:testInvalidDelimiters_literalMutationString5_failAssert0
File saved to the following path: /tmp/dspot-experiments/dataset/april-2019/mustache.java_parent/compiler/target/dspot/TestResult.ser
Loading /tmp/dspot-experiments/dataset/april-2019/mustache.java_parent/compiler/target/dspot/TestResult.ser
[INFO] Test has been run: testInvalidDelimiters_literalMutationString7_failAssert0,testInvalidDelimiters_literalMutationString6_failAssert0,testInvalidDelimiters_literalMutationString5_failAssert0,testInvalidDelimitersnull15_failAssert0,testInvalidDelimiters_literalMutationString2_failAssert0,testInvalidDelimiters_literalMutationString12_failAssert0,testInvalidDelimiters_literalMutationString11_failAssert0,testInvalidDelimiters_literalMutationString10_failAssert0,testInvalidDelimiters_add14_failAssert0,testInvalidDelimiters_add13_failAssert0,testInvalidDelimiters_literalMutationString9_failAssert0,testInvalidDelimiters_literalMutationString1,testInvalidDelimiters_literalMutationString3,testInvalidDelimiters_literalMutationString4,testInvalidDelimiters_literalMutationString8_failAssert0
[INFO] Assertion amplification: 15 test method(s) has been successfully amplified.
[WARN] 2019-05-07 16:44:19 Launcher - You specified the directory /tmp/dspot-experiments/dataset/april-2019/mustache.java/compiler/target/classes in source classpath, please note that only class files will be considered. Jars and subdirectories will be ignored.
[WARN] 2019-05-07 16:44:19 Launcher - You specified the directory /tmp/dspot-experiments/dataset/april-2019/mustache.java/compiler/target/test-classes in source classpath, please note that only class files will be considered. Jars and subdirectories will be ignored.
[WARN] 2019-05-07 16:44:19 Launcher - You specified the directory /tmp/dspot-experiments/dataset/april-2019/mustache.java/compiler/target/dspot/dependencies in source classpath, please note that only class files will be considered. Jars and subdirectories will be ignored.
[INFO] Run: java -classpath /tmp/dspot-experiments/dataset/april-2019/mustache.java/compiler/target/classes/:/tmp/dspot-experiments/dataset/april-2019/mustache.java/compiler/target/test-classes/:/home/bedanglot/.m2/repository/junit/junit/4.11/junit-4.11.jar:/home/bedanglot/.m2/repository/org/hamcrest/hamcrest-core/1.3/hamcrest-core-1.3.jar:/home/bedanglot/.m2/repository/com/fasterxml/jackson/core/jackson-databind/2.7.4/jackson-databind-2.7.4.jar:/home/bedanglot/.m2/repository/com/fasterxml/jackson/core/jackson-annotations/2.7.0/jackson-annotations-2.7.0.jar:/home/bedanglot/.m2/repository/com/fasterxml/jackson/core/jackson-core/2.7.4/jackson-core-2.7.4.jar:/home/bedanglot/.m2/repository/com/fasterxml/jackson/dataformat/jackson-dataformat-yaml/2.7.4/jackson-dataformat-yaml-2.7.4.jar:/home/bedanglot/.m2/repository/org/yaml/snakeyaml/1.15/snakeyaml-1.15.jar:/tmp/dspot-experiments/dataset/april-2019/mustache.java/compiler/target/dspot/dependencies/:/home/bedanglot/.m2/repository/eu/stamp-project/test-runner/2.0.7/test-runner-2.0.7-jar-with-dependencies.jar eu.stamp_project.testrunner.runner.JUnit4Runner --class com.github.mustachejava.InterpreterTest --tests testInvalidDelimiters_literalMutationString1:testInvalidDelimiters_literalMutationString3:testInvalidDelimiters_literalMutationString4:testInvalidDelimitersnull15_failAssert0:testInvalidDelimiters_add13_failAssert0:testInvalidDelimiters_add14_failAssert0:testInvalidDelimiters_literalMutationString9_failAssert0:testInvalidDelimiters_literalMutationString11_failAssert0:testInvalidDelimiters_literalMutationString10_failAssert0:testInvalidDelimiters_literalMutationString12_failAssert0:testInvalidDelimiters_literalMutationString8_failAssert0:testInvalidDelimiters_literalMutationString7_failAssert0:testInvalidDelimiters_literalMutationString2_failAssert0:testInvalidDelimiters_literalMutationString6_failAssert0:testInvalidDelimiters_literalMutationString5_failAssert0 
Parsing --class com.github.mustachejava.InterpreterTest --tests testInvalidDelimiters_literalMutationString1:testInvalidDelimiters_literalMutationString3:testInvalidDelimiters_literalMutationString4:testInvalidDelimitersnull15_failAssert0:testInvalidDelimiters_add13_failAssert0:testInvalidDelimiters_add14_failAssert0:testInvalidDelimiters_literalMutationString9_failAssert0:testInvalidDelimiters_literalMutationString11_failAssert0:testInvalidDelimiters_literalMutationString10_failAssert0:testInvalidDelimiters_literalMutationString12_failAssert0:testInvalidDelimiters_literalMutationString8_failAssert0:testInvalidDelimiters_literalMutationString7_failAssert0:testInvalidDelimiters_literalMutationString2_failAssert0:testInvalidDelimiters_literalMutationString6_failAssert0:testInvalidDelimiters_literalMutationString5_failAssert0
File saved to the following path: /tmp/dspot-experiments/dataset/april-2019/mustache.java_parent/compiler/target/dspot/TestResult.ser
Loading /tmp/dspot-experiments/dataset/april-2019/mustache.java_parent/compiler/target/dspot/TestResult.ser
[INFO] Test has been run: testInvalidDelimiters_literalMutationString1,testInvalidDelimiters_literalMutationString3,testInvalidDelimiters_literalMutationString4,testInvalidDelimiters_literalMutationString7_failAssert0(com.github.mustachejava.InterpreterTest): expected:<...lid delimiter string[] @[(q2 5[gpbL[{$QV5:...> but was:<...lid delimiter string[: =toolong] @[(q2 5[gpbL[{$QV5:...>,testInvalidDelimiters_literalMutationString6_failAssert0(com.github.mustachejava.InterpreterTest): expected:<...lid delimiter string[] @[testInvalidDelimi...> but was:<...lid delimiter string[: =t}oolong] @[testInvalidDelimi...>,testInvalidDelimiters_literalMutationString5_failAssert0(com.github.mustachejava.InterpreterTest): expected:<...lid delimiter string[] @[testInvalidDelimi...> but was:<...lid delimiter string[: =tool*ng] @[testInvalidDelimi...>,testInvalidDelimitersnull15_failAssert0(com.github.mustachejava.InterpreterTest): expected:<...lid delimiter string[] @[null:1]> but was:<...lid delimiter string[: =toolong] @[null:1]>,testInvalidDelimiters_literalMutationString2_failAssert0(com.github.mustachejava.InterpreterTest): expected:<...lid delimiter string[] @[testInvalidDelimi...> but was:<...lid delimiter string[: =toolon] @[testInvalidDelimi...>,testInvalidDelimiters_literalMutationString12_failAssert0(com.github.mustachejava.InterpreterTest): expected:<...lid delimiter string[] @[testInvalidDe,lim...> but was:<...lid delimiter string[: =toolong] @[testInvalidDe,lim...>,testInvalidDelimiters_literalMutationString11_failAssert0(com.github.mustachejava.InterpreterTest): expected:<...lid delimiter string[] @[tstInvalidDelimit...> but was:<...lid delimiter string[: =toolong] @[tstInvalidDelimit...>,testInvalidDelimiters_literalMutationString10_failAssert0(com.github.mustachejava.InterpreterTest): expected:<...lid delimiter string[] @[page1.txt:1]> but was:<...lid delimiter string[: =toolong] @[page1.txt:1]>,testInvalidDelimiters_add14_failAssert0(com.github.mustachejava.InterpreterTest): expected:<...lid delimiter string[] @[testInvalidDelimi...> but was:<...lid delimiter string[: =toolong] @[testInvalidDelimi...>,testInvalidDelimiters_add13_failAssert0(com.github.mustachejava.InterpreterTest): expected:<...lid delimiter string[] @[testInvalidDelimi...> but was:<...lid delimiter string[: =toolong] @[testInvalidDelimi...>,testInvalidDelimiters_literalMutationString9_failAssert0(com.github.mustachejava.InterpreterTest): expected:<...lid delimiter string[] @[testHnvalidDelimi...> but was:<...lid delimiter string[: =toolong] @[testHnvalidDelimi...>,testInvalidDelimiters_literalMutationString8_failAssert0(com.github.mustachejava.InterpreterTest): expected:<...lid delimiter string[] @[:1]> but was:<...lid delimiter string[: =toolong] @[:1]>
[INFO] 12 amplified test methods has been selected to be kept.
[INFO] 1 amplified test methods has been selected to be kept. (global: 13)
[INFO] elapsedTime 78289
[WARN] 2019-05-07 16:44:19 Launcher - You specified the directory /tmp/dspot-experiments/dataset/april-2019/mustache.java_parent/compiler/target/classes in source classpath, please note that only class files will be considered. Jars and subdirectories will be ignored.
[WARN] 2019-05-07 16:44:19 Launcher - You specified the directory /tmp/dspot-experiments/dataset/april-2019/mustache.java_parent/compiler/target/test-classes in source classpath, please note that only class files will be considered. Jars and subdirectories will be ignored.
[WARN] 2019-05-07 16:44:19 Launcher - You specified the directory /tmp/dspot-experiments/dataset/april-2019/mustache.java_parent/compiler/target/dspot/dependencies in source classpath, please note that only class files will be considered. Jars and subdirectories will be ignored.
[INFO] Amplification succeed.
[INFO] Elapsed time 78905 ms
[INFO] 
13 amplified test fails on the new versions.
testInvalidDelimiters_literalMutationString12_failAssert0(com.github.mustachejava.InterpreterTest): expected:<...lid delimiter string[] @[testInvalidDe,lim...> but was:<...lid delimiter string[: =toolong] @[testInvalidDe,lim...>
testInvalidDelimiters_literalMutationString10_failAssert0(com.github.mustachejava.InterpreterTest): expected:<...lid delimiter string[] @[page1.txt:1]> but was:<...lid delimiter string[: =toolong] @[page1.txt:1]>
testInvalidDelimiters_literalMutationString9_failAssert0(com.github.mustachejava.InterpreterTest): expected:<...lid delimiter string[] @[testHnvalidDelimi...> but was:<...lid delimiter string[: =toolong] @[testHnvalidDelimi...>
testInvalidDelimiters_add13_failAssert0(com.github.mustachejava.InterpreterTest): expected:<...lid delimiter string[] @[testInvalidDelimi...> but was:<...lid delimiter string[: =toolong] @[testInvalidDelimi...>
testInvalidDelimiters_literalMutationString11_failAssert0(com.github.mustachejava.InterpreterTest): expected:<...lid delimiter string[] @[tstInvalidDelimit...> but was:<...lid delimiter string[: =toolong] @[tstInvalidDelimit...>
testInvalidDelimiters_literalMutationString2_failAssert0(com.github.mustachejava.InterpreterTest): expected:<...lid delimiter string[] @[testInvalidDelimi...> but was:<...lid delimiter string[: =toolon] @[testInvalidDelimi...>
testInvalidDelimiters_literalMutationString7_failAssert0(com.github.mustachejava.InterpreterTest): expected:<...lid delimiter string[] @[(q2 5[gpbL[{$QV5:...> but was:<...lid delimiter string[: =toolong] @[(q2 5[gpbL[{$QV5:...>
testInvalidDelimiters_failAssert0(com.github.mustachejava.InterpreterTest): expected:<...lid delimiter string[] @[testInvalidDelimi...> but was:<...lid delimiter string[: =toolong] @[testInvalidDelimi...>
testInvalidDelimiters_add14_failAssert0(com.github.mustachejava.InterpreterTest): expected:<...lid delimiter string[] @[testInvalidDelimi...> but was:<...lid delimiter string[: =toolong] @[testInvalidDelimi...>
testInvalidDelimiters_literalMutationString8_failAssert0(com.github.mustachejava.InterpreterTest): expected:<...lid delimiter string[] @[:1]> but was:<...lid delimiter string[: =toolong] @[:1]>
testInvalidDelimitersnull15_failAssert0(com.github.mustachejava.InterpreterTest): expected:<...lid delimiter string[] @[null:1]> but was:<...lid delimiter string[: =toolong] @[null:1]>
testInvalidDelimiters_literalMutationString5_failAssert0(com.github.mustachejava.InterpreterTest): expected:<...lid delimiter string[] @[testInvalidDelimi...> but was:<...lid delimiter string[: =tool*ng] @[testInvalidDelimi...>
testInvalidDelimiters_literalMutationString6_failAssert0(com.github.mustachejava.InterpreterTest): expected:<...lid delimiter string[] @[testInvalidDelimi...> but was:<...lid delimiter string[: =t}oolong] @[testInvalidDelimi...>junit.framework.ComparisonFailure: expected:<...lid delimiter string[] @[testInvalidDe,lim...> but was:<...lid delimiter string[: =toolong] @[testInvalidDe,lim...>
	at junit.framework.Assert.assertEquals(Assert.java:100)
	at junit.framework.Assert.assertEquals(Assert.java:107)
	at junit.framework.TestCase.assertEquals(TestCase.java:269)
	at com.github.mustachejava.InterpreterTest.testInvalidDelimiters_literalMutationString12_failAssert0(InterpreterTest.java:253)
	at sun.reflect.NativeMethodAccessorImpl.invoke0(Native Method)
	at sun.reflect.NativeMethodAccessorImpl.invoke(NativeMethodAccessorImpl.java:62)
	at sun.reflect.DelegatingMethodAccessorImpl.invoke(DelegatingMethodAccessorImpl.java:43)
	at java.lang.reflect.Method.invoke(Method.java:498)
	at junit.framework.TestCase.runTest(TestCase.java:176)
	at junit.framework.TestCase.runBare(TestCase.java:141)
	at junit.framework.TestResult$1.protect(TestResult.java:122)
	at junit.framework.TestResult.runProtected(TestResult.java:142)
	at junit.framework.TestResult.run(TestResult.java:125)
	at junit.framework.TestCase.run(TestCase.java:129)
	at junit.framework.TestSuite.runTest(TestSuite.java:255)
	at junit.framework.TestSuite.run(TestSuite.java:250)
	at org.junit.internal.runners.JUnit38ClassRunner.run(JUnit38ClassRunner.java:84)
	at org.junit.runners.Suite.runChild(Suite.java:127)
	at org.junit.runners.Suite.runChild(Suite.java:26)
	at org.junit.runners.ParentRunner$3.run(ParentRunner.java:238)
	at org.junit.runners.ParentRunner$1.schedule(ParentRunner.java:63)
	at org.junit.runners.ParentRunner.runChildren(ParentRunner.java:236)
	at org.junit.runners.ParentRunner.access$000(ParentRunner.java:53)
	at org.junit.runners.ParentRunner$2.evaluate(ParentRunner.java:229)
	at org.junit.runners.ParentRunner.run(ParentRunner.java:309)
	at eu.stamp_project.testrunner.runner.JUnit4Runner.run(JUnit4Runner.java:63)
	at eu.stamp_project.testrunner.runner.JUnit4Runner.main(JUnit4Runner.java:27)
junit.framework.ComparisonFailure: expected:<...lid delimiter string[] @[page1.txt:1]> but was:<...lid delimiter string[: =toolong] @[page1.txt:1]>
	at junit.framework.Assert.assertEquals(Assert.java:100)
	at junit.framework.Assert.assertEquals(Assert.java:107)
	at junit.framework.TestCase.assertEquals(TestCase.java:269)
	at com.github.mustachejava.InterpreterTest.testInvalidDelimiters_literalMutationString10_failAssert0(InterpreterTest.java:241)
	at sun.reflect.NativeMethodAccessorImpl.invoke0(Native Method)
	at sun.reflect.NativeMethodAccessorImpl.invoke(NativeMethodAccessorImpl.java:62)
	at sun.reflect.DelegatingMethodAccessorImpl.invoke(DelegatingMethodAccessorImpl.java:43)
	at java.lang.reflect.Method.invoke(Method.java:498)
	at junit.framework.TestCase.runTest(TestCase.java:176)
	at junit.framework.TestCase.runBare(TestCase.java:141)
	at junit.framework.TestResult$1.protect(TestResult.java:122)
	at junit.framework.TestResult.runProtected(TestResult.java:142)
	at junit.framework.TestResult.run(TestResult.java:125)
	at junit.framework.TestCase.run(TestCase.java:129)
	at junit.framework.TestSuite.runTest(TestSuite.java:255)
	at junit.framework.TestSuite.run(TestSuite.java:250)
	at org.junit.internal.runners.JUnit38ClassRunner.run(JUnit38ClassRunner.java:84)
	at org.junit.runners.Suite.runChild(Suite.java:127)
	at org.junit.runners.Suite.runChild(Suite.java:26)
	at org.junit.runners.ParentRunner$3.run(ParentRunner.java:238)
	at org.junit.runners.ParentRunner$1.schedule(ParentRunner.java:63)
	at org.junit.runners.ParentRunner.runChildren(ParentRunner.java:236)
	at org.junit.runners.ParentRunner.access$000(ParentRunner.java:53)
	at org.junit.runners.ParentRunner$2.evaluate(ParentRunner.java:229)
	at org.junit.runners.ParentRunner.run(ParentRunner.java:309)
	at eu.stamp_project.testrunner.runner.JUnit4Runner.run(JUnit4Runner.java:63)
	at eu.stamp_project.testrunner.runner.JUnit4Runner.main(JUnit4Runner.java:27)
junit.framework.ComparisonFailure: expected:<...lid delimiter string[] @[testHnvalidDelimi...> but was:<...lid delimiter string[: =toolong] @[testHnvalidDelimi...>
	at junit.framework.Assert.assertEquals(Assert.java:100)
	at junit.framework.Assert.assertEquals(Assert.java:107)
	at junit.framework.TestCase.assertEquals(TestCase.java:269)
	at com.github.mustachejava.InterpreterTest.testInvalidDelimiters_literalMutationString9_failAssert0(InterpreterTest.java:217)
	at sun.reflect.NativeMethodAccessorImpl.invoke0(Native Method)
	at sun.reflect.NativeMethodAccessorImpl.invoke(NativeMethodAccessorImpl.java:62)
	at sun.reflect.DelegatingMethodAccessorImpl.invoke(DelegatingMethodAccessorImpl.java:43)
	at java.lang.reflect.Method.invoke(Method.java:498)
	at junit.framework.TestCase.runTest(TestCase.java:176)
	at junit.framework.TestCase.runBare(TestCase.java:141)
	at junit.framework.TestResult$1.protect(TestResult.java:122)
	at junit.framework.TestResult.runProtected(TestResult.java:142)
	at junit.framework.TestResult.run(TestResult.java:125)
	at junit.framework.TestCase.run(TestCase.java:129)
	at junit.framework.TestSuite.runTest(TestSuite.java:255)
	at junit.framework.TestSuite.run(TestSuite.java:250)
	at org.junit.internal.runners.JUnit38ClassRunner.run(JUnit38ClassRunner.java:84)
	at org.junit.runners.Suite.runChild(Suite.java:127)
	at org.junit.runners.Suite.runChild(Suite.java:26)
	at org.junit.runners.ParentRunner$3.run(ParentRunner.java:238)
	at org.junit.runners.ParentRunner$1.schedule(ParentRunner.java:63)
	at org.junit.runners.ParentRunner.runChildren(ParentRunner.java:236)
	at org.junit.runners.ParentRunner.access$000(ParentRunner.java:53)
	at org.junit.runners.ParentRunner$2.evaluate(ParentRunner.java:229)
	at org.junit.runners.ParentRunner.run(ParentRunner.java:309)
	at eu.stamp_project.testrunner.runner.JUnit4Runner.run(JUnit4Runner.java:63)
	at eu.stamp_project.testrunner.runner.JUnit4Runner.main(JUnit4Runner.java:27)
junit.framework.ComparisonFailure: expected:<...lid delimiter string[] @[testInvalidDelimi...> but was:<...lid delimiter string[: =toolong] @[testInvalidDelimi...>
	at junit.framework.Assert.assertEquals(Assert.java:100)
	at junit.framework.Assert.assertEquals(Assert.java:107)
	at junit.framework.TestCase.assertEquals(TestCase.java:269)
	at com.github.mustachejava.InterpreterTest.testInvalidDelimiters_add13_failAssert0(InterpreterTest.java:192)
	at sun.reflect.NativeMethodAccessorImpl.invoke0(Native Method)
	at sun.reflect.NativeMethodAccessorImpl.invoke(NativeMethodAccessorImpl.java:62)
	at sun.reflect.DelegatingMethodAccessorImpl.invoke(DelegatingMethodAccessorImpl.java:43)
	at java.lang.reflect.Method.invoke(Method.java:498)
	at junit.framework.TestCase.runTest(TestCase.java:176)
	at junit.framework.TestCase.runBare(TestCase.java:141)
	at junit.framework.TestResult$1.protect(TestResult.java:122)
	at junit.framework.TestResult.runProtected(TestResult.java:142)
	at junit.framework.TestResult.run(TestResult.java:125)
	at junit.framework.TestCase.run(TestCase.java:129)
	at junit.framework.TestSuite.runTest(TestSuite.java:255)
	at junit.framework.TestSuite.run(TestSuite.java:250)
	at org.junit.internal.runners.JUnit38ClassRunner.run(JUnit38ClassRunner.java:84)
	at org.junit.runners.Suite.runChild(Suite.java:127)
	at org.junit.runners.Suite.runChild(Suite.java:26)
	at org.junit.runners.ParentRunner$3.run(ParentRunner.java:238)
	at org.junit.runners.ParentRunner$1.schedule(ParentRunner.java:63)
	at org.junit.runners.ParentRunner.runChildren(ParentRunner.java:236)
	at org.junit.runners.ParentRunner.access$000(ParentRunner.java:53)
	at org.junit.runners.ParentRunner$2.evaluate(ParentRunner.java:229)
	at org.junit.runners.ParentRunner.run(ParentRunner.java:309)
	at eu.stamp_project.testrunner.runner.JUnit4Runner.run(JUnit4Runner.java:63)
	at eu.stamp_project.testrunner.runner.JUnit4Runner.main(JUnit4Runner.java:27)
junit.framework.ComparisonFailure: expected:<...lid delimiter string[] @[tstInvalidDelimit...> but was:<...lid delimiter string[: =toolong] @[tstInvalidDelimit...>
	at junit.framework.Assert.assertEquals(Assert.java:100)
	at junit.framework.Assert.assertEquals(Assert.java:107)
	at junit.framework.TestCase.assertEquals(TestCase.java:269)
	at com.github.mustachejava.InterpreterTest.testInvalidDelimiters_literalMutationString11_failAssert0(InterpreterTest.java:229)
	at sun.reflect.NativeMethodAccessorImpl.invoke0(Native Method)
	at sun.reflect.NativeMethodAccessorImpl.invoke(NativeMethodAccessorImpl.java:62)
	at sun.reflect.DelegatingMethodAccessorImpl.invoke(DelegatingMethodAccessorImpl.java:43)
	at java.lang.reflect.Method.invoke(Method.java:498)
	at junit.framework.TestCase.runTest(TestCase.java:176)
	at junit.framework.TestCase.runBare(TestCase.java:141)
	at junit.framework.TestResult$1.protect(TestResult.java:122)
	at junit.framework.TestResult.runProtected(TestResult.java:142)
	at junit.framework.TestResult.run(TestResult.java:125)
	at junit.framework.TestCase.run(TestCase.java:129)
	at junit.framework.TestSuite.runTest(TestSuite.java:255)
	at junit.framework.TestSuite.run(TestSuite.java:250)
	at org.junit.internal.runners.JUnit38ClassRunner.run(JUnit38ClassRunner.java:84)
	at org.junit.runners.Suite.runChild(Suite.java:127)
	at org.junit.runners.Suite.runChild(Suite.java:26)
	at org.junit.runners.ParentRunner$3.run(ParentRunner.java:238)
	at org.junit.runners.ParentRunner$1.schedule(ParentRunner.java:63)
	at org.junit.runners.ParentRunner.runChildren(ParentRunner.java:236)
	at org.junit.runners.ParentRunner.access$000(ParentRunner.java:53)
	at org.junit.runners.ParentRunner$2.evaluate(ParentRunner.java:229)
	at org.junit.runners.ParentRunner.run(ParentRunner.java:309)
	at eu.stamp_project.testrunner.runner.JUnit4Runner.run(JUnit4Runner.java:63)
	at eu.stamp_project.testrunner.runner.JUnit4Runner.main(JUnit4Runner.java:27)
junit.framework.ComparisonFailure: expected:<...lid delimiter string[] @[testInvalidDelimi...> but was:<...lid delimiter string[: =toolon] @[testInvalidDelimi...>
	at junit.framework.Assert.assertEquals(Assert.java:100)
	at junit.framework.Assert.assertEquals(Assert.java:107)
	at junit.framework.TestCase.assertEquals(TestCase.java:269)
	at com.github.mustachejava.InterpreterTest.testInvalidDelimiters_literalMutationString2_failAssert0(InterpreterTest.java:289)
	at sun.reflect.NativeMethodAccessorImpl.invoke0(Native Method)
	at sun.reflect.NativeMethodAccessorImpl.invoke(NativeMethodAccessorImpl.java:62)
	at sun.reflect.DelegatingMethodAccessorImpl.invoke(DelegatingMethodAccessorImpl.java:43)
	at java.lang.reflect.Method.invoke(Method.java:498)
	at junit.framework.TestCase.runTest(TestCase.java:176)
	at junit.framework.TestCase.runBare(TestCase.java:141)
	at junit.framework.TestResult$1.protect(TestResult.java:122)
	at junit.framework.TestResult.runProtected(TestResult.java:142)
	at junit.framework.TestResult.run(TestResult.java:125)
	at junit.framework.TestCase.run(TestCase.java:129)
	at junit.framework.TestSuite.runTest(TestSuite.java:255)
	at junit.framework.TestSuite.run(TestSuite.java:250)
	at org.junit.internal.runners.JUnit38ClassRunner.run(JUnit38ClassRunner.java:84)
	at org.junit.runners.Suite.runChild(Suite.java:127)
	at org.junit.runners.Suite.runChild(Suite.java:26)
	at org.junit.runners.ParentRunner$3.run(ParentRunner.java:238)
	at org.junit.runners.ParentRunner$1.schedule(ParentRunner.java:63)
	at org.junit.runners.ParentRunner.runChildren(ParentRunner.java:236)
	at org.junit.runners.ParentRunner.access$000(ParentRunner.java:53)
	at org.junit.runners.ParentRunner$2.evaluate(ParentRunner.java:229)
	at org.junit.runners.ParentRunner.run(ParentRunner.java:309)
	at eu.stamp_project.testrunner.runner.JUnit4Runner.run(JUnit4Runner.java:63)
	at eu.stamp_project.testrunner.runner.JUnit4Runner.main(JUnit4Runner.java:27)
junit.framework.ComparisonFailure: expected:<...lid delimiter string[] @[(q2 5[gpbL[{$QV5:...> but was:<...lid delimiter string[: =toolong] @[(q2 5[gpbL[{$QV5:...>
	at junit.framework.Assert.assertEquals(Assert.java:100)
	at junit.framework.Assert.assertEquals(Assert.java:107)
	at junit.framework.TestCase.assertEquals(TestCase.java:269)
	at com.github.mustachejava.InterpreterTest.testInvalidDelimiters_literalMutationString7_failAssert0(InterpreterTest.java:277)
	at sun.reflect.NativeMethodAccessorImpl.invoke0(Native Method)
	at sun.reflect.NativeMethodAccessorImpl.invoke(NativeMethodAccessorImpl.java:62)
	at sun.reflect.DelegatingMethodAccessorImpl.invoke(DelegatingMethodAccessorImpl.java:43)
	at java.lang.reflect.Method.invoke(Method.java:498)
	at junit.framework.TestCase.runTest(TestCase.java:176)
	at junit.framework.TestCase.runBare(TestCase.java:141)
	at junit.framework.TestResult$1.protect(TestResult.java:122)
	at junit.framework.TestResult.runProtected(TestResult.java:142)
	at junit.framework.TestResult.run(TestResult.java:125)
	at junit.framework.TestCase.run(TestCase.java:129)
	at junit.framework.TestSuite.runTest(TestSuite.java:255)
	at junit.framework.TestSuite.run(TestSuite.java:250)
	at org.junit.internal.runners.JUnit38ClassRunner.run(JUnit38ClassRunner.java:84)
	at org.junit.runners.Suite.runChild(Suite.java:127)
	at org.junit.runners.Suite.runChild(Suite.java:26)
	at org.junit.runners.ParentRunner$3.run(ParentRunner.java:238)
	at org.junit.runners.ParentRunner$1.schedule(ParentRunner.java:63)
	at org.junit.runners.ParentRunner.runChildren(ParentRunner.java:236)
	at org.junit.runners.ParentRunner.access$000(ParentRunner.java:53)
	at org.junit.runners.ParentRunner$2.evaluate(ParentRunner.java:229)
	at org.junit.runners.ParentRunner.run(ParentRunner.java:309)
	at eu.stamp_project.testrunner.runner.JUnit4Runner.run(JUnit4Runner.java:63)
	at eu.stamp_project.testrunner.runner.JUnit4Runner.main(JUnit4Runner.java:27)
junit.framework.ComparisonFailure: expected:<...lid delimiter string[] @[testInvalidDelimi...> but was:<...lid delimiter string[: =toolong] @[testInvalidDelimi...>
	at junit.framework.Assert.assertEquals(Assert.java:100)
	at junit.framework.Assert.assertEquals(Assert.java:107)
	at junit.framework.TestCase.assertEquals(TestCase.java:269)
	at com.github.mustachejava.InterpreterTest.testInvalidDelimiters_failAssert0(InterpreterTest.java:140)
	at sun.reflect.NativeMethodAccessorImpl.invoke0(Native Method)
	at sun.reflect.NativeMethodAccessorImpl.invoke(NativeMethodAccessorImpl.java:62)
	at sun.reflect.DelegatingMethodAccessorImpl.invoke(DelegatingMethodAccessorImpl.java:43)
	at java.lang.reflect.Method.invoke(Method.java:498)
	at junit.framework.TestCase.runTest(TestCase.java:176)
	at junit.framework.TestCase.runBare(TestCase.java:141)
	at junit.framework.TestResult$1.protect(TestResult.java:122)
	at junit.framework.TestResult.runProtected(TestResult.java:142)
	at junit.framework.TestResult.run(TestResult.java:125)
	at junit.framework.TestCase.run(TestCase.java:129)
	at junit.framework.TestSuite.runTest(TestSuite.java:255)
	at junit.framework.TestSuite.run(TestSuite.java:250)
	at org.junit.internal.runners.JUnit38ClassRunner.run(JUnit38ClassRunner.java:84)
	at org.junit.runners.Suite.runChild(Suite.java:127)
	at org.junit.runners.Suite.runChild(Suite.java:26)
	at org.junit.runners.ParentRunner$3.run(ParentRunner.java:238)
	at org.junit.runners.ParentRunner$1.schedule(ParentRunner.java:63)
	at org.junit.runners.ParentRunner.runChildren(ParentRunner.java:236)
	at org.junit.runners.ParentRunner.access$000(ParentRunner.java:53)
	at org.junit.runners.ParentRunner$2.evaluate(ParentRunner.java:229)
	at org.junit.runners.ParentRunner.run(ParentRunner.java:309)
	at eu.stamp_project.testrunner.runner.JUnit4Runner.run(JUnit4Runner.java:63)
	at eu.stamp_project.testrunner.runner.JUnit4Runner.main(JUnit4Runner.java:27)
junit.framework.ComparisonFailure: expected:<...lid delimiter string[] @[testInvalidDelimi...> but was:<...lid delimiter string[: =toolong] @[testInvalidDelimi...>
	at junit.framework.Assert.assertEquals(Assert.java:100)
	at junit.framework.Assert.assertEquals(Assert.java:107)
	at junit.framework.TestCase.assertEquals(TestCase.java:269)
	at com.github.mustachejava.InterpreterTest.testInvalidDelimiters_add14_failAssert0(InterpreterTest.java:205)
	at sun.reflect.NativeMethodAccessorImpl.invoke0(Native Method)
	at sun.reflect.NativeMethodAccessorImpl.invoke(NativeMethodAccessorImpl.java:62)
	at sun.reflect.DelegatingMethodAccessorImpl.invoke(DelegatingMethodAccessorImpl.java:43)
	at java.lang.reflect.Method.invoke(Method.java:498)
	at junit.framework.TestCase.runTest(TestCase.java:176)
	at junit.framework.TestCase.runBare(TestCase.java:141)
	at junit.framework.TestResult$1.protect(TestResult.java:122)
	at junit.framework.TestResult.runProtected(TestResult.java:142)
	at junit.framework.TestResult.run(TestResult.java:125)
	at junit.framework.TestCase.run(TestCase.java:129)
	at junit.framework.TestSuite.runTest(TestSuite.java:255)
	at junit.framework.TestSuite.run(TestSuite.java:250)
	at org.junit.internal.runners.JUnit38ClassRunner.run(JUnit38ClassRunner.java:84)
	at org.junit.runners.Suite.runChild(Suite.java:127)
	at org.junit.runners.Suite.runChild(Suite.java:26)
	at org.junit.runners.ParentRunner$3.run(ParentRunner.java:238)
	at org.junit.runners.ParentRunner$1.schedule(ParentRunner.java:63)
	at org.junit.runners.ParentRunner.runChildren(ParentRunner.java:236)
	at org.junit.runners.ParentRunner.access$000(ParentRunner.java:53)
	at org.junit.runners.ParentRunner$2.evaluate(ParentRunner.java:229)
	at org.junit.runners.ParentRunner.run(ParentRunner.java:309)
	at eu.stamp_project.testrunner.runner.JUnit4Runner.run(JUnit4Runner.java:63)
	at eu.stamp_project.testrunner.runner.JUnit4Runner.main(JUnit4Runner.java:27)
junit.framework.ComparisonFailure: expected:<...lid delimiter string[] @[:1]> but was:<...lid delimiter string[: =toolong] @[:1]>
	at junit.framework.Assert.assertEquals(Assert.java:100)
	at junit.framework.Assert.assertEquals(Assert.java:107)
	at junit.framework.TestCase.assertEquals(TestCase.java:269)
	at com.github.mustachejava.InterpreterTest.testInvalidDelimiters_literalMutationString8_failAssert0(InterpreterTest.java:265)
	at sun.reflect.NativeMethodAccessorImpl.invoke0(Native Method)
	at sun.reflect.NativeMethodAccessorImpl.invoke(NativeMethodAccessorImpl.java:62)
	at sun.reflect.DelegatingMethodAccessorImpl.invoke(DelegatingMethodAccessorImpl.java:43)
	at java.lang.reflect.Method.invoke(Method.java:498)
	at junit.framework.TestCase.runTest(TestCase.java:176)
	at junit.framework.TestCase.runBare(TestCase.java:141)
	at junit.framework.TestResult$1.protect(TestResult.java:122)
	at junit.framework.TestResult.runProtected(TestResult.java:142)
	at junit.framework.TestResult.run(TestResult.java:125)
	at junit.framework.TestCase.run(TestCase.java:129)
	at junit.framework.TestSuite.runTest(TestSuite.java:255)
	at junit.framework.TestSuite.run(TestSuite.java:250)
	at org.junit.internal.runners.JUnit38ClassRunner.run(JUnit38ClassRunner.java:84)
	at org.junit.runners.Suite.runChild(Suite.java:127)
	at org.junit.runners.Suite.runChild(Suite.java:26)
	at org.junit.runners.ParentRunner$3.run(ParentRunner.java:238)
	at org.junit.runners.ParentRunner$1.schedule(ParentRunner.java:63)
	at org.junit.runners.ParentRunner.runChildren(ParentRunner.java:236)
	at org.junit.runners.ParentRunner.access$000(ParentRunner.java:53)
	at org.junit.runners.ParentRunner$2.evaluate(ParentRunner.java:229)
	at org.junit.runners.ParentRunner.run(ParentRunner.java:309)
	at eu.stamp_project.testrunner.runner.JUnit4Runner.run(JUnit4Runner.java:63)
	at eu.stamp_project.testrunner.runner.JUnit4Runner.main(JUnit4Runner.java:27)
junit.framework.ComparisonFailure: expected:<...lid delimiter string[] @[null:1]> but was:<...lid delimiter string[: =toolong] @[null:1]>
	at junit.framework.Assert.assertEquals(Assert.java:100)
	at junit.framework.Assert.assertEquals(Assert.java:107)
	at junit.framework.TestCase.assertEquals(TestCase.java:269)
	at com.github.mustachejava.InterpreterTest.testInvalidDelimitersnull15_failAssert0(InterpreterTest.java:179)
	at sun.reflect.NativeMethodAccessorImpl.invoke0(Native Method)
	at sun.reflect.NativeMethodAccessorImpl.invoke(NativeMethodAccessorImpl.java:62)
	at sun.reflect.DelegatingMethodAccessorImpl.invoke(DelegatingMethodAccessorImpl.java:43)
	at java.lang.reflect.Method.invoke(Method.java:498)
	at junit.framework.TestCase.runTest(TestCase.java:176)
	at junit.framework.TestCase.runBare(TestCase.java:141)
	at junit.framework.TestResult$1.protect(TestResult.java:122)
	at junit.framework.TestResult.runProtected(TestResult.java:142)
	at junit.framework.TestResult.run(TestResult.java:125)
	at junit.framework.TestCase.run(TestCase.java:129)
	at junit.framework.TestSuite.runTest(TestSuite.java:255)
	at junit.framework.TestSuite.run(TestSuite.java:250)
	at org.junit.internal.runners.JUnit38ClassRunner.run(JUnit38ClassRunner.java:84)
	at org.junit.runners.Suite.runChild(Suite.java:127)
	at org.junit.runners.Suite.runChild(Suite.java:26)
	at org.junit.runners.ParentRunner$3.run(ParentRunner.java:238)
	at org.junit.runners.ParentRunner$1.schedule(ParentRunner.java:63)
	at org.junit.runners.ParentRunner.runChildren(ParentRunner.java:236)
	at org.junit.runners.ParentRunner.access$000(ParentRunner.java:53)
	at org.junit.runners.ParentRunner$2.evaluate(ParentRunner.java:229)
	at org.junit.runners.ParentRunner.run(ParentRunner.java:309)
	at eu.stamp_project.testrunner.runner.JUnit4Runner.run(JUnit4Runner.java:63)
	at eu.stamp_project.testrunner.runner.JUnit4Runner.main(JUnit4Runner.java:27)
junit.framework.ComparisonFailure: expected:<...lid delimiter string[] @[testInvalidDelimi...> but was:<...lid delimiter string[: =tool*ng] @[testInvalidDelimi...>
	at junit.framework.Assert.assertEquals(Assert.java:100)
	at junit.framework.Assert.assertEquals(Assert.java:107)
	at junit.framework.TestCase.assertEquals(TestCase.java:269)
	at com.github.mustachejava.InterpreterTest.testInvalidDelimiters_literalMutationString5_failAssert0(InterpreterTest.java:313)
	at sun.reflect.NativeMethodAccessorImpl.invoke0(Native Method)
	at sun.reflect.NativeMethodAccessorImpl.invoke(NativeMethodAccessorImpl.java:62)
	at sun.reflect.DelegatingMethodAccessorImpl.invoke(DelegatingMethodAccessorImpl.java:43)
	at java.lang.reflect.Method.invoke(Method.java:498)
	at junit.framework.TestCase.runTest(TestCase.java:176)
	at junit.framework.TestCase.runBare(TestCase.java:141)
	at junit.framework.TestResult$1.protect(TestResult.java:122)
	at junit.framework.TestResult.runProtected(TestResult.java:142)
	at junit.framework.TestResult.run(TestResult.java:125)
	at junit.framework.TestCase.run(TestCase.java:129)
	at junit.framework.TestSuite.runTest(TestSuite.java:255)
	at junit.framework.TestSuite.run(TestSuite.java:250)
	at org.junit.internal.runners.JUnit38ClassRunner.run(JUnit38ClassRunner.java:84)
	at org.junit.runners.Suite.runChild(Suite.java:127)
	at org.junit.runners.Suite.runChild(Suite.java:26)
	at org.junit.runners.ParentRunner$3.run(ParentRunner.java:238)
	at org.junit.runners.ParentRunner$1.schedule(ParentRunner.java:63)
	at org.junit.runners.ParentRunner.runChildren(ParentRunner.java:236)
	at org.junit.runners.ParentRunner.access$000(ParentRunner.java:53)
	at org.junit.runners.ParentRunner$2.evaluate(ParentRunner.java:229)
	at org.junit.runners.ParentRunner.run(ParentRunner.java:309)
	at eu.stamp_project.testrunner.runner.JUnit4Runner.run(JUnit4Runner.java:63)
	at eu.stamp_project.testrunner.runner.JUnit4Runner.main(JUnit4Runner.java:27)
junit.framework.ComparisonFailure: expected:<...lid delimiter string[] @[testInvalidDelimi...> but was:<...lid delimiter string[: =t}oolong] @[testInvalidDelimi...>
	at junit.framework.Assert.assertEquals(Assert.java:100)
	at junit.framework.Assert.assertEquals(Assert.java:107)
	at junit.framework.TestCase.assertEquals(TestCase.java:269)
	at com.github.mustachejava.InterpreterTest.testInvalidDelimiters_literalMutationString6_failAssert0(InterpreterTest.java:301)
	at sun.reflect.NativeMethodAccessorImpl.invoke0(Native Method)
	at sun.reflect.NativeMethodAccessorImpl.invoke(NativeMethodAccessorImpl.java:62)
	at sun.reflect.DelegatingMethodAccessorImpl.invoke(DelegatingMethodAccessorImpl.java:43)
	at java.lang.reflect.Method.invoke(Method.java:498)
	at junit.framework.TestCase.runTest(TestCase.java:176)
	at junit.framework.TestCase.runBare(TestCase.java:141)
	at junit.framework.TestResult$1.protect(TestResult.java:122)
	at junit.framework.TestResult.runProtected(TestResult.java:142)
	at junit.framework.TestResult.run(TestResult.java:125)
	at junit.framework.TestCase.run(TestCase.java:129)
	at junit.framework.TestSuite.runTest(TestSuite.java:255)
	at junit.framework.TestSuite.run(TestSuite.java:250)
	at org.junit.internal.runners.JUnit38ClassRunner.run(JUnit38ClassRunner.java:84)
	at org.junit.runners.Suite.runChild(Suite.java:127)
	at org.junit.runners.Suite.runChild(Suite.java:26)
	at org.junit.runners.ParentRunner$3.run(ParentRunner.java:238)
	at org.junit.runners.ParentRunner$1.schedule(ParentRunner.java:63)
	at org.junit.runners.ParentRunner.runChildren(ParentRunner.java:236)
	at org.junit.runners.ParentRunner.access$000(ParentRunner.java:53)
	at org.junit.runners.ParentRunner$2.evaluate(ParentRunner.java:229)
	at org.junit.runners.ParentRunner.run(ParentRunner.java:309)
	at eu.stamp_project.testrunner.runner.JUnit4Runner.run(JUnit4Runner.java:63)
	at eu.stamp_project.testrunner.runner.JUnit4Runner.main(JUnit4Runner.java:27)

[INFO] Writing report in /tmp/dspot-experiments/results/april-2019/mustache.java/commit_3_88718bc/input_amplification/1/report.txt
[INFO] DSpot amplified your test suite without errors. (no errors report will be outputted)
[INFO] The amplification ends up with 13 amplified test methods over 1 test classes.
[INFO] Print com.github.mustachejava.AmplInterpreterTest.java with 13 amplified test cases in /tmp/dspot-experiments/results/april-2019/mustache.java/commit_3_88718bc/input_amplification/1
[INFO] ------------------------------------------------------------------------
[INFO] BUILD SUCCESS
[INFO] ------------------------------------------------------------------------
[INFO] Total time: 01:27 min
[INFO] Finished at: 2019-05-07T16:44:19+02:00
[INFO] Final Memory: 45M/2033M
[INFO] ------------------------------------------------------------------------
