[INFO] 2019-05-03 13:18:17 RepositoriesSetter - {dataset/april-2019/mustache.java} Cleaning local repository...
[INFO] 2019-05-03 13:18:17 RepositoriesSetter - Checkout 6d7225c1e7c3b77c3a0f4441936de85769ac17e1 revision...
[INFO] 2019-05-03 13:18:17 RepositoriesSetter - {dataset/april-2019/mustache.java_parent} Cleaning local repository...
[INFO] 2019-05-03 13:18:18 RepositoriesSetter - Checkout 8ac71b72a840a7debc676f1093b399030e25f8aa revision...
2019-05-03 20:26:03,036 INFO eu.stamp_project.dci.repositories.RepositoriesSetter - {dataset/april-2019/mustache.java} Cleaning local repository...
2019-05-03 20:26:03,215 INFO eu.stamp_project.dci.repositories.RepositoriesSetter - Checkout 6d7225c1e7c3b77c3a0f4441936de85769ac17e1 revision...
2019-05-03 20:26:03,299 INFO eu.stamp_project.dci.repositories.RepositoriesSetter - {dataset/april-2019/mustache.java_parent} Cleaning local repository...
2019-05-03 20:26:03,348 INFO eu.stamp_project.dci.repositories.RepositoriesSetter - Checkout 8ac71b72a840a7debc676f1093b399030e25f8aa revision...
2019-05-03 20:39:05,914 INFO eu.stamp_project.dci.repositories.RepositoriesSetter - {dataset/april-2019/mustache.java} Cleaning local repository...
2019-05-03 20:39:06,057 INFO eu.stamp_project.dci.repositories.RepositoriesSetter - Checkout 6d7225c1e7c3b77c3a0f4441936de85769ac17e1 revision...
2019-05-03 20:39:06,117 INFO eu.stamp_project.dci.repositories.RepositoriesSetter - {dataset/april-2019/mustache.java_parent} Cleaning local repository...
2019-05-03 20:39:06,151 INFO eu.stamp_project.dci.repositories.RepositoriesSetter - Checkout 8ac71b72a840a7debc676f1093b399030e25f8aa revision...
2019-05-06 16:47:31,190 INFO eu.stamp_project.dci.repositories.RepositoriesSetter - {dataset/april-2019/mustache.java} Cleaning local repository...
2019-05-06 16:47:31,305 INFO eu.stamp_project.dci.repositories.RepositoriesSetter - Checkout 6d7225c1e7c3b77c3a0f4441936de85769ac17e1 revision...
2019-05-06 16:47:31,369 INFO eu.stamp_project.dci.repositories.RepositoriesSetter - {dataset/april-2019/mustache.java_parent} Cleaning local repository...
2019-05-06 16:47:31,401 INFO eu.stamp_project.dci.repositories.RepositoriesSetter - Checkout 8ac71b72a840a7debc676f1093b399030e25f8aa revision...
2019-05-07 16:44:46,212 INFO eu.stamp_project.dci.repositories.RepositoriesSetter - {dataset/april-2019/mustache.java} Cleaning local repository...
2019-05-07 16:44:46,339 INFO eu.stamp_project.dci.repositories.RepositoriesSetter - Checkout 6d7225c1e7c3b77c3a0f4441936de85769ac17e1 revision...
2019-05-07 16:44:46,400 INFO eu.stamp_project.dci.repositories.RepositoriesSetter - {dataset/april-2019/mustache.java_parent} Cleaning local repository...
2019-05-07 16:44:46,432 INFO eu.stamp_project.dci.repositories.RepositoriesSetter - Checkout 8ac71b72a840a7debc676f1093b399030e25f8aa revision...
