[INFO] Scanning for projects...
[INFO]                                                                         
[INFO] ------------------------------------------------------------------------
[INFO] Building JavaPoet 1.12.0-SNAPSHOT
[INFO] ------------------------------------------------------------------------
[INFO] 
[INFO] --- maven-clean-plugin:2.5:clean (default-clean) @ javapoet ---
[INFO] Deleting /tmp/dspot-experiments/dataset/javapoet/target
[INFO] 
[INFO] --- maven-enforcer-plugin:1.0:enforce (enforce-maven) @ javapoet ---
[INFO] 
[INFO] --- maven-resources-plugin:2.6:resources (default-resources) @ javapoet ---
[INFO] Using 'UTF-8' encoding to copy filtered resources.
[INFO] skip non existing resourceDirectory /tmp/dspot-experiments/dataset/javapoet/src/main/resources
[INFO] 
[INFO] --- maven-compiler-plugin:3.7.0:compile (default-compile) @ javapoet ---
[INFO] Changes detected - recompiling the module!
[INFO] Compiling 17 source files to /tmp/dspot-experiments/dataset/javapoet/target/classes
[INFO] 
[INFO] --- maven-resources-plugin:2.6:testResources (default-testResources) @ javapoet ---
[INFO] Using 'UTF-8' encoding to copy filtered resources.
[INFO] skip non existing resourceDirectory /tmp/dspot-experiments/dataset/javapoet/src/test/resources
[INFO] 
[INFO] --- maven-compiler-plugin:3.7.0:testCompile (default-testCompile) @ javapoet ---
[INFO] Changes detected - recompiling the module!
[INFO] Compiling 21 source files to /tmp/dspot-experiments/dataset/javapoet/target/test-classes
[INFO] -------------------------------------------------------------
[ERROR] COMPILATION ERROR : 
[INFO] -------------------------------------------------------------
[ERROR] /tmp/dspot-experiments/dataset/javapoet/src/test/java/AmplTypeNameTest.java:[54,28] cannot find symbol
  symbol:   method isAnnotated()
  location: class com.squareup.javapoet.AmplTypeNameTest
[ERROR] /tmp/dspot-experiments/dataset/javapoet/src/test/java/AmplTypeNameTest.java:[55,28] cannot find symbol
  symbol:   method isBoxedPrimitive()
  location: class com.squareup.javapoet.AmplTypeNameTest
[ERROR] /tmp/dspot-experiments/dataset/javapoet/src/test/java/AmplTypeNameTest.java:[58,28] cannot find symbol
  symbol:   method isPrimitive()
  location: class com.squareup.javapoet.AmplTypeNameTest
[ERROR] /tmp/dspot-experiments/dataset/javapoet/src/test/java/AmplTypeNameTest.java:[60,28] cannot find symbol
  symbol:   method isBoxedPrimitive()
  location: class com.squareup.javapoet.AmplTypeNameTest
[ERROR] /tmp/dspot-experiments/dataset/javapoet/src/test/java/AmplTypeNameTest.java:[61,28] cannot find symbol
  symbol:   method isAnnotated()
  location: class com.squareup.javapoet.AmplTypeNameTest
[ERROR] /tmp/dspot-experiments/dataset/javapoet/src/test/java/AmplTypeNameTest.java:[64,28] cannot find symbol
  symbol:   method isPrimitive()
  location: class com.squareup.javapoet.AmplTypeNameTest
[ERROR] /tmp/dspot-experiments/dataset/javapoet/src/test/java/AmplTypeNameTest.java:[66,28] cannot find symbol
  symbol:   method isBoxedPrimitive()
  location: class com.squareup.javapoet.AmplTypeNameTest
[ERROR] /tmp/dspot-experiments/dataset/javapoet/src/test/java/AmplTypeNameTest.java:[67,28] cannot find symbol
  symbol:   method isAnnotated()
  location: class com.squareup.javapoet.AmplTypeNameTest
[ERROR] /tmp/dspot-experiments/dataset/javapoet/src/test/java/AmplTypeNameTest.java:[70,28] cannot find symbol
  symbol:   method isPrimitive()
  location: class com.squareup.javapoet.AmplTypeNameTest
[ERROR] /tmp/dspot-experiments/dataset/javapoet/src/test/java/AmplTypeNameTest.java:[72,28] cannot find symbol
  symbol:   method isBoxedPrimitive()
  location: class com.squareup.javapoet.AmplTypeNameTest
[ERROR] /tmp/dspot-experiments/dataset/javapoet/src/test/java/AmplTypeNameTest.java:[73,28] cannot find symbol
  symbol:   method isAnnotated()
  location: class com.squareup.javapoet.AmplTypeNameTest
[ERROR] /tmp/dspot-experiments/dataset/javapoet/src/test/java/AmplTypeNameTest.java:[76,28] cannot find symbol
  symbol:   method isPrimitive()
  location: class com.squareup.javapoet.AmplTypeNameTest
[ERROR] /tmp/dspot-experiments/dataset/javapoet/src/test/java/AmplTypeNameTest.java:[77,28] cannot find symbol
  symbol:   method isAnnotated()
  location: class com.squareup.javapoet.AmplTypeNameTest
[ERROR] /tmp/dspot-experiments/dataset/javapoet/src/test/java/AmplTypeNameTest.java:[78,28] cannot find symbol
  symbol:   method isBoxedPrimitive()
  location: class com.squareup.javapoet.AmplTypeNameTest
[ERROR] /tmp/dspot-experiments/dataset/javapoet/src/test/java/AmplTypeNameTest.java:[81,28] cannot find symbol
  symbol:   method isPrimitive()
  location: class com.squareup.javapoet.AmplTypeNameTest
[ERROR] /tmp/dspot-experiments/dataset/javapoet/src/test/java/AmplTypeNameTest.java:[82,28] cannot find symbol
  symbol:   method isBoxedPrimitive()
  location: class com.squareup.javapoet.AmplTypeNameTest
[ERROR] /tmp/dspot-experiments/dataset/javapoet/src/test/java/AmplTypeNameTest.java:[83,28] cannot find symbol
  symbol:   method isAnnotated()
  location: class com.squareup.javapoet.AmplTypeNameTest
[ERROR] /tmp/dspot-experiments/dataset/javapoet/src/test/java/AmplTypeNameTest.java:[86,28] cannot find symbol
  symbol:   method isPrimitive()
  location: class com.squareup.javapoet.AmplTypeNameTest
[ERROR] /tmp/dspot-experiments/dataset/javapoet/src/test/java/AmplTypeNameTest.java:[87,28] cannot find symbol
  symbol:   method isBoxedPrimitive()
  location: class com.squareup.javapoet.AmplTypeNameTest
[ERROR] /tmp/dspot-experiments/dataset/javapoet/src/test/java/AmplTypeNameTest.java:[88,28] cannot find symbol
  symbol:   method isAnnotated()
  location: class com.squareup.javapoet.AmplTypeNameTest
[ERROR] /tmp/dspot-experiments/dataset/javapoet/src/test/java/AmplTypeNameTest.java:[91,28] cannot find symbol
  symbol:   method isPrimitive()
  location: class com.squareup.javapoet.AmplTypeNameTest
[ERROR] /tmp/dspot-experiments/dataset/javapoet/src/test/java/AmplTypeNameTest.java:[2010,28] cannot find symbol
  symbol:   method isAnnotated()
  location: class com.squareup.javapoet.AmplTypeNameTest
[ERROR] /tmp/dspot-experiments/dataset/javapoet/src/test/java/AmplTypeNameTest.java:[2011,28] cannot find symbol
  symbol:   method isBoxedPrimitive()
  location: class com.squareup.javapoet.AmplTypeNameTest
[ERROR] /tmp/dspot-experiments/dataset/javapoet/src/test/java/AmplTypeNameTest.java:[2014,28] cannot find symbol
  symbol:   method isPrimitive()
  location: class com.squareup.javapoet.AmplTypeNameTest
[ERROR] /tmp/dspot-experiments/dataset/javapoet/src/test/java/AmplTypeNameTest.java:[2017,28] cannot find symbol
  symbol:   method isAnnotated()
  location: class com.squareup.javapoet.AmplTypeNameTest
[ERROR] /tmp/dspot-experiments/dataset/javapoet/src/test/java/AmplTypeNameTest.java:[2018,28] cannot find symbol
  symbol:   method isBoxedPrimitive()
  location: class com.squareup.javapoet.AmplTypeNameTest
[ERROR] /tmp/dspot-experiments/dataset/javapoet/src/test/java/AmplTypeNameTest.java:[2021,28] cannot find symbol
  symbol:   method isPrimitive()
  location: class com.squareup.javapoet.AmplTypeNameTest
[ERROR] /tmp/dspot-experiments/dataset/javapoet/src/test/java/AmplTypeNameTest.java:[2023,28] cannot find symbol
  symbol:   method isAnnotated()
  location: class com.squareup.javapoet.AmplTypeNameTest
[ERROR] /tmp/dspot-experiments/dataset/javapoet/src/test/java/AmplTypeNameTest.java:[2024,28] cannot find symbol
  symbol:   method isBoxedPrimitive()
  location: class com.squareup.javapoet.AmplTypeNameTest
[ERROR] /tmp/dspot-experiments/dataset/javapoet/src/test/java/AmplTypeNameTest.java:[2027,28] cannot find symbol
  symbol:   method isPrimitive()
  location: class com.squareup.javapoet.AmplTypeNameTest
[ERROR] /tmp/dspot-experiments/dataset/javapoet/src/test/java/AmplTypeNameTest.java:[2030,28] cannot find symbol
  symbol:   method isAnnotated()
  location: class com.squareup.javapoet.AmplTypeNameTest
[ERROR] /tmp/dspot-experiments/dataset/javapoet/src/test/java/AmplTypeNameTest.java:[2031,28] cannot find symbol
  symbol:   method isBoxedPrimitive()
  location: class com.squareup.javapoet.AmplTypeNameTest
[ERROR] /tmp/dspot-experiments/dataset/javapoet/src/test/java/AmplTypeNameTest.java:[2034,28] cannot find symbol
  symbol:   method isPrimitive()
  location: class com.squareup.javapoet.AmplTypeNameTest
[ERROR] /tmp/dspot-experiments/dataset/javapoet/src/test/java/AmplTypeNameTest.java:[2035,28] cannot find symbol
  symbol:   method isAnnotated()
  location: class com.squareup.javapoet.AmplTypeNameTest
[ERROR] /tmp/dspot-experiments/dataset/javapoet/src/test/java/AmplTypeNameTest.java:[2036,28] cannot find symbol
  symbol:   method isBoxedPrimitive()
  location: class com.squareup.javapoet.AmplTypeNameTest
[ERROR] /tmp/dspot-experiments/dataset/javapoet/src/test/java/AmplTypeNameTest.java:[2039,28] cannot find symbol
  symbol:   method isPrimitive()
  location: class com.squareup.javapoet.AmplTypeNameTest
[ERROR] /tmp/dspot-experiments/dataset/javapoet/src/test/java/AmplTypeNameTest.java:[2040,28] cannot find symbol
  symbol:   method isAnnotated()
  location: class com.squareup.javapoet.AmplTypeNameTest
[ERROR] /tmp/dspot-experiments/dataset/javapoet/src/test/java/AmplTypeNameTest.java:[2041,28] cannot find symbol
  symbol:   method isBoxedPrimitive()
  location: class com.squareup.javapoet.AmplTypeNameTest
[ERROR] /tmp/dspot-experiments/dataset/javapoet/src/test/java/AmplTypeNameTest.java:[2044,28] cannot find symbol
  symbol:   method isPrimitive()
  location: class com.squareup.javapoet.AmplTypeNameTest
[ERROR] /tmp/dspot-experiments/dataset/javapoet/src/test/java/AmplTypeNameTest.java:[3795,28] cannot find symbol
  symbol:   method isAnnotated()
  location: class com.squareup.javapoet.AmplTypeNameTest
[ERROR] /tmp/dspot-experiments/dataset/javapoet/src/test/java/AmplTypeNameTest.java:[3796,28] cannot find symbol
  symbol:   method isBoxedPrimitive()
  location: class com.squareup.javapoet.AmplTypeNameTest
[ERROR] /tmp/dspot-experiments/dataset/javapoet/src/test/java/AmplTypeNameTest.java:[3799,28] cannot find symbol
  symbol:   method isPrimitive()
  location: class com.squareup.javapoet.AmplTypeNameTest
[ERROR] /tmp/dspot-experiments/dataset/javapoet/src/test/java/AmplTypeNameTest.java:[3801,28] cannot find symbol
  symbol:   method isAnnotated()
  location: class com.squareup.javapoet.AmplTypeNameTest
[ERROR] /tmp/dspot-experiments/dataset/javapoet/src/test/java/AmplTypeNameTest.java:[3802,28] cannot find symbol
  symbol:   method isBoxedPrimitive()
  location: class com.squareup.javapoet.AmplTypeNameTest
[ERROR] /tmp/dspot-experiments/dataset/javapoet/src/test/java/AmplTypeNameTest.java:[3805,28] cannot find symbol
  symbol:   method isPrimitive()
  location: class com.squareup.javapoet.AmplTypeNameTest
[ERROR] /tmp/dspot-experiments/dataset/javapoet/src/test/java/AmplTypeNameTest.java:[3807,28] cannot find symbol
  symbol:   method isAnnotated()
  location: class com.squareup.javapoet.AmplTypeNameTest
[ERROR] /tmp/dspot-experiments/dataset/javapoet/src/test/java/AmplTypeNameTest.java:[3808,28] cannot find symbol
  symbol:   method isBoxedPrimitive()
  location: class com.squareup.javapoet.AmplTypeNameTest
[ERROR] /tmp/dspot-experiments/dataset/javapoet/src/test/java/AmplTypeNameTest.java:[3811,28] cannot find symbol
  symbol:   method isPrimitive()
  location: class com.squareup.javapoet.AmplTypeNameTest
[ERROR] /tmp/dspot-experiments/dataset/javapoet/src/test/java/AmplTypeNameTest.java:[3814,28] cannot find symbol
  symbol:   method isAnnotated()
  location: class com.squareup.javapoet.AmplTypeNameTest
[ERROR] /tmp/dspot-experiments/dataset/javapoet/src/test/java/AmplTypeNameTest.java:[3815,28] cannot find symbol
  symbol:   method isBoxedPrimitive()
  location: class com.squareup.javapoet.AmplTypeNameTest
[ERROR] /tmp/dspot-experiments/dataset/javapoet/src/test/java/AmplTypeNameTest.java:[3818,28] cannot find symbol
  symbol:   method isPrimitive()
  location: class com.squareup.javapoet.AmplTypeNameTest
[ERROR] /tmp/dspot-experiments/dataset/javapoet/src/test/java/AmplTypeNameTest.java:[3819,28] cannot find symbol
  symbol:   method isAnnotated()
  location: class com.squareup.javapoet.AmplTypeNameTest
[ERROR] /tmp/dspot-experiments/dataset/javapoet/src/test/java/AmplTypeNameTest.java:[3820,28] cannot find symbol
  symbol:   method isBoxedPrimitive()
  location: class com.squareup.javapoet.AmplTypeNameTest
[ERROR] /tmp/dspot-experiments/dataset/javapoet/src/test/java/AmplTypeNameTest.java:[3823,28] cannot find symbol
  symbol:   method isPrimitive()
  location: class com.squareup.javapoet.AmplTypeNameTest
[ERROR] /tmp/dspot-experiments/dataset/javapoet/src/test/java/AmplTypeNameTest.java:[3824,28] cannot find symbol
  symbol:   method isAnnotated()
  location: class com.squareup.javapoet.AmplTypeNameTest
[ERROR] /tmp/dspot-experiments/dataset/javapoet/src/test/java/AmplTypeNameTest.java:[3825,28] cannot find symbol
  symbol:   method isBoxedPrimitive()
  location: class com.squareup.javapoet.AmplTypeNameTest
[ERROR] /tmp/dspot-experiments/dataset/javapoet/src/test/java/AmplTypeNameTest.java:[3828,28] cannot find symbol
  symbol:   method isPrimitive()
  location: class com.squareup.javapoet.AmplTypeNameTest
[ERROR] /tmp/dspot-experiments/dataset/javapoet/src/test/java/AmplTypeNameTest.java:[3829,28] cannot find symbol
  symbol:   method isAnnotated()
  location: class com.squareup.javapoet.AmplTypeNameTest
[ERROR] /tmp/dspot-experiments/dataset/javapoet/src/test/java/AmplTypeNameTest.java:[3830,28] cannot find symbol
  symbol:   method isBoxedPrimitive()
  location: class com.squareup.javapoet.AmplTypeNameTest
[ERROR] /tmp/dspot-experiments/dataset/javapoet/src/test/java/AmplTypeNameTest.java:[3833,28] cannot find symbol
  symbol:   method isPrimitive()
  location: class com.squareup.javapoet.AmplTypeNameTest
[ERROR] /tmp/dspot-experiments/dataset/javapoet/src/test/java/AmplTypeNameTest.java:[3856,28] cannot find symbol
  symbol:   method isAnnotated()
  location: class com.squareup.javapoet.AmplTypeNameTest
[ERROR] /tmp/dspot-experiments/dataset/javapoet/src/test/java/AmplTypeNameTest.java:[3857,28] cannot find symbol
  symbol:   method isBoxedPrimitive()
  location: class com.squareup.javapoet.AmplTypeNameTest
[ERROR] /tmp/dspot-experiments/dataset/javapoet/src/test/java/AmplTypeNameTest.java:[3860,28] cannot find symbol
  symbol:   method isPrimitive()
  location: class com.squareup.javapoet.AmplTypeNameTest
[ERROR] /tmp/dspot-experiments/dataset/javapoet/src/test/java/AmplTypeNameTest.java:[3862,28] cannot find symbol
  symbol:   method isAnnotated()
  location: class com.squareup.javapoet.AmplTypeNameTest
[ERROR] /tmp/dspot-experiments/dataset/javapoet/src/test/java/AmplTypeNameTest.java:[3863,28] cannot find symbol
  symbol:   method isBoxedPrimitive()
  location: class com.squareup.javapoet.AmplTypeNameTest
[ERROR] /tmp/dspot-experiments/dataset/javapoet/src/test/java/AmplTypeNameTest.java:[3866,28] cannot find symbol
  symbol:   method isPrimitive()
  location: class com.squareup.javapoet.AmplTypeNameTest
[ERROR] /tmp/dspot-experiments/dataset/javapoet/src/test/java/AmplTypeNameTest.java:[3868,28] cannot find symbol
  symbol:   method isAnnotated()
  location: class com.squareup.javapoet.AmplTypeNameTest
[ERROR] /tmp/dspot-experiments/dataset/javapoet/src/test/java/AmplTypeNameTest.java:[3869,28] cannot find symbol
  symbol:   method isBoxedPrimitive()
  location: class com.squareup.javapoet.AmplTypeNameTest
[ERROR] /tmp/dspot-experiments/dataset/javapoet/src/test/java/AmplTypeNameTest.java:[3872,28] cannot find symbol
  symbol:   method isPrimitive()
  location: class com.squareup.javapoet.AmplTypeNameTest
[ERROR] /tmp/dspot-experiments/dataset/javapoet/src/test/java/AmplTypeNameTest.java:[3875,28] cannot find symbol
  symbol:   method isAnnotated()
  location: class com.squareup.javapoet.AmplTypeNameTest
[ERROR] /tmp/dspot-experiments/dataset/javapoet/src/test/java/AmplTypeNameTest.java:[3876,28] cannot find symbol
  symbol:   method isBoxedPrimitive()
  location: class com.squareup.javapoet.AmplTypeNameTest
[ERROR] /tmp/dspot-experiments/dataset/javapoet/src/test/java/AmplTypeNameTest.java:[3879,28] cannot find symbol
  symbol:   method isPrimitive()
  location: class com.squareup.javapoet.AmplTypeNameTest
[ERROR] /tmp/dspot-experiments/dataset/javapoet/src/test/java/AmplTypeNameTest.java:[3880,28] cannot find symbol
  symbol:   method isAnnotated()
  location: class com.squareup.javapoet.AmplTypeNameTest
[ERROR] /tmp/dspot-experiments/dataset/javapoet/src/test/java/AmplTypeNameTest.java:[3881,28] cannot find symbol
  symbol:   method isBoxedPrimitive()
  location: class com.squareup.javapoet.AmplTypeNameTest
[ERROR] /tmp/dspot-experiments/dataset/javapoet/src/test/java/AmplTypeNameTest.java:[3884,28] cannot find symbol
  symbol:   method isPrimitive()
  location: class com.squareup.javapoet.AmplTypeNameTest
[ERROR] /tmp/dspot-experiments/dataset/javapoet/src/test/java/AmplTypeNameTest.java:[3885,28] cannot find symbol
  symbol:   method isAnnotated()
  location: class com.squareup.javapoet.AmplTypeNameTest
[ERROR] /tmp/dspot-experiments/dataset/javapoet/src/test/java/AmplTypeNameTest.java:[3886,28] cannot find symbol
  symbol:   method isBoxedPrimitive()
  location: class com.squareup.javapoet.AmplTypeNameTest
[ERROR] /tmp/dspot-experiments/dataset/javapoet/src/test/java/AmplTypeNameTest.java:[3889,28] cannot find symbol
  symbol:   method isPrimitive()
  location: class com.squareup.javapoet.AmplTypeNameTest
[ERROR] /tmp/dspot-experiments/dataset/javapoet/src/test/java/AmplTypeNameTest.java:[3890,28] cannot find symbol
  symbol:   method isAnnotated()
  location: class com.squareup.javapoet.AmplTypeNameTest
[ERROR] /tmp/dspot-experiments/dataset/javapoet/src/test/java/AmplTypeNameTest.java:[3891,28] cannot find symbol
  symbol:   method isBoxedPrimitive()
  location: class com.squareup.javapoet.AmplTypeNameTest
[ERROR] /tmp/dspot-experiments/dataset/javapoet/src/test/java/AmplTypeNameTest.java:[3894,28] cannot find symbol
  symbol:   method isPrimitive()
  location: class com.squareup.javapoet.AmplTypeNameTest
[ERROR] /tmp/dspot-experiments/dataset/javapoet/src/test/java/AmplTypeNameTest.java:[3902,28] cannot find symbol
  symbol:   method isAnnotated()
  location: class com.squareup.javapoet.AmplTypeNameTest
[ERROR] /tmp/dspot-experiments/dataset/javapoet/src/test/java/AmplTypeNameTest.java:[3903,28] cannot find symbol
  symbol:   method isBoxedPrimitive()
  location: class com.squareup.javapoet.AmplTypeNameTest
[ERROR] /tmp/dspot-experiments/dataset/javapoet/src/test/java/AmplTypeNameTest.java:[3906,28] cannot find symbol
  symbol:   method isPrimitive()
  location: class com.squareup.javapoet.AmplTypeNameTest
[ERROR] /tmp/dspot-experiments/dataset/javapoet/src/test/java/AmplTypeNameTest.java:[3909,28] cannot find symbol
  symbol:   method isAnnotated()
  location: class com.squareup.javapoet.AmplTypeNameTest
[ERROR] /tmp/dspot-experiments/dataset/javapoet/src/test/java/AmplTypeNameTest.java:[3910,28] cannot find symbol
  symbol:   method isBoxedPrimitive()
  location: class com.squareup.javapoet.AmplTypeNameTest
[ERROR] /tmp/dspot-experiments/dataset/javapoet/src/test/java/AmplTypeNameTest.java:[3913,28] cannot find symbol
  symbol:   method isPrimitive()
  location: class com.squareup.javapoet.AmplTypeNameTest
[ERROR] /tmp/dspot-experiments/dataset/javapoet/src/test/java/AmplTypeNameTest.java:[3915,28] cannot find symbol
  symbol:   method isAnnotated()
  location: class com.squareup.javapoet.AmplTypeNameTest
[ERROR] /tmp/dspot-experiments/dataset/javapoet/src/test/java/AmplTypeNameTest.java:[3916,28] cannot find symbol
  symbol:   method isBoxedPrimitive()
  location: class com.squareup.javapoet.AmplTypeNameTest
[ERROR] /tmp/dspot-experiments/dataset/javapoet/src/test/java/AmplTypeNameTest.java:[3919,28] cannot find symbol
  symbol:   method isPrimitive()
  location: class com.squareup.javapoet.AmplTypeNameTest
[ERROR] /tmp/dspot-experiments/dataset/javapoet/src/test/java/AmplTypeNameTest.java:[3921,28] cannot find symbol
  symbol:   method isAnnotated()
  location: class com.squareup.javapoet.AmplTypeNameTest
[ERROR] /tmp/dspot-experiments/dataset/javapoet/src/test/java/AmplTypeNameTest.java:[3922,28] cannot find symbol
  symbol:   method isBoxedPrimitive()
  location: class com.squareup.javapoet.AmplTypeNameTest
[ERROR] /tmp/dspot-experiments/dataset/javapoet/src/test/java/AmplTypeNameTest.java:[3925,28] cannot find symbol
  symbol:   method isPrimitive()
  location: class com.squareup.javapoet.AmplTypeNameTest
[ERROR] /tmp/dspot-experiments/dataset/javapoet/src/test/java/AmplTypeNameTest.java:[3926,28] cannot find symbol
  symbol:   method isAnnotated()
  location: class com.squareup.javapoet.AmplTypeNameTest
[ERROR] /tmp/dspot-experiments/dataset/javapoet/src/test/java/AmplTypeNameTest.java:[3927,28] cannot find symbol
  symbol:   method isBoxedPrimitive()
  location: class com.squareup.javapoet.AmplTypeNameTest
[ERROR] /tmp/dspot-experiments/dataset/javapoet/src/test/java/AmplTypeNameTest.java:[3930,28] cannot find symbol
  symbol:   method isPrimitive()
  location: class com.squareup.javapoet.AmplTypeNameTest
[ERROR] /tmp/dspot-experiments/dataset/javapoet/src/test/java/AmplTypeNameTest.java:[3931,28] cannot find symbol
  symbol:   method isAnnotated()
  location: class com.squareup.javapoet.AmplTypeNameTest
[ERROR] /tmp/dspot-experiments/dataset/javapoet/src/test/java/AmplTypeNameTest.java:[3932,28] cannot find symbol
  symbol:   method isBoxedPrimitive()
  location: class com.squareup.javapoet.AmplTypeNameTest
[ERROR] /tmp/dspot-experiments/dataset/javapoet/src/test/java/AmplTypeNameTest.java:[3935,28] cannot find symbol
  symbol:   method isPrimitive()
  location: class com.squareup.javapoet.AmplTypeNameTest
[ERROR] /tmp/dspot-experiments/dataset/javapoet/src/test/java/AmplTypeNameTest.java:[3936,28] cannot find symbol
  symbol:   method isAnnotated()
  location: class com.squareup.javapoet.AmplTypeNameTest
[INFO] 100 errors 
[INFO] -------------------------------------------------------------
[INFO] ------------------------------------------------------------------------
[INFO] BUILD FAILURE
[INFO] ------------------------------------------------------------------------
[INFO] Total time: 15.954 s
[INFO] Finished at: 2018-08-07T13:40:41+02:00
[INFO] Final Memory: 54M/2365M
[INFO] ------------------------------------------------------------------------
[ERROR] Failed to execute goal org.apache.maven.plugins:maven-compiler-plugin:3.7.0:testCompile (default-testCompile) on project javapoet: Compilation failure: Compilation failure:
[ERROR] /tmp/dspot-experiments/dataset/javapoet/src/test/java/AmplTypeNameTest.java:[54,28] cannot find symbol
[ERROR] symbol:   method isAnnotated()
[ERROR] location: class com.squareup.javapoet.AmplTypeNameTest
[ERROR] /tmp/dspot-experiments/dataset/javapoet/src/test/java/AmplTypeNameTest.java:[55,28] cannot find symbol
[ERROR] symbol:   method isBoxedPrimitive()
[ERROR] location: class com.squareup.javapoet.AmplTypeNameTest
[ERROR] /tmp/dspot-experiments/dataset/javapoet/src/test/java/AmplTypeNameTest.java:[58,28] cannot find symbol
[ERROR] symbol:   method isPrimitive()
[ERROR] location: class com.squareup.javapoet.AmplTypeNameTest
[ERROR] /tmp/dspot-experiments/dataset/javapoet/src/test/java/AmplTypeNameTest.java:[60,28] cannot find symbol
[ERROR] symbol:   method isBoxedPrimitive()
[ERROR] location: class com.squareup.javapoet.AmplTypeNameTest
[ERROR] /tmp/dspot-experiments/dataset/javapoet/src/test/java/AmplTypeNameTest.java:[61,28] cannot find symbol
[ERROR] symbol:   method isAnnotated()
[ERROR] location: class com.squareup.javapoet.AmplTypeNameTest
[ERROR] /tmp/dspot-experiments/dataset/javapoet/src/test/java/AmplTypeNameTest.java:[64,28] cannot find symbol
[ERROR] symbol:   method isPrimitive()
[ERROR] location: class com.squareup.javapoet.AmplTypeNameTest
[ERROR] /tmp/dspot-experiments/dataset/javapoet/src/test/java/AmplTypeNameTest.java:[66,28] cannot find symbol
[ERROR] symbol:   method isBoxedPrimitive()
[ERROR] location: class com.squareup.javapoet.AmplTypeNameTest
[ERROR] /tmp/dspot-experiments/dataset/javapoet/src/test/java/AmplTypeNameTest.java:[67,28] cannot find symbol
[ERROR] symbol:   method isAnnotated()
[ERROR] location: class com.squareup.javapoet.AmplTypeNameTest
[ERROR] /tmp/dspot-experiments/dataset/javapoet/src/test/java/AmplTypeNameTest.java:[70,28] cannot find symbol
[ERROR] symbol:   method isPrimitive()
[ERROR] location: class com.squareup.javapoet.AmplTypeNameTest
[ERROR] /tmp/dspot-experiments/dataset/javapoet/src/test/java/AmplTypeNameTest.java:[72,28] cannot find symbol
[ERROR] symbol:   method isBoxedPrimitive()
[ERROR] location: class com.squareup.javapoet.AmplTypeNameTest
[ERROR] /tmp/dspot-experiments/dataset/javapoet/src/test/java/AmplTypeNameTest.java:[73,28] cannot find symbol
[ERROR] symbol:   method isAnnotated()
[ERROR] location: class com.squareup.javapoet.AmplTypeNameTest
[ERROR] /tmp/dspot-experiments/dataset/javapoet/src/test/java/AmplTypeNameTest.java:[76,28] cannot find symbol
[ERROR] symbol:   method isPrimitive()
[ERROR] location: class com.squareup.javapoet.AmplTypeNameTest
[ERROR] /tmp/dspot-experiments/dataset/javapoet/src/test/java/AmplTypeNameTest.java:[77,28] cannot find symbol
[ERROR] symbol:   method isAnnotated()
[ERROR] location: class com.squareup.javapoet.AmplTypeNameTest
[ERROR] /tmp/dspot-experiments/dataset/javapoet/src/test/java/AmplTypeNameTest.java:[78,28] cannot find symbol
[ERROR] symbol:   method isBoxedPrimitive()
[ERROR] location: class com.squareup.javapoet.AmplTypeNameTest
[ERROR] /tmp/dspot-experiments/dataset/javapoet/src/test/java/AmplTypeNameTest.java:[81,28] cannot find symbol
[ERROR] symbol:   method isPrimitive()
[ERROR] location: class com.squareup.javapoet.AmplTypeNameTest
[ERROR] /tmp/dspot-experiments/dataset/javapoet/src/test/java/AmplTypeNameTest.java:[82,28] cannot find symbol
[ERROR] symbol:   method isBoxedPrimitive()
[ERROR] location: class com.squareup.javapoet.AmplTypeNameTest
[ERROR] /tmp/dspot-experiments/dataset/javapoet/src/test/java/AmplTypeNameTest.java:[83,28] cannot find symbol
[ERROR] symbol:   method isAnnotated()
[ERROR] location: class com.squareup.javapoet.AmplTypeNameTest
[ERROR] /tmp/dspot-experiments/dataset/javapoet/src/test/java/AmplTypeNameTest.java:[86,28] cannot find symbol
[ERROR] symbol:   method isPrimitive()
[ERROR] location: class com.squareup.javapoet.AmplTypeNameTest
[ERROR] /tmp/dspot-experiments/dataset/javapoet/src/test/java/AmplTypeNameTest.java:[87,28] cannot find symbol
[ERROR] symbol:   method isBoxedPrimitive()
[ERROR] location: class com.squareup.javapoet.AmplTypeNameTest
[ERROR] /tmp/dspot-experiments/dataset/javapoet/src/test/java/AmplTypeNameTest.java:[88,28] cannot find symbol
[ERROR] symbol:   method isAnnotated()
[ERROR] location: class com.squareup.javapoet.AmplTypeNameTest
[ERROR] /tmp/dspot-experiments/dataset/javapoet/src/test/java/AmplTypeNameTest.java:[91,28] cannot find symbol
[ERROR] symbol:   method isPrimitive()
[ERROR] location: class com.squareup.javapoet.AmplTypeNameTest
[ERROR] /tmp/dspot-experiments/dataset/javapoet/src/test/java/AmplTypeNameTest.java:[2010,28] cannot find symbol
[ERROR] symbol:   method isAnnotated()
[ERROR] location: class com.squareup.javapoet.AmplTypeNameTest
[ERROR] /tmp/dspot-experiments/dataset/javapoet/src/test/java/AmplTypeNameTest.java:[2011,28] cannot find symbol
[ERROR] symbol:   method isBoxedPrimitive()
[ERROR] location: class com.squareup.javapoet.AmplTypeNameTest
[ERROR] /tmp/dspot-experiments/dataset/javapoet/src/test/java/AmplTypeNameTest.java:[2014,28] cannot find symbol
[ERROR] symbol:   method isPrimitive()
[ERROR] location: class com.squareup.javapoet.AmplTypeNameTest
[ERROR] /tmp/dspot-experiments/dataset/javapoet/src/test/java/AmplTypeNameTest.java:[2017,28] cannot find symbol
[ERROR] symbol:   method isAnnotated()
[ERROR] location: class com.squareup.javapoet.AmplTypeNameTest
[ERROR] /tmp/dspot-experiments/dataset/javapoet/src/test/java/AmplTypeNameTest.java:[2018,28] cannot find symbol
[ERROR] symbol:   method isBoxedPrimitive()
[ERROR] location: class com.squareup.javapoet.AmplTypeNameTest
[ERROR] /tmp/dspot-experiments/dataset/javapoet/src/test/java/AmplTypeNameTest.java:[2021,28] cannot find symbol
[ERROR] symbol:   method isPrimitive()
[ERROR] location: class com.squareup.javapoet.AmplTypeNameTest
[ERROR] /tmp/dspot-experiments/dataset/javapoet/src/test/java/AmplTypeNameTest.java:[2023,28] cannot find symbol
[ERROR] symbol:   method isAnnotated()
[ERROR] location: class com.squareup.javapoet.AmplTypeNameTest
[ERROR] /tmp/dspot-experiments/dataset/javapoet/src/test/java/AmplTypeNameTest.java:[2024,28] cannot find symbol
[ERROR] symbol:   method isBoxedPrimitive()
[ERROR] location: class com.squareup.javapoet.AmplTypeNameTest
[ERROR] /tmp/dspot-experiments/dataset/javapoet/src/test/java/AmplTypeNameTest.java:[2027,28] cannot find symbol
[ERROR] symbol:   method isPrimitive()
[ERROR] location: class com.squareup.javapoet.AmplTypeNameTest
[ERROR] /tmp/dspot-experiments/dataset/javapoet/src/test/java/AmplTypeNameTest.java:[2030,28] cannot find symbol
[ERROR] symbol:   method isAnnotated()
[ERROR] location: class com.squareup.javapoet.AmplTypeNameTest
[ERROR] /tmp/dspot-experiments/dataset/javapoet/src/test/java/AmplTypeNameTest.java:[2031,28] cannot find symbol
[ERROR] symbol:   method isBoxedPrimitive()
[ERROR] location: class com.squareup.javapoet.AmplTypeNameTest
[ERROR] /tmp/dspot-experiments/dataset/javapoet/src/test/java/AmplTypeNameTest.java:[2034,28] cannot find symbol
[ERROR] symbol:   method isPrimitive()
[ERROR] location: class com.squareup.javapoet.AmplTypeNameTest
[ERROR] /tmp/dspot-experiments/dataset/javapoet/src/test/java/AmplTypeNameTest.java:[2035,28] cannot find symbol
[ERROR] symbol:   method isAnnotated()
[ERROR] location: class com.squareup.javapoet.AmplTypeNameTest
[ERROR] /tmp/dspot-experiments/dataset/javapoet/src/test/java/AmplTypeNameTest.java:[2036,28] cannot find symbol
[ERROR] symbol:   method isBoxedPrimitive()
[ERROR] location: class com.squareup.javapoet.AmplTypeNameTest
[ERROR] /tmp/dspot-experiments/dataset/javapoet/src/test/java/AmplTypeNameTest.java:[2039,28] cannot find symbol
[ERROR] symbol:   method isPrimitive()
[ERROR] location: class com.squareup.javapoet.AmplTypeNameTest
[ERROR] /tmp/dspot-experiments/dataset/javapoet/src/test/java/AmplTypeNameTest.java:[2040,28] cannot find symbol
[ERROR] symbol:   method isAnnotated()
[ERROR] location: class com.squareup.javapoet.AmplTypeNameTest
[ERROR] /tmp/dspot-experiments/dataset/javapoet/src/test/java/AmplTypeNameTest.java:[2041,28] cannot find symbol
[ERROR] symbol:   method isBoxedPrimitive()
[ERROR] location: class com.squareup.javapoet.AmplTypeNameTest
[ERROR] /tmp/dspot-experiments/dataset/javapoet/src/test/java/AmplTypeNameTest.java:[2044,28] cannot find symbol
[ERROR] symbol:   method isPrimitive()
[ERROR] location: class com.squareup.javapoet.AmplTypeNameTest
[ERROR] /tmp/dspot-experiments/dataset/javapoet/src/test/java/AmplTypeNameTest.java:[3795,28] cannot find symbol
[ERROR] symbol:   method isAnnotated()
[ERROR] location: class com.squareup.javapoet.AmplTypeNameTest
[ERROR] /tmp/dspot-experiments/dataset/javapoet/src/test/java/AmplTypeNameTest.java:[3796,28] cannot find symbol
[ERROR] symbol:   method isBoxedPrimitive()
[ERROR] location: class com.squareup.javapoet.AmplTypeNameTest
[ERROR] /tmp/dspot-experiments/dataset/javapoet/src/test/java/AmplTypeNameTest.java:[3799,28] cannot find symbol
[ERROR] symbol:   method isPrimitive()
[ERROR] location: class com.squareup.javapoet.AmplTypeNameTest
[ERROR] /tmp/dspot-experiments/dataset/javapoet/src/test/java/AmplTypeNameTest.java:[3801,28] cannot find symbol
[ERROR] symbol:   method isAnnotated()
[ERROR] location: class com.squareup.javapoet.AmplTypeNameTest
[ERROR] /tmp/dspot-experiments/dataset/javapoet/src/test/java/AmplTypeNameTest.java:[3802,28] cannot find symbol
[ERROR] symbol:   method isBoxedPrimitive()
[ERROR] location: class com.squareup.javapoet.AmplTypeNameTest
[ERROR] /tmp/dspot-experiments/dataset/javapoet/src/test/java/AmplTypeNameTest.java:[3805,28] cannot find symbol
[ERROR] symbol:   method isPrimitive()
[ERROR] location: class com.squareup.javapoet.AmplTypeNameTest
[ERROR] /tmp/dspot-experiments/dataset/javapoet/src/test/java/AmplTypeNameTest.java:[3807,28] cannot find symbol
[ERROR] symbol:   method isAnnotated()
[ERROR] location: class com.squareup.javapoet.AmplTypeNameTest
[ERROR] /tmp/dspot-experiments/dataset/javapoet/src/test/java/AmplTypeNameTest.java:[3808,28] cannot find symbol
[ERROR] symbol:   method isBoxedPrimitive()
[ERROR] location: class com.squareup.javapoet.AmplTypeNameTest
[ERROR] /tmp/dspot-experiments/dataset/javapoet/src/test/java/AmplTypeNameTest.java:[3811,28] cannot find symbol
[ERROR] symbol:   method isPrimitive()
[ERROR] location: class com.squareup.javapoet.AmplTypeNameTest
[ERROR] /tmp/dspot-experiments/dataset/javapoet/src/test/java/AmplTypeNameTest.java:[3814,28] cannot find symbol
[ERROR] symbol:   method isAnnotated()
[ERROR] location: class com.squareup.javapoet.AmplTypeNameTest
[ERROR] /tmp/dspot-experiments/dataset/javapoet/src/test/java/AmplTypeNameTest.java:[3815,28] cannot find symbol
[ERROR] symbol:   method isBoxedPrimitive()
[ERROR] location: class com.squareup.javapoet.AmplTypeNameTest
[ERROR] /tmp/dspot-experiments/dataset/javapoet/src/test/java/AmplTypeNameTest.java:[3818,28] cannot find symbol
[ERROR] symbol:   method isPrimitive()
[ERROR] location: class com.squareup.javapoet.AmplTypeNameTest
[ERROR] /tmp/dspot-experiments/dataset/javapoet/src/test/java/AmplTypeNameTest.java:[3819,28] cannot find symbol
[ERROR] symbol:   method isAnnotated()
[ERROR] location: class com.squareup.javapoet.AmplTypeNameTest
[ERROR] /tmp/dspot-experiments/dataset/javapoet/src/test/java/AmplTypeNameTest.java:[3820,28] cannot find symbol
[ERROR] symbol:   method isBoxedPrimitive()
[ERROR] location: class com.squareup.javapoet.AmplTypeNameTest
[ERROR] /tmp/dspot-experiments/dataset/javapoet/src/test/java/AmplTypeNameTest.java:[3823,28] cannot find symbol
[ERROR] symbol:   method isPrimitive()
[ERROR] location: class com.squareup.javapoet.AmplTypeNameTest
[ERROR] /tmp/dspot-experiments/dataset/javapoet/src/test/java/AmplTypeNameTest.java:[3824,28] cannot find symbol
[ERROR] symbol:   method isAnnotated()
[ERROR] location: class com.squareup.javapoet.AmplTypeNameTest
[ERROR] /tmp/dspot-experiments/dataset/javapoet/src/test/java/AmplTypeNameTest.java:[3825,28] cannot find symbol
[ERROR] symbol:   method isBoxedPrimitive()
[ERROR] location: class com.squareup.javapoet.AmplTypeNameTest
[ERROR] /tmp/dspot-experiments/dataset/javapoet/src/test/java/AmplTypeNameTest.java:[3828,28] cannot find symbol
[ERROR] symbol:   method isPrimitive()
[ERROR] location: class com.squareup.javapoet.AmplTypeNameTest
[ERROR] /tmp/dspot-experiments/dataset/javapoet/src/test/java/AmplTypeNameTest.java:[3829,28] cannot find symbol
[ERROR] symbol:   method isAnnotated()
[ERROR] location: class com.squareup.javapoet.AmplTypeNameTest
[ERROR] /tmp/dspot-experiments/dataset/javapoet/src/test/java/AmplTypeNameTest.java:[3830,28] cannot find symbol
[ERROR] symbol:   method isBoxedPrimitive()
[ERROR] location: class com.squareup.javapoet.AmplTypeNameTest
[ERROR] /tmp/dspot-experiments/dataset/javapoet/src/test/java/AmplTypeNameTest.java:[3833,28] cannot find symbol
[ERROR] symbol:   method isPrimitive()
[ERROR] location: class com.squareup.javapoet.AmplTypeNameTest
[ERROR] /tmp/dspot-experiments/dataset/javapoet/src/test/java/AmplTypeNameTest.java:[3856,28] cannot find symbol
[ERROR] symbol:   method isAnnotated()
[ERROR] location: class com.squareup.javapoet.AmplTypeNameTest
[ERROR] /tmp/dspot-experiments/dataset/javapoet/src/test/java/AmplTypeNameTest.java:[3857,28] cannot find symbol
[ERROR] symbol:   method isBoxedPrimitive()
[ERROR] location: class com.squareup.javapoet.AmplTypeNameTest
[ERROR] /tmp/dspot-experiments/dataset/javapoet/src/test/java/AmplTypeNameTest.java:[3860,28] cannot find symbol
[ERROR] symbol:   method isPrimitive()
[ERROR] location: class com.squareup.javapoet.AmplTypeNameTest
[ERROR] /tmp/dspot-experiments/dataset/javapoet/src/test/java/AmplTypeNameTest.java:[3862,28] cannot find symbol
[ERROR] symbol:   method isAnnotated()
[ERROR] location: class com.squareup.javapoet.AmplTypeNameTest
[ERROR] /tmp/dspot-experiments/dataset/javapoet/src/test/java/AmplTypeNameTest.java:[3863,28] cannot find symbol
[ERROR] symbol:   method isBoxedPrimitive()
[ERROR] location: class com.squareup.javapoet.AmplTypeNameTest
[ERROR] /tmp/dspot-experiments/dataset/javapoet/src/test/java/AmplTypeNameTest.java:[3866,28] cannot find symbol
[ERROR] symbol:   method isPrimitive()
[ERROR] location: class com.squareup.javapoet.AmplTypeNameTest
[ERROR] /tmp/dspot-experiments/dataset/javapoet/src/test/java/AmplTypeNameTest.java:[3868,28] cannot find symbol
[ERROR] symbol:   method isAnnotated()
[ERROR] location: class com.squareup.javapoet.AmplTypeNameTest
[ERROR] /tmp/dspot-experiments/dataset/javapoet/src/test/java/AmplTypeNameTest.java:[3869,28] cannot find symbol
[ERROR] symbol:   method isBoxedPrimitive()
[ERROR] location: class com.squareup.javapoet.AmplTypeNameTest
[ERROR] /tmp/dspot-experiments/dataset/javapoet/src/test/java/AmplTypeNameTest.java:[3872,28] cannot find symbol
[ERROR] symbol:   method isPrimitive()
[ERROR] location: class com.squareup.javapoet.AmplTypeNameTest
[ERROR] /tmp/dspot-experiments/dataset/javapoet/src/test/java/AmplTypeNameTest.java:[3875,28] cannot find symbol
[ERROR] symbol:   method isAnnotated()
[ERROR] location: class com.squareup.javapoet.AmplTypeNameTest
[ERROR] /tmp/dspot-experiments/dataset/javapoet/src/test/java/AmplTypeNameTest.java:[3876,28] cannot find symbol
[ERROR] symbol:   method isBoxedPrimitive()
[ERROR] location: class com.squareup.javapoet.AmplTypeNameTest
[ERROR] /tmp/dspot-experiments/dataset/javapoet/src/test/java/AmplTypeNameTest.java:[3879,28] cannot find symbol
[ERROR] symbol:   method isPrimitive()
[ERROR] location: class com.squareup.javapoet.AmplTypeNameTest
[ERROR] /tmp/dspot-experiments/dataset/javapoet/src/test/java/AmplTypeNameTest.java:[3880,28] cannot find symbol
[ERROR] symbol:   method isAnnotated()
[ERROR] location: class com.squareup.javapoet.AmplTypeNameTest
[ERROR] /tmp/dspot-experiments/dataset/javapoet/src/test/java/AmplTypeNameTest.java:[3881,28] cannot find symbol
[ERROR] symbol:   method isBoxedPrimitive()
[ERROR] location: class com.squareup.javapoet.AmplTypeNameTest
[ERROR] /tmp/dspot-experiments/dataset/javapoet/src/test/java/AmplTypeNameTest.java:[3884,28] cannot find symbol
[ERROR] symbol:   method isPrimitive()
[ERROR] location: class com.squareup.javapoet.AmplTypeNameTest
[ERROR] /tmp/dspot-experiments/dataset/javapoet/src/test/java/AmplTypeNameTest.java:[3885,28] cannot find symbol
[ERROR] symbol:   method isAnnotated()
[ERROR] location: class com.squareup.javapoet.AmplTypeNameTest
[ERROR] /tmp/dspot-experiments/dataset/javapoet/src/test/java/AmplTypeNameTest.java:[3886,28] cannot find symbol
[ERROR] symbol:   method isBoxedPrimitive()
[ERROR] location: class com.squareup.javapoet.AmplTypeNameTest
[ERROR] /tmp/dspot-experiments/dataset/javapoet/src/test/java/AmplTypeNameTest.java:[3889,28] cannot find symbol
[ERROR] symbol:   method isPrimitive()
[ERROR] location: class com.squareup.javapoet.AmplTypeNameTest
[ERROR] /tmp/dspot-experiments/dataset/javapoet/src/test/java/AmplTypeNameTest.java:[3890,28] cannot find symbol
[ERROR] symbol:   method isAnnotated()
[ERROR] location: class com.squareup.javapoet.AmplTypeNameTest
[ERROR] /tmp/dspot-experiments/dataset/javapoet/src/test/java/AmplTypeNameTest.java:[3891,28] cannot find symbol
[ERROR] symbol:   method isBoxedPrimitive()
[ERROR] location: class com.squareup.javapoet.AmplTypeNameTest
[ERROR] /tmp/dspot-experiments/dataset/javapoet/src/test/java/AmplTypeNameTest.java:[3894,28] cannot find symbol
[ERROR] symbol:   method isPrimitive()
[ERROR] location: class com.squareup.javapoet.AmplTypeNameTest
[ERROR] /tmp/dspot-experiments/dataset/javapoet/src/test/java/AmplTypeNameTest.java:[3902,28] cannot find symbol
[ERROR] symbol:   method isAnnotated()
[ERROR] location: class com.squareup.javapoet.AmplTypeNameTest
[ERROR] /tmp/dspot-experiments/dataset/javapoet/src/test/java/AmplTypeNameTest.java:[3903,28] cannot find symbol
[ERROR] symbol:   method isBoxedPrimitive()
[ERROR] location: class com.squareup.javapoet.AmplTypeNameTest
[ERROR] /tmp/dspot-experiments/dataset/javapoet/src/test/java/AmplTypeNameTest.java:[3906,28] cannot find symbol
[ERROR] symbol:   method isPrimitive()
[ERROR] location: class com.squareup.javapoet.AmplTypeNameTest
[ERROR] /tmp/dspot-experiments/dataset/javapoet/src/test/java/AmplTypeNameTest.java:[3909,28] cannot find symbol
[ERROR] symbol:   method isAnnotated()
[ERROR] location: class com.squareup.javapoet.AmplTypeNameTest
[ERROR] /tmp/dspot-experiments/dataset/javapoet/src/test/java/AmplTypeNameTest.java:[3910,28] cannot find symbol
[ERROR] symbol:   method isBoxedPrimitive()
[ERROR] location: class com.squareup.javapoet.AmplTypeNameTest
[ERROR] /tmp/dspot-experiments/dataset/javapoet/src/test/java/AmplTypeNameTest.java:[3913,28] cannot find symbol
[ERROR] symbol:   method isPrimitive()
[ERROR] location: class com.squareup.javapoet.AmplTypeNameTest
[ERROR] /tmp/dspot-experiments/dataset/javapoet/src/test/java/AmplTypeNameTest.java:[3915,28] cannot find symbol
[ERROR] symbol:   method isAnnotated()
[ERROR] location: class com.squareup.javapoet.AmplTypeNameTest
[ERROR] /tmp/dspot-experiments/dataset/javapoet/src/test/java/AmplTypeNameTest.java:[3916,28] cannot find symbol
[ERROR] symbol:   method isBoxedPrimitive()
[ERROR] location: class com.squareup.javapoet.AmplTypeNameTest
[ERROR] /tmp/dspot-experiments/dataset/javapoet/src/test/java/AmplTypeNameTest.java:[3919,28] cannot find symbol
[ERROR] symbol:   method isPrimitive()
[ERROR] location: class com.squareup.javapoet.AmplTypeNameTest
[ERROR] /tmp/dspot-experiments/dataset/javapoet/src/test/java/AmplTypeNameTest.java:[3921,28] cannot find symbol
[ERROR] symbol:   method isAnnotated()
[ERROR] location: class com.squareup.javapoet.AmplTypeNameTest
[ERROR] /tmp/dspot-experiments/dataset/javapoet/src/test/java/AmplTypeNameTest.java:[3922,28] cannot find symbol
[ERROR] symbol:   method isBoxedPrimitive()
[ERROR] location: class com.squareup.javapoet.AmplTypeNameTest
[ERROR] /tmp/dspot-experiments/dataset/javapoet/src/test/java/AmplTypeNameTest.java:[3925,28] cannot find symbol
[ERROR] symbol:   method isPrimitive()
[ERROR] location: class com.squareup.javapoet.AmplTypeNameTest
[ERROR] /tmp/dspot-experiments/dataset/javapoet/src/test/java/AmplTypeNameTest.java:[3926,28] cannot find symbol
[ERROR] symbol:   method isAnnotated()
[ERROR] location: class com.squareup.javapoet.AmplTypeNameTest
[ERROR] /tmp/dspot-experiments/dataset/javapoet/src/test/java/AmplTypeNameTest.java:[3927,28] cannot find symbol
[ERROR] symbol:   method isBoxedPrimitive()
[ERROR] location: class com.squareup.javapoet.AmplTypeNameTest
[ERROR] /tmp/dspot-experiments/dataset/javapoet/src/test/java/AmplTypeNameTest.java:[3930,28] cannot find symbol
[ERROR] symbol:   method isPrimitive()
[ERROR] location: class com.squareup.javapoet.AmplTypeNameTest
[ERROR] /tmp/dspot-experiments/dataset/javapoet/src/test/java/AmplTypeNameTest.java:[3931,28] cannot find symbol
[ERROR] symbol:   method isAnnotated()
[ERROR] location: class com.squareup.javapoet.AmplTypeNameTest
[ERROR] /tmp/dspot-experiments/dataset/javapoet/src/test/java/AmplTypeNameTest.java:[3932,28] cannot find symbol
[ERROR] symbol:   method isBoxedPrimitive()
[ERROR] location: class com.squareup.javapoet.AmplTypeNameTest
[ERROR] /tmp/dspot-experiments/dataset/javapoet/src/test/java/AmplTypeNameTest.java:[3935,28] cannot find symbol
[ERROR] symbol:   method isPrimitive()
[ERROR] location: class com.squareup.javapoet.AmplTypeNameTest
[ERROR] /tmp/dspot-experiments/dataset/javapoet/src/test/java/AmplTypeNameTest.java:[3936,28] cannot find symbol
[ERROR] symbol:   method isAnnotated()
[ERROR] location: class com.squareup.javapoet.AmplTypeNameTest
[ERROR] -> [Help 1]
[ERROR] 
[ERROR] To see the full stack trace of the errors, re-run Maven with the -e switch.
[ERROR] Re-run Maven using the -X switch to enable full debug logging.
[ERROR] 
[ERROR] For more information about the errors and possible solutions, please read the following articles:
[ERROR] [Help 1] http://cwiki.apache.org/confluence/display/MAVEN/MojoFailureException
