[INFO] 2019-05-01 10:50:20 RepositoriesSetter - {dataset/april-2019/jsoup} Cleaning local repository...
[INFO] 2019-05-01 10:50:20 RepositoriesSetter - Checkout 6be19a6fa26e6e5e3d716283bad4b5de0348a8b7 revision...
[INFO] 2019-05-01 10:50:21 RepositoriesSetter - {dataset/april-2019/jsoup_parent} Cleaning local repository...
[INFO] 2019-05-01 10:50:21 RepositoriesSetter - Checkout 77966f79996f3fc4c7828b4d02a926c071faf040 revision...
2019-05-06 16:42:57,390 INFO eu.stamp_project.dci.repositories.RepositoriesSetter - {dataset/april-2019/jsoup} Cleaning local repository...
2019-05-06 16:42:57,472 INFO eu.stamp_project.dci.repositories.RepositoriesSetter - Checkout 6be19a6fa26e6e5e3d716283bad4b5de0348a8b7 revision...
2019-05-06 16:42:57,521 INFO eu.stamp_project.dci.repositories.RepositoriesSetter - {dataset/april-2019/jsoup_parent} Cleaning local repository...
2019-05-06 16:42:57,538 INFO eu.stamp_project.dci.repositories.RepositoriesSetter - Checkout 77966f79996f3fc4c7828b4d02a926c071faf040 revision...
2019-05-07 21:10:51,011 INFO eu.stamp_project.dci.repositories.RepositoriesSetter - {dataset/april-2019/jsoup} Cleaning local repository...
2019-05-07 21:10:51,090 INFO eu.stamp_project.dci.repositories.RepositoriesSetter - Checkout 6be19a6fa26e6e5e3d716283bad4b5de0348a8b7 revision...
2019-05-07 21:10:51,135 INFO eu.stamp_project.dci.repositories.RepositoriesSetter - {dataset/april-2019/jsoup_parent} Cleaning local repository...
2019-05-07 21:10:51,150 INFO eu.stamp_project.dci.repositories.RepositoriesSetter - Checkout 77966f79996f3fc4c7828b4d02a926c071faf040 revision...
2019-05-10 00:02:27,628 INFO eu.stamp_project.dci.repositories.RepositoriesSetter - {dataset/april-2019/jsoup} Cleaning local repository...
2019-05-10 00:02:27,719 INFO eu.stamp_project.dci.repositories.RepositoriesSetter - Checkout 6be19a6fa26e6e5e3d716283bad4b5de0348a8b7 revision...
2019-05-10 00:02:27,764 INFO eu.stamp_project.dci.repositories.RepositoriesSetter - {dataset/april-2019/jsoup_parent} Cleaning local repository...
2019-05-10 00:02:27,779 INFO eu.stamp_project.dci.repositories.RepositoriesSetter - Checkout 77966f79996f3fc4c7828b4d02a926c071faf040 revision...
2019-05-13 19:17:06,010 INFO eu.stamp_project.dci.repositories.RepositoriesSetter - {dataset/april-2019/jsoup} Cleaning local repository...
2019-05-13 19:17:06,140 INFO eu.stamp_project.dci.repositories.RepositoriesSetter - Checkout 6be19a6fa26e6e5e3d716283bad4b5de0348a8b7 revision...
2019-05-13 19:17:06,210 INFO eu.stamp_project.dci.repositories.RepositoriesSetter - {dataset/april-2019/jsoup_parent} Cleaning local repository...
2019-05-13 19:17:06,240 INFO eu.stamp_project.dci.repositories.RepositoriesSetter - Checkout 77966f79996f3fc4c7828b4d02a926c071faf040 revision...
2019-05-14 11:31:12,922 INFO eu.stamp_project.dci.repositories.RepositoriesSetter - {dataset/april-2019/jsoup} Cleaning local repository...
2019-05-14 11:31:13,042 INFO eu.stamp_project.dci.repositories.RepositoriesSetter - Checkout 6be19a6fa26e6e5e3d716283bad4b5de0348a8b7 revision...
2019-05-14 11:31:13,100 INFO eu.stamp_project.dci.repositories.RepositoriesSetter - {dataset/april-2019/jsoup_parent} Cleaning local repository...
2019-05-14 11:31:13,123 INFO eu.stamp_project.dci.repositories.RepositoriesSetter - Checkout 77966f79996f3fc4c7828b4d02a926c071faf040 revision...
